Log file open, 01/23/21 16:05:25
LogWindows: Failed to load 'aqProf.dll' (GetLastError=126)
LogWindows: File 'aqProf.dll' does not exist
LogWindows: Failed to load 'VtuneApi.dll' (GetLastError=126)
LogWindows: File 'VtuneApi.dll' does not exist
LogWindows: Failed to load 'VtuneApi32e.dll' (GetLastError=126)
LogWindows: File 'VtuneApi32e.dll' does not exist
LogConsoleResponse: Display: Failed to find resolution value strings in scalability ini. Falling back to default.
LogInit: Display: Running engine for game: BuildingEscape
LogPakFile: Registered encryption key '00000000000000000000000000000000': 0 pak files mounted, 0 remain pending
LogPlatformFile: Not using cached read wrapper
LogTaskGraph: Started task graph with 5 named threads and 47 total threads with 3 sets of task threads.
LogStats: Stats thread started at 0.746194
LogD3D11RHI: Loaded GFSDK_Aftermath_Lib.x64.dll
LogICUInternationalization: ICU TimeZone Detection - Raw Offset: -5:00, Platform Override: ''
LogPluginManager: Mounting plugin Paper2D
LogPluginManager: Mounting plugin AISupport
LogPluginManager: Mounting plugin LightPropagationVolume
LogPluginManager: Mounting plugin ActorLayerUtilities
LogPluginManager: Mounting plugin AnimationSharing
LogPluginManager: Mounting plugin CLionSourceCodeAccess
LogPluginManager: Mounting plugin CodeLiteSourceCodeAccess
LogPluginManager: Mounting plugin GitSourceControl
LogPluginManager: Mounting plugin KDevelopSourceCodeAccess
LogPluginManager: Mounting plugin NullSourceCodeAccess
LogPluginManager: Mounting plugin PerforceSourceControl
LogPluginManager: Mounting plugin SubversionSourceControl
LogPluginManager: Mounting plugin UObjectPlugin
LogPluginManager: Mounting plugin VisualStudioCodeSourceCodeAccess
LogPluginManager: Mounting plugin VisualStudioSourceCodeAccess
LogPluginManager: Mounting plugin XCodeSourceCodeAccess
LogPluginManager: Mounting plugin AssetManagerEditor
LogPluginManager: Mounting plugin CryptoKeys
LogPluginManager: Mounting plugin DataValidation
LogPluginManager: Mounting plugin FacialAnimation
LogPluginManager: Mounting plugin GameplayTagsEditor
LogPluginManager: Mounting plugin MacGraphicsSwitching
LogPluginManager: Mounting plugin MaterialAnalyzer
LogPluginManager: Mounting plugin MobileLauncherProfileWizard
LogPluginManager: Mounting plugin PluginBrowser
LogPluginManager: Mounting plugin SpeedTreeImporter
LogPluginManager: Mounting plugin DatasmithContent
LogPluginManager: Mounting plugin VariantManagerContent
LogPluginManager: Mounting plugin AlembicImporter
LogPluginManager: Mounting plugin AppleImageUtils
LogPluginManager: Mounting plugin AppleVision
LogPluginManager: Mounting plugin BackChannel
LogPluginManager: Mounting plugin CharacterAI
LogPluginManager: Mounting plugin GeometryCache
LogPluginManager: Mounting plugin HTML5Networking
LogPluginManager: Mounting plugin ProxyLODPlugin
LogPluginManager: Mounting plugin SkeletalReduction
LogPluginManager: Mounting plugin MagicLeap
LogPluginManager: Mounting plugin MagicLeapMedia
LogPluginManager: Mounting plugin AndroidMedia
LogPluginManager: Mounting plugin AvfMedia
LogPluginManager: Mounting plugin ImgMedia
LogPluginManager: Mounting plugin LinearTimecode
LogPluginManager: Mounting plugin MediaCompositing
LogPluginManager: Mounting plugin MediaPlayerEditor
LogPluginManager: Mounting plugin WebMMedia
LogPluginManager: Mounting plugin WmfMedia
LogPluginManager: Mounting plugin TcpMessaging
LogPluginManager: Mounting plugin UdpMessaging
LogPluginManager: Mounting plugin ActorSequence
LogPluginManager: Mounting plugin LevelSequenceEditor
LogPluginManager: Mounting plugin MatineeToLevelSequence
LogPluginManager: Mounting plugin NetcodeUnitTest
LogPluginManager: Mounting plugin NUTUnrealEngine4
LogPluginManager: Mounting plugin OnlineSubsystemGooglePlay
LogPluginManager: Mounting plugin OnlineSubsystemIOS
LogPluginManager: Mounting plugin OnlineSubsystem
LogPluginManager: Mounting plugin OnlineSubsystemNull
LogPluginManager: Mounting plugin OnlineSubsystemUtils
LogPluginManager: Mounting plugin LauncherChunkInstaller
LogPluginManager: Mounting plugin AndroidDeviceProfileSelector
LogPluginManager: Mounting plugin AndroidMoviePlayer
LogPluginManager: Mounting plugin AndroidPermission
LogPluginManager: Mounting plugin AppleMoviePlayer
LogPluginManager: Mounting plugin ArchVisCharacter
LogPluginManager: Mounting plugin AudioCapture
LogPluginManager: Mounting plugin CableComponent
LogPluginManager: Mounting plugin CustomMeshComponent
LogPluginManager: Mounting plugin EditableMesh
LogPluginManager: Mounting plugin ExampleDeviceProfileSelector
LogPluginManager: Mounting plugin Firebase
LogPluginManager: Mounting plugin GoogleCloudMessaging
LogPluginManager: Mounting plugin IOSDeviceProfileSelector
LogPluginManager: Mounting plugin LinuxDeviceProfileSelector
LogPluginManager: Mounting plugin LocationServicesBPLibrary
LogPluginManager: Mounting plugin MobilePatchingUtils
LogPluginManager: Mounting plugin OculusVR
LogPluginManager: Mounting plugin PhysXVehicles
LogPluginManager: Mounting plugin ProceduralMeshComponent
LogPluginManager: Mounting plugin RuntimePhysXCooking
LogPluginManager: Mounting plugin SignificanceManager
LogPluginManager: Mounting plugin SteamVR
LogPluginManager: Mounting plugin WebMMoviePlayer
LogPluginManager: Mounting plugin WindowsMoviePlayer
LogInit: Using libcurl 7.55.1-DEV
LogInit:  - built for x86_64-pc-win32
LogInit:  - supports SSL with OpenSSL/1.1.1
LogInit:  - supports HTTP deflate (compression) using libz 1.2.8
LogInit:  - other features:
LogInit:      CURL_VERSION_SSL
LogInit:      CURL_VERSION_LIBZ
LogInit:      CURL_VERSION_IPV6
LogInit:      CURL_VERSION_ASYNCHDNS
LogInit:      CURL_VERSION_LARGEFILE
LogInit:      CURL_VERSION_IDN
LogInit:  CurlRequestOptions (configurable via config and command line):
LogInit:  - bVerifyPeer = true  - Libcurl will verify peer certificate
LogInit:  - bUseHttpProxy = false  - Libcurl will NOT use HTTP proxy
LogInit:  - bDontReuseConnections = false  - Libcurl will reuse connections
LogInit:  - MaxHostConnections = 16  - Libcurl will limit the number of connections to a host
LogInit:  - LocalHostAddr = Default
LogInit:  - BufferSize = 65536
LogInit: WinSock: version 1.1 (2.2), MaxSocks=32767, MaxUdp=65467
LogInit: Build: ++UE4+Release-4.22-CL-7053642
LogInit: Engine Version: 4.22.3-7053642+++UE4+Release-4.22
LogInit: Compatible Engine Version: 4.22.0-5660361+++UE4+Release-4.22
LogInit: Net CL: 5660361
LogInit: OS: Windows 10 (Release 2004) (), CPU: AMD Ryzen 7 3700X 8-Core Processor             , GPU: AMD Radeon R9 260
LogInit: Compiled (64-bit): Jun 18 2019 03:09:11
LogInit: Compiled with Visual C++: 19.16.27025.01
LogInit: Build Configuration: Development
LogInit: Branch Name: ++UE4+Release-4.22
LogInit: Command Line: 
LogInit: Base Directory: C:/Program Files/Epic Games/UE_4.22/Engine/Binaries/Win64/
LogInit: Installed Engine Build: 1
LogDevObjectVersion: Number of dev versions registered: 23
LogDevObjectVersion:   Dev-Blueprints (B0D832E4-1F89-4F0D-ACCF-7EB736FD4AA2): 10
LogDevObjectVersion:   Dev-Build (E1C64328-A22C-4D53-A36C-8E866417BD8C): 0
LogDevObjectVersion:   Dev-Core (375EC13C-06E4-48FB-B500-84F0262A717E): 3
LogDevObjectVersion:   Dev-Editor (E4B068ED-F494-42E9-A231-DA0B2E46BB41): 30
LogDevObjectVersion:   Dev-Framework (CFFC743F-43B0-4480-9391-14DF171D2073): 35
LogDevObjectVersion:   Dev-Mobile (B02B49B5-BB20-44E9-A304-32B752E40360): 2
LogDevObjectVersion:   Dev-Networking (A4E4105C-59A1-49B5-A7C5-40C4547EDFEE): 0
LogDevObjectVersion:   Dev-Online (39C831C9-5AE6-47DC-9A44-9C173E1C8E7C): 0
LogDevObjectVersion:   Dev-Physics (78F01B33-EBEA-4F98-B9B4-84EACCB95AA2): 0
LogDevObjectVersion:   Dev-Platform (6631380F-2D4D-43E0-8009-CF276956A95A): 0
LogDevObjectVersion:   Dev-Rendering (12F88B9F-8875-4AFC-A67C-D90C383ABD29): 28
LogDevObjectVersion:   Dev-Sequencer (7B5AE74C-D270-4C10-A958-57980B212A5A): 11
LogDevObjectVersion:   Dev-VR (D7296918-1DD6-4BDD-9DE2-64A83CC13884): 2
LogDevObjectVersion:   Dev-LoadTimes (C2A15278-BFE7-4AFE-6C17-90FF531DF755): 1
LogDevObjectVersion:   Private-Geometry (6EACA3D4-40EC-4CC1-B786-8BED09428FC5): 3
LogDevObjectVersion:   Dev-AnimPhys (29E575DD-E0A3-4627-9D10-D276232CDCEA): 17
LogDevObjectVersion:   Dev-Anim (AF43A65D-7FD3-4947-9873-3E8ED9C1BB05): 2
LogDevObjectVersion:   Dev-ReflectionCapture (6B266CEC-1EC7-4B8F-A30B-E4D90942FC07): 1
LogDevObjectVersion:   Dev-Automation (0DF73D61-A23F-47EA-B727-89E90C41499A): 1
LogDevObjectVersion:   FortniteMain (601D1886-AC64-4F84-AA16-D3DE0DEAC7D6): 25
LogDevObjectVersion:   Dev-Enterprise (9DFFBCD6-494F-0158-E221-12823C92A888): 6
LogDevObjectVersion:   Dev-Niagara (F2AED0AC-9AFE-416F-8664-AA7FFA26D6FC): 1
LogDevObjectVersion:   Dev-Destruction (174F1F0B-B4C6-45A5-B13F-2EE8D0FB917D): 2
LogInit: Presizing for max 16777216 objects, including 0 objects not considered by GC, pre-allocating 0 bytes for permanent pool.
LogInit: Object subsystem initialized
LogConfig: Setting CVar [[con.DebugEarlyDefault:1]]
LogConfig: Setting CVar [[r.setres:1280x720]]
[2021.01.23-21.05.25:677][  0]LogConfig: Setting CVar [[r.VSync:0]]
[2021.01.23-21.05.25:677][  0]LogConfig: Setting CVar [[r.RHICmdBypass:0]]
[2021.01.23-21.05.25:677][  0]LogConfig: Applying CVar settings from Section [/Script/Engine.RendererSettings] File [C:/Users/Mirza/Unreal-Learning-Demo/Unreal-Learning-Demo/Hameds Code/Section 3/BuildingEscape2/Saved/Config/Windows/Engine.ini]
[2021.01.23-21.05.25:677][  0]LogConfig: Setting CVar [[r.GPUCrashDebugging:0]]
[2021.01.23-21.05.25:677][  0]LogConfig: Setting CVar [[r.DefaultFeature.AutoExposure.ExtendDefaultLuminanceRange:1]]
[2021.01.23-21.05.25:677][  0]LogConfig: Applying CVar settings from Section [/Script/Engine.RendererOverrideSettings] File [C:/Users/Mirza/Unreal-Learning-Demo/Unreal-Learning-Demo/Hameds Code/Section 3/BuildingEscape2/Saved/Config/Windows/Engine.ini]
[2021.01.23-21.05.25:677][  0]LogConfig: Applying CVar settings from Section [/Script/Engine.StreamingSettings] File [C:/Users/Mirza/Unreal-Learning-Demo/Unreal-Learning-Demo/Hameds Code/Section 3/BuildingEscape2/Saved/Config/Windows/Engine.ini]
[2021.01.23-21.05.25:678][  0]LogConfig: Setting CVar [[s.MinBulkDataSizeForAsyncLoading:131072]]
[2021.01.23-21.05.25:678][  0]LogConfig: Setting CVar [[s.AsyncLoadingThreadEnabled:0]]
[2021.01.23-21.05.25:678][  0]LogConfig: Setting CVar [[s.EventDrivenLoaderEnabled:1]]
[2021.01.23-21.05.25:678][  0]LogConfig: Setting CVar [[s.WarnIfTimeLimitExceeded:0]]
[2021.01.23-21.05.25:678][  0]LogConfig: Setting CVar [[s.TimeLimitExceededMultiplier:1.5]]
[2021.01.23-21.05.25:678][  0]LogConfig: Setting CVar [[s.TimeLimitExceededMinTime:0.005]]
[2021.01.23-21.05.25:678][  0]LogConfig: Setting CVar [[s.UseBackgroundLevelStreaming:1]]
[2021.01.23-21.05.25:678][  0]LogConfig: Setting CVar [[s.PriorityAsyncLoadingExtraTime:15.0]]
[2021.01.23-21.05.25:678][  0]LogConfig: Setting CVar [[s.LevelStreamingActorsUpdateTimeLimit:5.0]]
[2021.01.23-21.05.25:678][  0]LogConfig: Setting CVar [[s.PriorityLevelStreamingActorsUpdateExtraTime:5.0]]
[2021.01.23-21.05.25:678][  0]LogConfig: Setting CVar [[s.LevelStreamingComponentsRegistrationGranularity:10]]
[2021.01.23-21.05.25:678][  0]LogConfig: Setting CVar [[s.UnregisterComponentsTimeLimit:1.0]]
[2021.01.23-21.05.25:678][  0]LogConfig: Setting CVar [[s.LevelStreamingComponentsUnregistrationGranularity:5]]
[2021.01.23-21.05.25:678][  0]LogConfig: Applying CVar settings from Section [/Script/Engine.GarbageCollectionSettings] File [C:/Users/Mirza/Unreal-Learning-Demo/Unreal-Learning-Demo/Hameds Code/Section 3/BuildingEscape2/Saved/Config/Windows/Engine.ini]
[2021.01.23-21.05.25:678][  0]LogConfig: Setting CVar [[gc.MaxObjectsNotConsideredByGC:1]]
[2021.01.23-21.05.25:678][  0]LogConfig: Setting CVar [[gc.SizeOfPermanentObjectPool:0]]
[2021.01.23-21.05.25:678][  0]LogConfig: Setting CVar [[gc.FlushStreamingOnGC:0]]
[2021.01.23-21.05.25:678][  0]LogConfig: Setting CVar [[gc.NumRetriesBeforeForcingGC:10]]
[2021.01.23-21.05.25:678][  0]LogConfig: Setting CVar [[gc.AllowParallelGC:1]]
[2021.01.23-21.05.25:678][  0]LogConfig: Setting CVar [[gc.TimeBetweenPurgingPendingKillObjects:61.1]]
[2021.01.23-21.05.25:678][  0]LogConfig: Setting CVar [[gc.MaxObjectsInEditor:16777216]]
[2021.01.23-21.05.25:678][  0]LogConfig: Setting CVar [[gc.IncrementalBeginDestroyEnabled:1]]
[2021.01.23-21.05.25:678][  0]LogConfig: Setting CVar [[gc.CreateGCClusters:1]]
[2021.01.23-21.05.25:678][  0]LogConfig: Setting CVar [[gc.MinGCClusterSize:5]]
[2021.01.23-21.05.25:678][  0]LogConfig: Setting CVar [[gc.ActorClusteringEnabled:0]]
[2021.01.23-21.05.25:678][  0]LogConfig: Setting CVar [[gc.BlueprintClusteringEnabled:0]]
[2021.01.23-21.05.25:678][  0]LogConfig: Setting CVar [[gc.UseDisregardForGCOnDedicatedServers:0]]
[2021.01.23-21.05.25:678][  0]LogConfig: Applying CVar settings from Section [/Script/Engine.NetworkSettings] File [C:/Users/Mirza/Unreal-Learning-Demo/Unreal-Learning-Demo/Hameds Code/Section 3/BuildingEscape2/Saved/Config/Windows/Engine.ini]
[2021.01.23-21.05.25:678][  0]LogConfig: Applying CVar settings from Section [/Script/UnrealEd.CookerSettings] File [C:/Users/Mirza/Unreal-Learning-Demo/Unreal-Learning-Demo/Hameds Code/Section 3/BuildingEscape2/Saved/Config/Windows/Engine.ini]
[2021.01.23-21.05.25:681][  0]LogConfig: Applying CVar settings from Section [ViewDistanceQuality@3] File [C:/Users/Mirza/Unreal-Learning-Demo/Unreal-Learning-Demo/Hameds Code/Section 3/BuildingEscape2/Saved/Config/Windows/Scalability.ini]
[2021.01.23-21.05.25:681][  0]LogConfig: Setting CVar [[r.SkeletalMeshLODBias:0]]
[2021.01.23-21.05.25:681][  0]LogConfig: Setting CVar [[r.ViewDistanceScale:1.0]]
[2021.01.23-21.05.25:681][  0]LogConfig: Applying CVar settings from Section [AntiAliasingQuality@3] File [C:/Users/Mirza/Unreal-Learning-Demo/Unreal-Learning-Demo/Hameds Code/Section 3/BuildingEscape2/Saved/Config/Windows/Scalability.ini]
[2021.01.23-21.05.25:681][  0]LogConfig: Setting CVar [[r.PostProcessAAQuality:4]]
[2021.01.23-21.05.25:681][  0]LogConfig: Applying CVar settings from Section [ShadowQuality@3] File [C:/Users/Mirza/Unreal-Learning-Demo/Unreal-Learning-Demo/Hameds Code/Section 3/BuildingEscape2/Saved/Config/Windows/Scalability.ini]
[2021.01.23-21.05.25:681][  0]LogConfig: Setting CVar [[r.LightFunctionQuality:1]]
[2021.01.23-21.05.25:681][  0]LogConfig: Setting CVar [[r.ShadowQuality:5]]
[2021.01.23-21.05.25:682][  0]LogConfig: Setting CVar [[r.Shadow.CSM.MaxCascades:10]]
[2021.01.23-21.05.25:682][  0]LogConfig: Setting CVar [[r.Shadow.MaxResolution:2048]]
[2021.01.23-21.05.25:682][  0]LogConfig: Setting CVar [[r.Shadow.MaxCSMResolution:2048]]
[2021.01.23-21.05.25:682][  0]LogConfig: Setting CVar [[r.Shadow.RadiusThreshold:0.01]]
[2021.01.23-21.05.25:682][  0]LogConfig: Setting CVar [[r.Shadow.DistanceScale:1.0]]
[2021.01.23-21.05.25:682][  0]LogConfig: Setting CVar [[r.Shadow.CSM.TransitionScale:1.0]]
[2021.01.23-21.05.25:682][  0]LogConfig: Setting CVar [[r.Shadow.PreShadowResolutionFactor:1.0]]
[2021.01.23-21.05.25:682][  0]LogConfig: Setting CVar [[r.DistanceFieldShadowing:1]]
[2021.01.23-21.05.25:682][  0]LogConfig: Setting CVar [[r.DistanceFieldAO:1]]
[2021.01.23-21.05.25:682][  0]LogConfig: Setting CVar [[r.AOQuality:2]]
[2021.01.23-21.05.25:682][  0]LogConfig: Setting CVar [[r.VolumetricFog:1]]
[2021.01.23-21.05.25:682][  0]LogConfig: Setting CVar [[r.VolumetricFog.GridPixelSize:8]]
[2021.01.23-21.05.25:682][  0]LogConfig: Setting CVar [[r.VolumetricFog.GridSizeZ:128]]
[2021.01.23-21.05.25:682][  0]LogConfig: Setting CVar [[r.VolumetricFog.HistoryMissSupersampleCount:4]]
[2021.01.23-21.05.25:682][  0]LogConfig: Setting CVar [[r.LightMaxDrawDistanceScale:1]]
[2021.01.23-21.05.25:682][  0]LogConfig: Setting CVar [[r.CapsuleShadows:1]]
[2021.01.23-21.05.25:682][  0]LogConfig: Applying CVar settings from Section [PostProcessQuality@3] File [C:/Users/Mirza/Unreal-Learning-Demo/Unreal-Learning-Demo/Hameds Code/Section 3/BuildingEscape2/Saved/Config/Windows/Scalability.ini]
[2021.01.23-21.05.25:682][  0]LogConfig: Setting CVar [[r.MotionBlurQuality:4]]
[2021.01.23-21.05.25:682][  0]LogConfig: Setting CVar [[r.AmbientOcclusionMipLevelFactor:0.4]]
[2021.01.23-21.05.25:682][  0]LogConfig: Setting CVar [[r.AmbientOcclusionMaxQuality:100]]
[2021.01.23-21.05.25:682][  0]LogConfig: Setting CVar [[r.AmbientOcclusionLevels:-1]]
[2021.01.23-21.05.25:682][  0]LogConfig: Setting CVar [[r.AmbientOcclusionRadiusScale:1.0]]
[2021.01.23-21.05.25:682][  0]LogConfig: Setting CVar [[r.DepthOfFieldQuality:2]]
[2021.01.23-21.05.25:682][  0]LogConfig: Setting CVar [[r.RenderTargetPoolMin:400]]
[2021.01.23-21.05.25:682][  0]LogConfig: Setting CVar [[r.LensFlareQuality:2]]
[2021.01.23-21.05.25:682][  0]LogConfig: Setting CVar [[r.SceneColorFringeQuality:1]]
[2021.01.23-21.05.25:682][  0]LogConfig: Setting CVar [[r.EyeAdaptationQuality:2]]
[2021.01.23-21.05.25:682][  0]LogConfig: Setting CVar [[r.BloomQuality:5]]
[2021.01.23-21.05.25:682][  0]LogConfig: Setting CVar [[r.FastBlurThreshold:100]]
[2021.01.23-21.05.25:682][  0]LogConfig: Setting CVar [[r.Upscale.Quality:3]]
[2021.01.23-21.05.25:682][  0]LogConfig: Setting CVar [[r.Tonemapper.GrainQuantization:1]]
[2021.01.23-21.05.25:682][  0]LogConfig: Setting CVar [[r.LightShaftQuality:1]]
[2021.01.23-21.05.25:682][  0]LogConfig: Setting CVar [[r.Filter.SizeScale:1]]
[2021.01.23-21.05.25:682][  0]LogConfig: Setting CVar [[r.Tonemapper.Quality:5]]
[2021.01.23-21.05.25:682][  0]LogConfig: Setting CVar [[r.DOF.Gather.AccumulatorQuality:1        ; higher gathering accumulator quality]]
[2021.01.23-21.05.25:682][  0]LogConfig: Setting CVar [[r.DOF.Gather.PostfilterMethod:1          ; Median3x3 postfilering method]]
[2021.01.23-21.05.25:682][  0]LogConfig: Setting CVar [[r.DOF.Gather.EnableBokehSettings:0       ; no bokeh simulation when gathering]]
[2021.01.23-21.05.25:682][  0]LogConfig: Setting CVar [[r.DOF.Gather.RingCount:4                 ; medium number of samples when gathering]]
[2021.01.23-21.05.25:682][  0]LogConfig: Setting CVar [[r.DOF.Scatter.ForegroundCompositing:1    ; additive foreground scattering]]
[2021.01.23-21.05.25:682][  0]LogConfig: Setting CVar [[r.DOF.Scatter.BackgroundCompositing:2    ; additive background scattering]]
[2021.01.23-21.05.25:682][  0]LogConfig: Setting CVar [[r.DOF.Scatter.EnableBokehSettings:1      ; bokeh simulation when scattering]]
[2021.01.23-21.05.25:682][  0]LogConfig: Setting CVar [[r.DOF.Scatter.MaxSpriteRatio:0.1         ; only a maximum of 10% of scattered bokeh]]
[2021.01.23-21.05.25:682][  0]LogConfig: Setting CVar [[r.DOF.Recombine.Quality:1                ; cheap slight out of focus]]
[2021.01.23-21.05.25:682][  0]LogConfig: Setting CVar [[r.DOF.Recombine.EnableBokehSettings:0    ; no bokeh simulation on slight out of focus]]
[2021.01.23-21.05.25:682][  0]LogConfig: Setting CVar [[r.DOF.TemporalAAQuality:1                ; more stable temporal accumulation]]
[2021.01.23-21.05.25:682][  0]LogConfig: Setting CVar [[r.DOF.Kernel.MaxForegroundRadius:0.025]]
[2021.01.23-21.05.25:682][  0]LogConfig: Setting CVar [[r.DOF.Kernel.MaxBackgroundRadius:0.025]]
[2021.01.23-21.05.25:682][  0]LogConfig: Applying CVar settings from Section [TextureQuality@3] File [C:/Users/Mirza/Unreal-Learning-Demo/Unreal-Learning-Demo/Hameds Code/Section 3/BuildingEscape2/Saved/Config/Windows/Scalability.ini]
[2021.01.23-21.05.25:682][  0]LogConfig: Setting CVar [[r.Streaming.MipBias:0]]
[2021.01.23-21.05.25:682][  0]LogConfig: Setting CVar [[r.Streaming.AmortizeCPUToGPUCopy:0]]
[2021.01.23-21.05.25:682][  0]LogConfig: Setting CVar [[r.Streaming.MaxNumTexturesToStreamPerFrame:0]]
[2021.01.23-21.05.25:682][  0]LogConfig: Setting CVar [[r.Streaming.Boost:1]]
[2021.01.23-21.05.25:682][  0]LogConfig: Setting CVar [[r.MaxAnisotropy:8]]
[2021.01.23-21.05.25:682][  0]LogConfig: Setting CVar [[r.Streaming.LimitPoolSizeToVRAM:0]]
[2021.01.23-21.05.25:682][  0]LogConfig: Setting CVar [[r.Streaming.PoolSize:1000]]
[2021.01.23-21.05.25:682][  0]LogConfig: Setting CVar [[r.Streaming.MaxEffectiveScreenSize:0]]
[2021.01.23-21.05.25:682][  0]LogConfig: Applying CVar settings from Section [EffectsQuality@3] File [C:/Users/Mirza/Unreal-Learning-Demo/Unreal-Learning-Demo/Hameds Code/Section 3/BuildingEscape2/Saved/Config/Windows/Scalability.ini]
[2021.01.23-21.05.25:682][  0]LogConfig: Setting CVar [[r.TranslucencyLightingVolumeDim:64]]
[2021.01.23-21.05.25:682][  0]LogConfig: Setting CVar [[r.RefractionQuality:2]]
[2021.01.23-21.05.25:682][  0]LogConfig: Setting CVar [[r.SSR.Quality:3]]
[2021.01.23-21.05.25:682][  0]LogConfig: Setting CVar [[r.SceneColorFormat:4]]
[2021.01.23-21.05.25:682][  0]LogConfig: Setting CVar [[r.DetailMode:2]]
[2021.01.23-21.05.25:682][  0]LogConfig: Setting CVar [[r.TranslucencyVolumeBlur:1]]
[2021.01.23-21.05.25:682][  0]LogConfig: Setting CVar [[r.MaterialQualityLevel:1 ; High quality]]
[2021.01.23-21.05.25:682][  0]LogConfig: Setting CVar [[r.SSS.Scale:1]]
[2021.01.23-21.05.25:682][  0]LogConfig: Setting CVar [[r.SSS.SampleSet:2]]
[2021.01.23-21.05.25:682][  0]LogConfig: Setting CVar [[r.SSS.Quality:1]]
[2021.01.23-21.05.25:682][  0]LogConfig: Setting CVar [[r.SSS.HalfRes:1]]
[2021.01.23-21.05.25:682][  0]LogConfig: Setting CVar [[r.EmitterSpawnRateScale:1.0]]
[2021.01.23-21.05.25:682][  0]LogConfig: Setting CVar [[r.ParticleLightQuality:2]]
[2021.01.23-21.05.25:682][  0]LogConfig: Applying CVar settings from Section [FoliageQuality@3] File [C:/Users/Mirza/Unreal-Learning-Demo/Unreal-Learning-Demo/Hameds Code/Section 3/BuildingEscape2/Saved/Config/Windows/Scalability.ini]
[2021.01.23-21.05.25:682][  0]LogConfig: Setting CVar [[foliage.DensityScale:1.0]]
[2021.01.23-21.05.25:682][  0]LogConfig: Setting CVar [[grass.DensityScale:1.0]]
[2021.01.23-21.05.25:682][  0]LogInit: Selected Device Profile: [Windows]
[2021.01.23-21.05.25:682][  0]LogInit: Applying CVar settings loaded from the selected device profile: [Windows]
[2021.01.23-21.05.25:690][  0]LogHAL: Display: Platform has ~ 16 GB [17086349312 / 17179869184 / 16], which maps to Larger [LargestMinGB=32, LargerMinGB=12, DefaultMinGB=8, SmallerMinGB=6, SmallestMinGB=0)
[2021.01.23-21.05.25:690][  0]LogConfig: Setting CVar [[r.Vulkan.UseRealUBs:0		; Required until we fix HLR fall-out]]
[2021.01.23-21.05.25:690][  0]LogInit: Going up to parent DeviceProfile []
[2021.01.23-21.05.25:690][  0]LogConfig: Applying CVar settings from Section [ViewDistanceQuality@3] File [C:/Users/Mirza/Unreal-Learning-Demo/Unreal-Learning-Demo/Hameds Code/Section 3/BuildingEscape2/Saved/Config/Windows/Scalability.ini]
[2021.01.23-21.05.25:690][  0]LogConfig: Setting CVar [[r.SkeletalMeshLODBias:0]]
[2021.01.23-21.05.25:690][  0]LogConfig: Setting CVar [[r.ViewDistanceScale:1.0]]
[2021.01.23-21.05.25:690][  0]LogConfig: Applying CVar settings from Section [AntiAliasingQuality@3] File [C:/Users/Mirza/Unreal-Learning-Demo/Unreal-Learning-Demo/Hameds Code/Section 3/BuildingEscape2/Saved/Config/Windows/Scalability.ini]
[2021.01.23-21.05.25:690][  0]LogConfig: Setting CVar [[r.PostProcessAAQuality:4]]
[2021.01.23-21.05.25:690][  0]LogConfig: Applying CVar settings from Section [ShadowQuality@3] File [C:/Users/Mirza/Unreal-Learning-Demo/Unreal-Learning-Demo/Hameds Code/Section 3/BuildingEscape2/Saved/Config/Windows/Scalability.ini]
[2021.01.23-21.05.25:690][  0]LogConfig: Setting CVar [[r.LightFunctionQuality:1]]
[2021.01.23-21.05.25:690][  0]LogConfig: Setting CVar [[r.ShadowQuality:5]]
[2021.01.23-21.05.25:690][  0]LogConfig: Setting CVar [[r.Shadow.CSM.MaxCascades:10]]
[2021.01.23-21.05.25:690][  0]LogConfig: Setting CVar [[r.Shadow.MaxResolution:2048]]
[2021.01.23-21.05.25:690][  0]LogConfig: Setting CVar [[r.Shadow.MaxCSMResolution:2048]]
[2021.01.23-21.05.25:690][  0]LogConfig: Setting CVar [[r.Shadow.RadiusThreshold:0.01]]
[2021.01.23-21.05.25:690][  0]LogConfig: Setting CVar [[r.Shadow.DistanceScale:1.0]]
[2021.01.23-21.05.25:690][  0]LogConfig: Setting CVar [[r.Shadow.CSM.TransitionScale:1.0]]
[2021.01.23-21.05.25:690][  0]LogConfig: Setting CVar [[r.Shadow.PreShadowResolutionFactor:1.0]]
[2021.01.23-21.05.25:690][  0]LogConfig: Setting CVar [[r.DistanceFieldShadowing:1]]
[2021.01.23-21.05.25:690][  0]LogConfig: Setting CVar [[r.DistanceFieldAO:1]]
[2021.01.23-21.05.25:690][  0]LogConfig: Setting CVar [[r.AOQuality:2]]
[2021.01.23-21.05.25:690][  0]LogConfig: Setting CVar [[r.VolumetricFog:1]]
[2021.01.23-21.05.25:690][  0]LogConfig: Setting CVar [[r.VolumetricFog.GridPixelSize:8]]
[2021.01.23-21.05.25:690][  0]LogConfig: Setting CVar [[r.VolumetricFog.GridSizeZ:128]]
[2021.01.23-21.05.25:690][  0]LogConfig: Setting CVar [[r.VolumetricFog.HistoryMissSupersampleCount:4]]
[2021.01.23-21.05.25:690][  0]LogConfig: Setting CVar [[r.LightMaxDrawDistanceScale:1]]
[2021.01.23-21.05.25:690][  0]LogConfig: Setting CVar [[r.CapsuleShadows:1]]
[2021.01.23-21.05.25:690][  0]LogConfig: Applying CVar settings from Section [PostProcessQuality@3] File [C:/Users/Mirza/Unreal-Learning-Demo/Unreal-Learning-Demo/Hameds Code/Section 3/BuildingEscape2/Saved/Config/Windows/Scalability.ini]
[2021.01.23-21.05.25:690][  0]LogConfig: Setting CVar [[r.MotionBlurQuality:4]]
[2021.01.23-21.05.25:690][  0]LogConfig: Setting CVar [[r.AmbientOcclusionMipLevelFactor:0.4]]
[2021.01.23-21.05.25:690][  0]LogConfig: Setting CVar [[r.AmbientOcclusionMaxQuality:100]]
[2021.01.23-21.05.25:690][  0]LogConfig: Setting CVar [[r.AmbientOcclusionLevels:-1]]
[2021.01.23-21.05.25:690][  0]LogConfig: Setting CVar [[r.AmbientOcclusionRadiusScale:1.0]]
[2021.01.23-21.05.25:690][  0]LogConfig: Setting CVar [[r.DepthOfFieldQuality:2]]
[2021.01.23-21.05.25:690][  0]LogConfig: Setting CVar [[r.RenderTargetPoolMin:400]]
[2021.01.23-21.05.25:690][  0]LogConfig: Setting CVar [[r.LensFlareQuality:2]]
[2021.01.23-21.05.25:690][  0]LogConfig: Setting CVar [[r.SceneColorFringeQuality:1]]
[2021.01.23-21.05.25:690][  0]LogConfig: Setting CVar [[r.EyeAdaptationQuality:2]]
[2021.01.23-21.05.25:690][  0]LogConfig: Setting CVar [[r.BloomQuality:5]]
[2021.01.23-21.05.25:690][  0]LogConfig: Setting CVar [[r.FastBlurThreshold:100]]
[2021.01.23-21.05.25:690][  0]LogConfig: Setting CVar [[r.Upscale.Quality:3]]
[2021.01.23-21.05.25:690][  0]LogConfig: Setting CVar [[r.Tonemapper.GrainQuantization:1]]
[2021.01.23-21.05.25:690][  0]LogConfig: Setting CVar [[r.LightShaftQuality:1]]
[2021.01.23-21.05.25:690][  0]LogConfig: Setting CVar [[r.Filter.SizeScale:1]]
[2021.01.23-21.05.25:690][  0]LogConfig: Setting CVar [[r.Tonemapper.Quality:5]]
[2021.01.23-21.05.25:690][  0]LogConfig: Setting CVar [[r.DOF.Gather.AccumulatorQuality:1        ; higher gathering accumulator quality]]
[2021.01.23-21.05.25:690][  0]LogConfig: Setting CVar [[r.DOF.Gather.PostfilterMethod:1          ; Median3x3 postfilering method]]
[2021.01.23-21.05.25:690][  0]LogConfig: Setting CVar [[r.DOF.Gather.EnableBokehSettings:0       ; no bokeh simulation when gathering]]
[2021.01.23-21.05.25:690][  0]LogConfig: Setting CVar [[r.DOF.Gather.RingCount:4                 ; medium number of samples when gathering]]
[2021.01.23-21.05.25:691][  0]LogConfig: Setting CVar [[r.DOF.Scatter.ForegroundCompositing:1    ; additive foreground scattering]]
[2021.01.23-21.05.25:691][  0]LogConfig: Setting CVar [[r.DOF.Scatter.BackgroundCompositing:2    ; additive background scattering]]
[2021.01.23-21.05.25:691][  0]LogConfig: Setting CVar [[r.DOF.Scatter.EnableBokehSettings:1      ; bokeh simulation when scattering]]
[2021.01.23-21.05.25:691][  0]LogConfig: Setting CVar [[r.DOF.Scatter.MaxSpriteRatio:0.1         ; only a maximum of 10% of scattered bokeh]]
[2021.01.23-21.05.25:691][  0]LogConfig: Setting CVar [[r.DOF.Recombine.Quality:1                ; cheap slight out of focus]]
[2021.01.23-21.05.25:691][  0]LogConfig: Setting CVar [[r.DOF.Recombine.EnableBokehSettings:0    ; no bokeh simulation on slight out of focus]]
[2021.01.23-21.05.25:691][  0]LogConfig: Setting CVar [[r.DOF.TemporalAAQuality:1                ; more stable temporal accumulation]]
[2021.01.23-21.05.25:691][  0]LogConfig: Setting CVar [[r.DOF.Kernel.MaxForegroundRadius:0.025]]
[2021.01.23-21.05.25:691][  0]LogConfig: Setting CVar [[r.DOF.Kernel.MaxBackgroundRadius:0.025]]
[2021.01.23-21.05.25:691][  0]LogConfig: Applying CVar settings from Section [TextureQuality@3] File [C:/Users/Mirza/Unreal-Learning-Demo/Unreal-Learning-Demo/Hameds Code/Section 3/BuildingEscape2/Saved/Config/Windows/Scalability.ini]
[2021.01.23-21.05.25:691][  0]LogConfig: Setting CVar [[r.Streaming.MipBias:0]]
[2021.01.23-21.05.25:691][  0]LogConfig: Setting CVar [[r.Streaming.AmortizeCPUToGPUCopy:0]]
[2021.01.23-21.05.25:691][  0]LogConfig: Setting CVar [[r.Streaming.MaxNumTexturesToStreamPerFrame:0]]
[2021.01.23-21.05.25:691][  0]LogConfig: Setting CVar [[r.Streaming.Boost:1]]
[2021.01.23-21.05.25:691][  0]LogConfig: Setting CVar [[r.MaxAnisotropy:8]]
[2021.01.23-21.05.25:691][  0]LogConfig: Setting CVar [[r.Streaming.LimitPoolSizeToVRAM:0]]
[2021.01.23-21.05.25:691][  0]LogConfig: Setting CVar [[r.Streaming.PoolSize:1000]]
[2021.01.23-21.05.25:691][  0]LogConfig: Setting CVar [[r.Streaming.MaxEffectiveScreenSize:0]]
[2021.01.23-21.05.25:691][  0]LogConfig: Applying CVar settings from Section [EffectsQuality@3] File [C:/Users/Mirza/Unreal-Learning-Demo/Unreal-Learning-Demo/Hameds Code/Section 3/BuildingEscape2/Saved/Config/Windows/Scalability.ini]
[2021.01.23-21.05.25:691][  0]LogConfig: Setting CVar [[r.TranslucencyLightingVolumeDim:64]]
[2021.01.23-21.05.25:691][  0]LogConfig: Setting CVar [[r.RefractionQuality:2]]
[2021.01.23-21.05.25:691][  0]LogConfig: Setting CVar [[r.SSR.Quality:3]]
[2021.01.23-21.05.25:691][  0]LogConfig: Setting CVar [[r.SceneColorFormat:4]]
[2021.01.23-21.05.25:691][  0]LogConfig: Setting CVar [[r.DetailMode:2]]
[2021.01.23-21.05.25:691][  0]LogConfig: Setting CVar [[r.TranslucencyVolumeBlur:1]]
[2021.01.23-21.05.25:691][  0]LogConfig: Setting CVar [[r.MaterialQualityLevel:1 ; High quality]]
[2021.01.23-21.05.25:691][  0]LogConfig: Setting CVar [[r.SSS.Scale:1]]
[2021.01.23-21.05.25:691][  0]LogConfig: Setting CVar [[r.SSS.SampleSet:2]]
[2021.01.23-21.05.25:691][  0]LogConfig: Setting CVar [[r.SSS.Quality:1]]
[2021.01.23-21.05.25:691][  0]LogConfig: Setting CVar [[r.SSS.HalfRes:1]]
[2021.01.23-21.05.25:691][  0]LogConfig: Setting CVar [[r.EmitterSpawnRateScale:1.0]]
[2021.01.23-21.05.25:691][  0]LogConfig: Setting CVar [[r.ParticleLightQuality:2]]
[2021.01.23-21.05.25:691][  0]LogConfig: Applying CVar settings from Section [FoliageQuality@3] File [C:/Users/Mirza/Unreal-Learning-Demo/Unreal-Learning-Demo/Hameds Code/Section 3/BuildingEscape2/Saved/Config/Windows/Scalability.ini]
[2021.01.23-21.05.25:691][  0]LogConfig: Setting CVar [[foliage.DensityScale:1.0]]
[2021.01.23-21.05.25:691][  0]LogConfig: Setting CVar [[grass.DensityScale:1.0]]
[2021.01.23-21.05.25:691][  0]LogConfig: Applying CVar settings from Section [Startup] File [../../../Engine/Config/ConsoleVariables.ini]
[2021.01.23-21.05.25:691][  0]LogConfig: Setting CVar [[net.UseAdaptiveNetUpdateFrequency:0]]
[2021.01.23-21.05.25:691][  0]LogConfig: Setting CVar [[p.chaos.AllowCreatePhysxBodies:1]]
[2021.01.23-21.05.25:691][  0]LogConfig: Applying CVar settings from Section [ConsoleVariables] File [C:/Users/Mirza/Unreal-Learning-Demo/Unreal-Learning-Demo/Hameds Code/Section 3/BuildingEscape2/Saved/Config/Windows/Engine.ini]
[2021.01.23-21.05.25:691][  0]LogInit: Computer: DESKTOP-KH48G98
[2021.01.23-21.05.25:691][  0]LogInit: User: Mirza
[2021.01.23-21.05.25:691][  0]LogInit: CPU Page size=4096, Cores=8
[2021.01.23-21.05.25:691][  0]LogInit: High frequency timer resolution =10.000000 MHz
[2021.01.23-21.05.25:691][  0]LogMemory: Memory total: Physical=15.9GB (16GB approx)
[2021.01.23-21.05.25:691][  0]LogMemory: Platform Memory Stats for Windows
[2021.01.23-21.05.25:691][  0]LogMemory: Process Physical Memory: 100.52 MB used, 100.53 MB peak
[2021.01.23-21.05.25:691][  0]LogMemory: Process Virtual Memory: 90.64 MB used, 90.64 MB peak
[2021.01.23-21.05.25:691][  0]LogMemory: Physical Memory: 6883.14 MB used,  9411.67 MB free, 16294.81 MB total
[2021.01.23-21.05.25:691][  0]LogMemory: Virtual Memory: 4677.34 MB used,  134213048.00 MB free, 134217728.00 MB total
[2021.01.23-21.05.25:719][  0]LogInit: Using OS detected language (en-US).
[2021.01.23-21.05.25:719][  0]LogInit: Using OS detected locale (en-US).
[2021.01.23-21.05.25:720][  0]LogTextLocalizationManager: No specific localization for 'en-US' exists, so the 'en' localization will be used.
[2021.01.23-21.05.25:853][  0]LogInit: Setting process to per monitor DPI aware
[2021.01.23-21.05.25:881][  0]LogSlate: New Slate User Created.  User Index 0, Is Virtual User: 0
[2021.01.23-21.05.25:881][  0]LogSlate: Slate User Registered.  User Index 0, Is Virtual User: 0
[2021.01.23-21.05.26:036][  0]LogHMD: Failed to initialize OpenVR with code 110
[2021.01.23-21.05.26:036][  0]LogD3D11RHI: D3D11 adapters:
[2021.01.23-21.05.26:081][  0]LogD3D11RHI:    0. 'AMD Radeon R9 260' (Feature Level 11_0)
[2021.01.23-21.05.26:081][  0]LogD3D11RHI:       2024/0/8147 MB DedicatedVideo/DedicatedSystem/SharedSystem, Outputs:1, VendorId:0x1002
[2021.01.23-21.05.26:084][  0]LogD3D11RHI:    1. 'Microsoft Basic Render Driver' (Feature Level 11_0)
[2021.01.23-21.05.26:084][  0]LogD3D11RHI:       0/0/8147 MB DedicatedVideo/DedicatedSystem/SharedSystem, Outputs:0, VendorId:0x1414
[2021.01.23-21.05.26:084][  0]LogD3D11RHI: Chosen D3D11 Adapter: 0
[2021.01.23-21.05.26:092][  0]LogD3D11RHI: Creating new Direct3DDevice
[2021.01.23-21.05.26:092][  0]LogD3D11RHI:     GPU DeviceId: 0x6658 (for the marketing name, search the web for "GPU Device Id")
[2021.01.23-21.05.26:092][  0]LogWindows: EnumDisplayDevices:
[2021.01.23-21.05.26:093][  0]LogWindows:    0. 'AMD Radeon R9 260' (P:1 D:1)
[2021.01.23-21.05.26:093][  0]LogWindows:    1. 'AMD Radeon R9 260' (P:0 D:0)
[2021.01.23-21.05.26:093][  0]LogWindows:    2. 'AMD Radeon R9 260' (P:0 D:0)
[2021.01.23-21.05.26:094][  0]LogWindows:    3. 'AMD Radeon R9 260' (P:0 D:0)
[2021.01.23-21.05.26:094][  0]LogWindows:    4. 'AMD Radeon R9 260' (P:0 D:0)
[2021.01.23-21.05.26:095][  0]LogWindows:    5. 'AMD Radeon R9 260' (P:0 D:0)
[2021.01.23-21.05.26:095][  0]LogWindows:    6. 'AMD Radeon R9 260' (P:0 D:0)
[2021.01.23-21.05.26:095][  0]LogWindows:    7. 'AMD Radeon R9 260' (P:0 D:0)
[2021.01.23-21.05.26:096][  0]LogWindows: DebugString: FoundDriverCount:8 
[2021.01.23-21.05.26:096][  0]LogD3D11RHI:     Adapter Name: AMD Radeon R9 260
[2021.01.23-21.05.26:096][  0]LogD3D11RHI:   Driver Version: Adrenalin 2020 20.4.2 (internal:26.20.15029.27017, unified:26.20.15029.27017)
[2021.01.23-21.05.26:096][  0]LogD3D11RHI:      Driver Date: 5-15-2020
[2021.01.23-21.05.26:096][  0]LogRHI: Texture pool is 1416 MB (70% of 2024 MB)
[2021.01.23-21.05.26:134][  0]LogD3D11RHI: Async texture creation enabled
[2021.01.23-21.05.26:137][  0]LogRendererCore: FGlobalReadBuffer::InitRHI
[2021.01.23-21.05.26:138][  0]LogRendererCore: FGlobalReadBuffer::InitRHI
[2021.01.23-21.05.26:138][  0]LogRendererCore: FGlobalReadBuffer::InitRHI
[2021.01.23-21.05.26:144][  0]LogD3D11RHI: GPU Timing Frequency: 27.000000 (Debug: 2 1)
[2021.01.23-21.05.26:411][  0]LogTemp: Display: Module 'AllDesktopTargetPlatform' loaded TargetPlatform 'AllDesktop'
[2021.01.23-21.05.26:424][  0]LogTemp: Display: Module 'MacClientTargetPlatform' loaded TargetPlatform 'MacClient'
[2021.01.23-21.05.26:438][  0]LogTemp: Display: Module 'MacNoEditorTargetPlatform' loaded TargetPlatform 'MacNoEditor'
[2021.01.23-21.05.26:452][  0]LogTemp: Display: Module 'MacServerTargetPlatform' loaded TargetPlatform 'MacServer'
[2021.01.23-21.05.26:466][  0]LogTemp: Display: Module 'MacTargetPlatform' loaded TargetPlatform 'Mac'
[2021.01.23-21.05.26:479][  0]LogTemp: Display: Module 'WindowsClientTargetPlatform' loaded TargetPlatform 'WindowsClient'
[2021.01.23-21.05.26:493][  0]LogTemp: Display: Module 'WindowsNoEditorTargetPlatform' loaded TargetPlatform 'WindowsNoEditor'
[2021.01.23-21.05.26:506][  0]LogTemp: Display: Module 'WindowsServerTargetPlatform' loaded TargetPlatform 'WindowsServer'
[2021.01.23-21.05.26:513][  0]LogTemp: Display: Module 'WindowsTargetPlatform' loaded TargetPlatform 'Windows'
[2021.01.23-21.05.26:590][  0]LogTemp: Display: Module 'AndroidTargetPlatform' loaded TargetPlatform 'Android'
[2021.01.23-21.05.26:590][  0]LogTemp: Display: Module 'AndroidTargetPlatform' loaded TargetPlatform 'Android_ASTC'
[2021.01.23-21.05.26:590][  0]LogTemp: Display: Module 'AndroidTargetPlatform' loaded TargetPlatform 'Android_ATC'
[2021.01.23-21.05.26:590][  0]LogTemp: Display: Module 'AndroidTargetPlatform' loaded TargetPlatform 'Android_DXT'
[2021.01.23-21.05.26:590][  0]LogTemp: Display: Module 'AndroidTargetPlatform' loaded TargetPlatform 'Android_ETC1'
[2021.01.23-21.05.26:590][  0]LogTemp: Display: Module 'AndroidTargetPlatform' loaded TargetPlatform 'Android_ETC1a'
[2021.01.23-21.05.26:590][  0]LogTemp: Display: Module 'AndroidTargetPlatform' loaded TargetPlatform 'Android_ETC2'
[2021.01.23-21.05.26:590][  0]LogTemp: Display: Module 'AndroidTargetPlatform' loaded TargetPlatform 'Android_PVRTC'
[2021.01.23-21.05.26:590][  0]LogTemp: Display: Module 'AndroidTargetPlatform' loaded TargetPlatform 'AndroidClient'
[2021.01.23-21.05.26:590][  0]LogTemp: Display: Module 'AndroidTargetPlatform' loaded TargetPlatform 'Android_ASTCClient'
[2021.01.23-21.05.26:590][  0]LogTemp: Display: Module 'AndroidTargetPlatform' loaded TargetPlatform 'Android_ATCClient'
[2021.01.23-21.05.26:590][  0]LogTemp: Display: Module 'AndroidTargetPlatform' loaded TargetPlatform 'Android_DXTClient'
[2021.01.23-21.05.26:590][  0]LogTemp: Display: Module 'AndroidTargetPlatform' loaded TargetPlatform 'Android_ETC1Client'
[2021.01.23-21.05.26:590][  0]LogTemp: Display: Module 'AndroidTargetPlatform' loaded TargetPlatform 'Android_ETC1aClient'
[2021.01.23-21.05.26:590][  0]LogTemp: Display: Module 'AndroidTargetPlatform' loaded TargetPlatform 'Android_ETC2Client'
[2021.01.23-21.05.26:591][  0]LogTemp: Display: Module 'AndroidTargetPlatform' loaded TargetPlatform 'Android_PVRTCClient'
[2021.01.23-21.05.26:591][  0]LogTemp: Display: Module 'AndroidTargetPlatform' loaded TargetPlatform 'Android_Multi'
[2021.01.23-21.05.26:591][  0]LogTemp: Display: Module 'AndroidTargetPlatform' loaded TargetPlatform 'Android_MultiClient'
[2021.01.23-21.05.26:593][  0]LogTemp: Display: Module 'HTML5TargetPlatform' loaded TargetPlatform 'HTML5'
[2021.01.23-21.05.26:643][  0]LogTemp: Display: Module 'IOSTargetPlatform' loaded TargetPlatform 'IOSClient'
[2021.01.23-21.05.26:643][  0]LogTemp: Display: Module 'IOSTargetPlatform' loaded TargetPlatform 'IOS'
[2021.01.23-21.05.26:664][  0]LogTemp: Display: Module 'TVOSTargetPlatform' loaded TargetPlatform 'TVOSClient'
[2021.01.23-21.05.26:664][  0]LogTemp: Display: Module 'TVOSTargetPlatform' loaded TargetPlatform 'TVOS'
[2021.01.23-21.05.26:678][  0]LogTemp: Display: Module 'LinuxClientTargetPlatform' loaded TargetPlatform 'LinuxClient'
[2021.01.23-21.05.26:690][  0]LogTemp: Display: Module 'LinuxNoEditorTargetPlatform' loaded TargetPlatform 'LinuxNoEditor'
[2021.01.23-21.05.26:702][  0]LogTemp: Display: Module 'LinuxServerTargetPlatform' loaded TargetPlatform 'LinuxServer'
[2021.01.23-21.05.26:714][  0]LogTemp: Display: Module 'LinuxTargetPlatform' loaded TargetPlatform 'Linux'
[2021.01.23-21.05.26:756][  0]LogTemp: Display: Module 'LuminTargetPlatform' loaded TargetPlatform 'Lumin'
[2021.01.23-21.05.26:756][  0]LogTemp: Display: Module 'LuminTargetPlatform' loaded TargetPlatform 'LuminClient'
[2021.01.23-21.05.26:756][  0]LogTargetPlatformManager: Display: Building Assets For Windows
[2021.01.23-21.05.26:771][  0]LogAudioDebug: Display: Lib vorbis DLL was dynamically loaded.
[2021.01.23-21.05.26:837][  0]LogShaderCompilers: Guid format shader working directory is -63 characters bigger than the processId version (../../../../../../Users/Mirza/Unreal-Learning-Demo/Unreal-Learning-Demo/Hameds Code/Section 3/BuildingEscape2/Intermediate/Shaders/WorkingDirectory/9756/).
[2021.01.23-21.05.26:837][  0]LogShaderCompilers: Cleaned the shader compiler working directory 'C:/Users/Mirza/AppData/Local/Temp/UnrealShaderWorkingDir/4C56D9E54FFE46AA64A6BB8E09CDE1B3/'.
[2021.01.23-21.05.26:839][  0]LogXGEController: Cannot use XGE Controller as Incredibuild is not installed on this machine.
[2021.01.23-21.05.26:839][  0]LogShaderCompilers: Cannot use XGE Shader Compiler as Incredibuild is not installed on this machine.
[2021.01.23-21.05.26:839][  0]LogShaderCompilers: Display: Using Local Shader Compiler.
[2021.01.23-21.05.27:290][  0]LogDerivedDataCache: Display: Max Cache Size: 512 MB
[2021.01.23-21.05.27:333][  0]LogDerivedDataCache: Loaded boot cache 0.04s 71MB C:/Users/Mirza/AppData/Local/UnrealEngine/4.22/DerivedDataCache/Boot.ddc.
[2021.01.23-21.05.27:333][  0]LogDerivedDataCache: Display: Loaded Boot cache: C:/Users/Mirza/AppData/Local/UnrealEngine/4.22/DerivedDataCache/Boot.ddc
[2021.01.23-21.05.27:334][  0]LogDerivedDataCache: FDerivedDataBackendGraph:  Pak pak cache file ../../../../../../Users/Mirza/Unreal-Learning-Demo/Unreal-Learning-Demo/Hameds Code/Section 3/BuildingEscape2/DerivedDataCache/DDC.ddp not found, will not use a pak cache.
[2021.01.23-21.05.27:334][  0]LogDerivedDataCache: Unable to find inner node Pak for hierarchical cache Hierarchy.
[2021.01.23-21.05.27:334][  0]LogDerivedDataCache: FDerivedDataBackendGraph:  CompressedPak pak cache file ../../../../../../Users/Mirza/Unreal-Learning-Demo/Unreal-Learning-Demo/Hameds Code/Section 3/BuildingEscape2/DerivedDataCache/Compressed.ddp not found, will not use a pak cache.
[2021.01.23-21.05.27:334][  0]LogDerivedDataCache: Unable to find inner node CompressedPak for hierarchical cache Hierarchy.
[2021.01.23-21.05.27:345][  0]LogDerivedDataCache: Display: Pak cache opened for reading ../../../Engine/DerivedDataCache/Compressed.ddp.
[2021.01.23-21.05.27:345][  0]LogDerivedDataCache: FDerivedDataBackendGraph:  EnterprisePak pak cache file ../../../Enterprise/DerivedDataCache/Compressed.ddp not found, will not use a pak cache.
[2021.01.23-21.05.27:345][  0]LogDerivedDataCache: Unable to find inner node EnterprisePak for hierarchical cache Hierarchy.
[2021.01.23-21.05.27:357][  0]LogDerivedDataCache: Using Local data cache path C:/Users/Mirza/AppData/Local/UnrealEngine/Common/DerivedDataCache: Writable
[2021.01.23-21.05.27:357][  0]LogDerivedDataCache: Shared data cache path not found in *engine.ini, will not use an Shared cache.
[2021.01.23-21.05.27:357][  0]LogDerivedDataCache: Unable to find inner node Shared for hierarchical cache Hierarchy.
[2021.01.23-21.05.27:375][  0]LogMaterial: Verifying Global Shaders for PCD3D_SM5
[2021.01.23-21.05.27:376][  0]LogSlate: Using FreeType 2.6.0
[2021.01.23-21.05.27:377][  0]LogSlate: SlateFontServices - WITH_FREETYPE: 1, WITH_HARFBUZZ: 1
[2021.01.23-21.05.27:454][  0]LogAssetRegistry: FAssetRegistry took 0.0323 seconds to start up
[2021.01.23-21.05.27:771][  0]LogInit: Selected Device Profile: [Windows]
[2021.01.23-21.05.27:893][  0]LogMeshReduction: Using QuadricMeshReduction for automatic static mesh reduction
[2021.01.23-21.05.27:893][  0]LogMeshReduction: Using SimplygonMeshReduction for automatic skeletal mesh reduction
[2021.01.23-21.05.27:893][  0]LogMeshReduction: Using ProxyLODMeshReduction for automatic mesh merging
[2021.01.23-21.05.27:893][  0]LogMeshReduction: No distributed automatic mesh merging module available
[2021.01.23-21.05.27:893][  0]LogMeshMerging: No distributed automatic mesh merging module available
[2021.01.23-21.05.27:903][  0]LogNetVersion: BuildingEscape 1.0.0, NetCL: 5660361, EngineNetVer: 10, GameNetVer: 0 (Checksum: 1788021529)
[2021.01.23-21.05.28:237][  0]LogPackageLocalizationCache: Processed 10 localized package path(s) for 1 prioritized culture(s) in 0.032134 seconds
[2021.01.23-21.05.28:244][  0]LogUObjectArray: 42205 objects as part of root set at end of initial load.
[2021.01.23-21.05.28:244][  0]LogUObjectAllocator: 7325032 out of 0 bytes used by permanent object pool.
[2021.01.23-21.05.28:244][  0]LogUObjectArray: CloseDisregardForGC: 0/0 objects in disregard for GC pool
[2021.01.23-21.05.29:054][  0]LogTcpMessaging: Initializing TcpMessaging bridge
[2021.01.23-21.05.29:069][  0]LogUdpMessaging: Initializing bridge on interface 0.0.0.0:0 to multicast group 230.0.0.1:6666.
[2021.01.23-21.05.29:246][  0]SourceControl: Source control is disabled
[2021.01.23-21.05.29:246][  0]SourceControl: Source control is disabled
[2021.01.23-21.05.29:249][  0]SourceControl: Source control is disabled
[2021.01.23-21.05.29:251][  0]SourceControl: Source control is disabled
[2021.01.23-21.05.29:362][  0]LogAndroidPermission: UAndroidPermissionCallbackProxy::GetInstance
[2021.01.23-21.05.29:473][  0]LogOcInput: OculusInput pre-init called
[2021.01.23-21.05.30:008][  0]LogEngine: Initializing Engine...
[2021.01.23-21.05.30:009][  0]LogHMD: Failed to initialize OpenVR with code 110
[2021.01.23-21.05.30:010][  0]LogStats: UGameplayTagsManager::InitializeManager -  0.000 s
[2021.01.23-21.05.30:167][  0]LogInit: Initializing FReadOnlyCVARCache
[2021.01.23-21.05.30:181][  0]LogAIModule: Creating AISystem for world Untitled
[2021.01.23-21.05.30:212][  0]LogInit: XAudio2 using 'Headphones (AKG N60NC Wireless Stereo)' : 2 channels at 44.1 kHz using 16 bits per sample (channel mask 0x3)
[2021.01.23-21.05.30:229][  0]LogInit: FAudioDevice initialized.
[2021.01.23-21.05.30:229][  0]LogNetVersion: Set ProjectVersion to 1.0.0.0. Version Checksum will be recalculated on next use.
[2021.01.23-21.05.30:311][  0]LogDerivedDataCache: Saved boot cache 0.08s 71MB C:/Users/Mirza/AppData/Local/UnrealEngine/4.22/DerivedDataCache/Boot.ddc.
[2021.01.23-21.05.30:311][  0]LogInit: Texture streaming: Enabled
[2021.01.23-21.05.30:333][  0]LogEngineSessionManager: EngineSessionManager initialized
[2021.01.23-21.05.30:355][  0]LogInit: Transaction tracking system initialized
[2021.01.23-21.05.30:383][  0]BlueprintLog: New page: Editor Load
[2021.01.23-21.05.30:486][  0]LocalizationService: Localization service is disabled
[2021.01.23-21.05.30:766][  0]LogFileCache: Scanning file cache for directory 'C:/Users/Mirza/Unreal-Learning-Demo/Unreal-Learning-Demo/Hameds Code/Section 3/BuildingEscape2/Content/' took 0.02s
[2021.01.23-21.05.30:766][  0]LogCook: Display: Max memory allowance for cook 16384mb min free memory 0mb
[2021.01.23-21.05.30:766][  0]LogCook: Display: Mobile HDR setting 1
[2021.01.23-21.05.30:966][  0]SourceControl: Source control is disabled
[2021.01.23-21.05.30:966][  0]Cmd: MAP LOAD FILE="../../../../../../Users/Mirza/Unreal-Learning-Demo/Unreal-Learning-Demo/Hameds Code/Section 3/BuildingEscape2/Content/Levels/NewMap.umap" TEMPLATE=0 SHOWPROGRESS=1 FEATURELEVEL=3
[2021.01.23-21.05.30:967][  0]LightingResults: New page: Lighting Build
[2021.01.23-21.05.30:969][  0]MapCheck: New page: Map Check
[2021.01.23-21.05.30:969][  0]LightingResults: New page: Lighting Build
[2021.01.23-21.05.30:996][  0]LogUObjectHash: Compacting FUObjectHashTables data took   1.51ms
[2021.01.23-21.05.31:104][  0]LogAIModule: Creating AISystem for world NewMap
[2021.01.23-21.05.31:109][  0]LogEditorServer: Finished looking for orphan Actors (0.000 secs)
[2021.01.23-21.05.31:137][  0]LogUObjectHash: Compacting FUObjectHashTables data took   1.77ms
[2021.01.23-21.05.31:137][  0]Cmd: MAP CHECKDEP NOCLEARLOG
[2021.01.23-21.05.31:137][  0]MapCheck: Map check complete: 0 Error(s), 0 Warning(s), took 0.181ms to complete.
[2021.01.23-21.05.31:137][  0]LogFileHelpers: Loading map 'NewMap' took 0.170
[2021.01.23-21.05.31:236][  0]LogSlate: Updating window title bar state: overlay mode, drag disabled, window buttons hidden, title bar hidden
[2021.01.23-21.05.31:243][  0]LogSlate: Updating window title bar state: overlay mode, drag disabled, window buttons hidden, title bar hidden
[2021.01.23-21.05.31:250][  0]LogSlate: Updating window title bar state: overlay mode, drag disabled, window buttons hidden, title bar hidden
[2021.01.23-21.05.31:254][  0]LogSlate: Updating window title bar state: overlay mode, drag disabled, window buttons hidden, title bar hidden
[2021.01.23-21.05.31:265][  0]LogCollectionManager: Loaded 0 collections in 0.001602 seconds
[2021.01.23-21.05.31:315][  0]LogFileCache: Scanning file cache for directory 'C:/Users/Mirza/Unreal-Learning-Demo/Unreal-Learning-Demo/Hameds Code/Section 3/BuildingEscape2/Saved/Collections/' took 0.01s
[2021.01.23-21.05.31:315][  0]LogFileCache: Scanning file cache for directory 'C:/Users/Mirza/Unreal-Learning-Demo/Unreal-Learning-Demo/Hameds Code/Section 3/BuildingEscape2/Content/Developers/Mirza/Collections/' took 0.01s
[2021.01.23-21.05.31:315][  0]LogFileCache: Scanning file cache for directory 'C:/Users/Mirza/Unreal-Learning-Demo/Unreal-Learning-Demo/Hameds Code/Section 3/BuildingEscape2/Content/Collections/' took 0.01s
[2021.01.23-21.05.31:315][  0]LogCollectionManager: Rebuilt the GUID cache for 0 collections in 0.000000 seconds
[2021.01.23-21.05.31:326][  0]LogContentBrowser: Native class hierarchy populated in 0.0095 seconds. Added 2736 classes and 661 folders.
[2021.01.23-21.05.31:336][  0]LogContentBrowser: Native class hierarchy updated for 'WidgetCarousel' in 0.0004 seconds. Added 0 classes and 0 folders.
[2021.01.23-21.05.31:340][  0]LogPakFile: Registered encryption key '00000000000000000000000000000000': 0 pak files mounted, 0 remain pending
[2021.01.23-21.05.31:343][  0]LogPakFile: Registered encryption key '00000000000000000000000000000000': 0 pak files mounted, 0 remain pending
[2021.01.23-21.05.31:345][  0]LogPakFile: Registered encryption key '00000000000000000000000000000000': 0 pak files mounted, 0 remain pending
[2021.01.23-21.05.31:347][  0]LogPakFile: Registered encryption key '00000000000000000000000000000000': 0 pak files mounted, 0 remain pending
[2021.01.23-21.05.31:348][  0]LogPakFile: Registered encryption key '00000000000000000000000000000000': 0 pak files mounted, 0 remain pending
[2021.01.23-21.05.31:349][  0]LogPakFile: Registered encryption key '00000000000000000000000000000000': 0 pak files mounted, 0 remain pending
[2021.01.23-21.05.31:350][  0]LogPakFile: Registered encryption key '00000000000000000000000000000000': 0 pak files mounted, 0 remain pending
[2021.01.23-21.05.31:352][  0]LogPakFile: Registered encryption key '00000000000000000000000000000000': 0 pak files mounted, 0 remain pending
[2021.01.23-21.05.31:353][  0]LogPakFile: Registered encryption key '00000000000000000000000000000000': 0 pak files mounted, 0 remain pending
[2021.01.23-21.05.31:355][  0]LogPakFile: Registered encryption key '00000000000000000000000000000000': 0 pak files mounted, 0 remain pending
[2021.01.23-21.05.31:356][  0]LogPakFile: Registered encryption key '00000000000000000000000000000000': 0 pak files mounted, 0 remain pending
[2021.01.23-21.05.31:357][  0]LogPakFile: Registered encryption key '00000000000000000000000000000000': 0 pak files mounted, 0 remain pending
[2021.01.23-21.05.31:358][  0]LogPakFile: Registered encryption key '00000000000000000000000000000000': 0 pak files mounted, 0 remain pending
[2021.01.23-21.05.31:360][  0]LogPakFile: Registered encryption key '00000000000000000000000000000000': 0 pak files mounted, 0 remain pending
[2021.01.23-21.05.31:361][  0]LogPakFile: Registered encryption key '00000000000000000000000000000000': 0 pak files mounted, 0 remain pending
[2021.01.23-21.05.31:362][  0]LogPakFile: Registered encryption key '00000000000000000000000000000000': 0 pak files mounted, 0 remain pending
[2021.01.23-21.05.31:363][  0]LogPakFile: Registered encryption key '00000000000000000000000000000000': 0 pak files mounted, 0 remain pending
[2021.01.23-21.05.31:364][  0]LogPakFile: Registered encryption key '00000000000000000000000000000000': 0 pak files mounted, 0 remain pending
[2021.01.23-21.05.31:366][  0]LogPakFile: Registered encryption key '00000000000000000000000000000000': 0 pak files mounted, 0 remain pending
[2021.01.23-21.05.31:367][  0]LogPakFile: Registered encryption key '00000000000000000000000000000000': 0 pak files mounted, 0 remain pending
[2021.01.23-21.05.31:368][  0]LogPakFile: Registered encryption key '00000000000000000000000000000000': 0 pak files mounted, 0 remain pending
[2021.01.23-21.05.31:369][  0]LogPakFile: Registered encryption key '00000000000000000000000000000000': 0 pak files mounted, 0 remain pending
[2021.01.23-21.05.31:371][  0]LogPakFile: Registered encryption key '00000000000000000000000000000000': 0 pak files mounted, 0 remain pending
[2021.01.23-21.05.31:372][  0]LogPakFile: Registered encryption key '00000000000000000000000000000000': 0 pak files mounted, 0 remain pending
[2021.01.23-21.05.31:374][  0]LogPakFile: Registered encryption key '00000000000000000000000000000000': 0 pak files mounted, 0 remain pending
[2021.01.23-21.05.31:375][  0]LogPakFile: Registered encryption key '00000000000000000000000000000000': 0 pak files mounted, 0 remain pending
[2021.01.23-21.05.31:428][  0]LogContentBrowser: Native class hierarchy updated for 'AddContentDialog' in 0.0004 seconds. Added 0 classes and 0 folders.
[2021.01.23-21.05.31:444][  0]LogContentBrowser: Native class hierarchy updated for 'SceneOutliner' in 0.0005 seconds. Added 1 classes and 2 folders.
[2021.01.23-21.05.31:451][  0]LogConsoleManager: Warning: Console object named 'ActorComponents.Enable' already exists but is being registered again, but we weren't expected it to be! (FConsoleManager::AddConsoleObject)
[2021.01.23-21.05.31:488][  0]LogSlate: Took 0.000199 seconds to synchronously load lazily loaded font '../../../Engine/Content/Slate/Fonts/Roboto-Regular.ttf' (155K)
[2021.01.23-21.05.31:490][  0]LogSlate: Took 0.000135 seconds to synchronously load lazily loaded font '../../../Engine/Content/Slate/Fonts/Roboto-Bold.ttf' (160K)
[2021.01.23-21.05.31:495][  0]LogSlate: Took 0.000847 seconds to synchronously load lazily loaded font '../../../Engine/Content/Editor/Slate/Fonts/FontAwesome.ttf' (139K)
[2021.01.23-21.05.31:497][  0]LogSlate: Took 0.000780 seconds to synchronously load lazily loaded font '../../../Engine/Content/Slate/Fonts/DroidSansMono.ttf' (77K)
[2021.01.23-21.05.31:581][  0]LogRenderer: Reallocating scene render targets to support 1208x576 Format 10 NumSamples 1 (Frame:1).
[2021.01.23-21.05.31:717][  0]LogContentBrowser: Native class hierarchy updated for 'HierarchicalLODOutliner' in 0.0004 seconds. Added 0 classes and 0 folders.
[2021.01.23-21.05.31:717][  0]LogLoad: (Engine Initialization) Total time: 8.89 seconds
[2021.01.23-21.05.31:717][  0]LogLoad: (Engine Initialization) Total Blueprint compile time: 0.00 seconds
[2021.01.23-21.05.31:755][  0]LogAssetRegistry: Asset discovery search completed in 4.3235 seconds
[2021.01.23-21.05.31:757][  0]LogCollectionManager: Rebuilt the object cache for 0 collections in 0.000000 seconds (found 0 objects)
[2021.01.23-21.05.31:757][  0]LogCollectionManager: Fixed up redirectors for 0 collections in 0.000116 seconds (updated 0 objects)
[2021.01.23-21.05.31:759][  0]LogContentStreaming: Texture pool size now 1000 MB
[2021.01.23-21.05.33:074][  4]LogSlate: Took 0.000756 seconds to synchronously load lazily loaded font '../../../Engine/Content/Slate/Fonts/Roboto-Light.ttf' (167K)
[2021.01.23-21.05.37:124][124]LogSlate: FSceneViewport::OnFocusLost() reason 0
[2021.01.23-21.05.37:288][141]LogAssetEditorManager: Opening Asset editor for Blueprint /Game/Blueprint/DefaultPawn_BP.DefaultPawn_BP
[2021.01.23-21.05.37:503][141]LogContentBrowser: Native class hierarchy updated for 'BlueprintGraph' in 0.0007 seconds. Added 121 classes and 0 folders.
[2021.01.23-21.05.38:124][141]LogSlate: Took 0.000817 seconds to synchronously load lazily loaded font '../../../Engine/Content/Slate/Fonts/Roboto-BoldCondensed.ttf' (158K)
[2021.01.23-21.05.40:877][452]LogSavePackage: Moving '../../../../../../Users/Mirza/Unreal-Learning-Demo/Unreal-Learning-Demo/Hameds Code/Section 3/BuildingEscape2/Saved/DefaultPawn_BP47AA11CD49392E700584808E84C837EE.tmp' to '../../../../../../Users/Mirza/Unreal-Learning-Demo/Unreal-Learning-Demo/Hameds Code/Section 3/BuildingEscape2/Content/Blueprint/DefaultPawn_BP.uasset'
[2021.01.23-21.05.45:839][971]LogEditorViewport: Clicking on Actor (LMB): StaticMeshActor (Cube)
[2021.01.23-21.05.46:940][ 66]LogSlate: Took 0.000938 seconds to synchronously load lazily loaded font '../../../Engine/Content/Slate/Fonts/Roboto-Italic.ttf' (157K)
[2021.01.23-21.05.50:800][386]LogSlate: FSceneViewport::OnFocusLost() reason 0
[2021.01.23-21.05.52:858][584]LogEditorViewport: Clicking on Actor (LMB): StaticMeshActor (Floor)
[2021.01.23-21.05.53:520][642]LogEditorViewport: Clicking on Actor (LMB): StaticMeshActor (Cylinder)
[2021.01.23-21.05.54:260][709]LogEditorViewport: Clicking on Actor (LMB): StaticMeshActor (Cube)
[2021.01.23-21.05.54:878][765]LogEditorViewport: Clicking on Actor (LMB): StaticMeshActor (Floor)
[2021.01.23-21.06.03:510][895]LogSlate: FSceneViewport::OnFocusLost() reason 0
[2021.01.23-21.06.03:635][909]Candidate modules for hot reload:
[2021.01.23-21.06.03:635][909]  BuildingEscape
[2021.01.23-21.06.03:635][909]Launching UnrealBuildTool... [C:/Program Files/Epic Games/UE_4.22/Engine/Binaries/DotNET/UnrealBuildTool.exe  -ModuleWithSuffix=BuildingEscape,306 Win64 Development -TargetType=Editor -Project="C:/Users/Mirza/Unreal-Learning-Demo/Unreal-Learning-Demo/Hameds Code/Section 3/BuildingEscape2/BuildingEscape.uproject" "C:/Users/Mirza/Unreal-Learning-Demo/Unreal-Learning-Demo/Hameds Code/Section 3/BuildingEscape2/BuildingEscape.uproject"  -IgnoreJunk]
[2021.01.23-21.06.03:643][909]Warning: Starting HotReload took  0.0s.
[2021.01.23-21.06.09:980][423]LogEditorViewport: Clicking on Actor (LMB): StaticMeshActor (Sphere)
[2021.01.23-21.06.12:135][586]LogEditorViewport: Clicking on Actor (LMB): StaticMeshActor (Cylinder)
[2021.01.23-21.06.14:842][793]LogEditorViewport: Clicking on Actor (LMB): StaticMeshActor (Cube)
[2021.01.23-21.06.15:559][844]LogSlate: FSceneViewport::OnFocusLost() reason 0
[2021.01.23-21.06.15:675][857]MapCheck: New page: Map Check
[2021.01.23-21.06.15:690][857]Cmd: MAP REBUILD ALLVISIBLE
[2021.01.23-21.06.15:690][857]LogEditorServer: Rebuildmap Clear paths rebuilt
[2021.01.23-21.06.15:745][857]LogBlueprintActionDatabase: Requesting refresh due to module change: HierarchicalLODUtilities (loaded)
[2021.01.23-21.06.15:777][857]LogUObjectHash: Compacting FUObjectHashTables data took   2.74ms
[2021.01.23-21.06.15:816][857]LogMaterial: Display: Missing cached shader map for material DebugViewMode MaterialTexCoordScale, compiling. 
[2021.01.23-21.06.15:823][857]LogMaterial: Display: Missing cached shader map for material DebugViewMode MaterialTexCoordScale, compiling. 
[2021.01.23-21.06.15:829][857]LogMaterial: Display: Missing cached shader map for material DebugViewMode MaterialTexCoordScale, compiling. 
[2021.01.23-21.06.15:834][857]LogMaterial: Display: Missing cached shader map for material DebugViewMode MaterialTexCoordScale, compiling. 
[2021.01.23-21.06.15:839][857]LogMaterial: Display: Missing cached shader map for material DebugViewMode MaterialTexCoordScale, compiling. 
[2021.01.23-21.06.15:849][857]LogMaterial: Display: Missing cached shader map for material DebugViewMode MaterialTexCoordScale, compiling. Is special engine material.
[2021.01.23-21.06.17:187][857]LogShaderCompilers: Display: Shaders left to compile 40
[2021.01.23-21.06.17:188][857]LogShaderCompilers: Display: Shaders left to compile 30
[2021.01.23-21.06.17:188][857]LogShaderCompilers: Display: Shaders left to compile 20
[2021.01.23-21.06.17:188][857]LogShaderCompilers: Display: Shaders left to compile 10
[2021.01.23-21.06.17:188][857]TextureStreamingBuild: Display: Compiling optional shaders took 1.377 seconds.
[2021.01.23-21.06.17:206][857]LogLevel: Display: Export Material TexCoord Scales took 0.018 seconds.
[2021.01.23-21.06.17:243][857]TextureStreamingBuild: Display: Build Texture Streaming took 0.036 seconds.
[2021.01.23-21.06.17:276][857]LogUObjectHash: Compacting FUObjectHashTables data took   1.10ms
[2021.01.23-21.06.17:278][857]LightingResults: New page: Lighting Build - Jan 23, 2021, 11:06:17 AM
[2021.01.23-21.06.17:331][857]LogSwarmInterface: [OpenConnection] Registering TCP channel ...
[2021.01.23-21.06.17:409][857]LogSwarmInterface: [OpenConnection] Connecting to agent ...
[2021.01.23-21.06.17:465][857]LogSwarmInterface: [TryOpenConnection] Testing the Agent
[2021.01.23-21.06.18:484][857]LogSwarmInterface: [TryOpenConnection] Opening Connection to Agent
[2021.01.23-21.06.18:484][857]LogSwarmInterface: [TryOpenConnection] Local Process ID is 9756
[2021.01.23-21.06.24:968][857]LogStaticLightingSystem: Warning: No importance volume found, so the scene bounding box was used.  You can optimize your scene's quality and lighting build times by adding importance volumes.
[2021.01.23-21.06.24:968][857]LogStaticLightingSystem: Running Lightmass w/ ImmediateImport mode ENABLED
[2021.01.23-21.06.24:968][857]LogStaticLightingSystem: Running Lightmass w/ ImmediateProcess mode ENABLED
[2021.01.23-21.06.24:969][857]LogStaticLightingSystem: Running Lightmass w/ Sorting mode ENABLED
[2021.01.23-21.06.24:969][857]LogStaticLightingSystem: Running Lightmass w/ Mapping paddings ENABLED
[2021.01.23-21.06.24:969][857]LogStaticLightingSystem: Running Lightmass w/ Mapping debug paddings DISABLED
[2021.01.23-21.06.25:088][857]Cmd: MAP CHECK DONTDISPLAYDIALOG
[2021.01.23-21.06.25:088][857]MapCheck: New page: NewMap - Jan 23, 2021, 11:06:25 AM
[2021.01.23-21.06.25:090][857]MapCheck: Warning: SM_Modern_Bed_2 Static mesh actor has NULL StaticMesh property 
[2021.01.23-21.06.25:090][857]MapCheck: Warning: SM_Modern_Sofa_8 Static mesh actor has NULL StaticMesh property 
[2021.01.23-21.06.25:090][857]MapCheck: Warning: SM_Coffee_Table_17 Static mesh actor has NULL StaticMesh property 
[2021.01.23-21.06.25:090][857]MapCheck: Warning: SM_Modern_Chair_23 Static mesh actor has NULL StaticMesh property 
[2021.01.23-21.06.25:090][857]MapCheck: Warning: SM_Modern_Chair_2 Static mesh actor has NULL StaticMesh property 
[2021.01.23-21.06.25:090][857]MapCheck: Map check complete: 0 Error(s), 5 Warning(s), took 2.677ms to complete.
[2021.01.23-21.06.25:113][857]LogEditorBuildUtils: Build time 0:09
[2021.01.23-21.06.25:390][858]CompilerResultsLog: New page: Compilation - Jan 23, 2021, 11:06:25 AM
[2021.01.23-21.06.25:391][858]CompilerResultsLog: Creating makefile for BuildingEscapeEditor (ini files are newer than makefile)
[2021.01.23-21.06.25:391][858]CompilerResultsLog: Parsing headers for BuildingEscapeEditor
[2021.01.23-21.06.25:391][858]CompilerResultsLog:   Running UnrealHeaderTool "C:\Users\Mirza\Unreal-Learning-Demo\Unreal-Learning-Demo\Hameds Code\Section 3\BuildingEscape2\BuildingEscape.uproject" "C:\Users\Mirza\Unreal-Learning-Demo\Unreal-Learning-Demo\Hameds Code\Section 3\BuildingEscape2\Intermediate\Build\Win64\BuildingEscapeEditor\Development\BuildingEscapeEditor.uhtmanifest" -LogCmds="loginit warning, logexit warning, logdatabase error" -Unattended -WarningsAsErrors -installed
[2021.01.23-21.06.25:391][858]CompilerResultsLog: Reflection code generated for BuildingEscapeEditor in 6.050816 seconds
[2021.01.23-21.06.25:391][858]CompilerResultsLog: Using Visual Studio 2019 14.28.29333 toolchain (C:\Program Files (x86)\Microsoft Visual Studio\2019\Community\VC\Tools\MSVC\14.28.29333) and Windows 10.0.18362.0 SDK (C:\Program Files (x86)\Windows Kits\10).
[2021.01.23-21.06.25:391][858]CompilerResultsLog: Building 5 actions with 16 processes...
[2021.01.23-21.06.25:392][858]CompilerResultsLog:   [1/5] Grabber.gen.cpp
[2021.01.23-21.06.25:392][858]CompilerResultsLog:   [2/5] Grabber.cpp
[2021.01.23-21.06.25:392][858]CompilerResultsLog:   [3/5] UE4Editor-BuildingEscape-0306.lib
[2021.01.23-21.06.25:392][858]CompilerResultsLog:      Creating library C:\Users\Mirza\Unreal-Learning-Demo\Unreal-Learning-Demo\Hameds Code\Section 3\BuildingEscape2\Intermediate\Build\Win64\UE4Editor\Development\BuildingEscape\UE4Editor-BuildingEscape-0306.lib and object C:\Users\Mirza\Unreal-Learning-Demo\Unreal-Learning-Demo\Hameds Code\Section 3\BuildingEscape2\Intermediate\Build\Win64\UE4Editor\Development\BuildingEscape\UE4Editor-BuildingEscape-0306.exp
[2021.01.23-21.06.25:392][858]CompilerResultsLog:   [4/5] UE4Editor-BuildingEscape-0306.dll
[2021.01.23-21.06.25:392][858]CompilerResultsLog:      Creating library C:\Users\Mirza\Unreal-Learning-Demo\Unreal-Learning-Demo\Hameds Code\Section 3\BuildingEscape2\Intermediate\Build\Win64\UE4Editor\Development\BuildingEscape\UE4Editor-BuildingEscape-0306.suppressed.lib and object C:\Users\Mirza\Unreal-Learning-Demo\Unreal-Learning-Demo\Hameds Code\Section 3\BuildingEscape2\Intermediate\Build\Win64\UE4Editor\Development\BuildingEscape\UE4Editor-BuildingEscape-0306.suppressed.exp
[2021.01.23-21.06.25:393][858]CompilerResultsLog:   [5/5] BuildingEscapeEditor.target
[2021.01.23-21.06.25:393][858]CompilerResultsLog: Total time in Parallel executor: 7.15 seconds
[2021.01.23-21.06.25:393][858]CompilerResultsLog: Total execution time: 14.92 seconds
[2021.01.23-21.06.25:393][858]LogMainFrame: MainFrame: Module compiling took 21.760 seconds
[2021.01.23-21.06.25:441][858]LogUObjectHash: Compacting FUObjectHashTables data took   4.18ms
[2021.01.23-21.06.25:442][858]LogBlueprintActionDatabase: Requesting refresh due to hot reload
[2021.01.23-21.06.25:456][858]LogContentBrowser: Native class hierarchy populated in 0.0082 seconds. Added 2737 classes and 663 folders.
[2021.01.23-21.06.25:457][858]Display: HotReload took 21.8s.
[2021.01.23-21.06.25:731][858]LogUObjectHash: Compacting FUObjectHashTables data took   4.49ms
[2021.01.23-21.06.28:334][ 16]Job is a success!
[2021.01.23-21.06.28:414][ 17]LogVolumetricLightmapImport: Imported Volumetric Lightmap in 0.008s
[2021.01.23-21.06.28:414][ 17]LogVolumetricLightmapImport:      Indirection Texture 16x16x16 = 0.0Mb
[2021.01.23-21.06.28:414][ 17]LogVolumetricLightmapImport:      BrickData 50x5x5 = 0.0Mb
[2021.01.23-21.06.28:414][ 17]LogVolumetricLightmapImport:      Bricks at Level
[2021.01.23-21.06.28:414][ 17]LogVolumetricLightmapImport:          0: 10.0% covering 100.0% of volume
[2021.01.23-21.06.28:414][ 17]LogVolumetricLightmapImport:          1: 10.0% covering 1.6% of volume
[2021.01.23-21.06.28:414][ 17]LogVolumetricLightmapImport:          2: 80.0% covering 0.2% of volume
[2021.01.23-21.06.28:472][ 17]LogTexture: Display: Building textures: HQ_Lightmap0_1 (AutoDXT, 512X512)
[2021.01.23-21.06.28:472][ 17]LogTexture: Display: Building textures: LQ_Lightmap_0_1 (DXT1, 512X512)
[2021.01.23-21.06.28:472][ 17]LogTexture: Display: Building textures: HQ_Lightmap0_2 (AutoDXT, 512X512)
[2021.01.23-21.06.28:472][ 17]LogTexture: Display: Building textures: LQ_Lightmap_0_2 (DXT1, 512X512)
[2021.01.23-21.06.28:472][ 17]LogTexture: Display: Building textures: ShadowMapTexture2D_1 (BGRA8, 64X256)
[2021.01.23-21.06.28:472][ 17]LogTexture: Display: Building textures: ShadowMapTexture2D_0 (BGRA8, 512X128)
[2021.01.23-21.06.28:502][ 17]LogStaticLightingSystem: NewMap_BuiltData storing lightmap data for 8 meshes in 2 LightmapResourceClusters (4.0 Meshes per cluster).
[2021.01.23-21.06.28:528][ 17]Lightmass on DESKTOP-KH48G98: 2.27 sec total, 86 ms importing, 31 ms setup, 1.43 sec photons, 681 ms processing, 0 ms extra exporting [43/43 mappings]. Threads: 8.84 sec total, 483 ms processing.
[2021.01.23-21.06.28:531][ 17]LogUObjectHash: Compacting FUObjectHashTables data took   2.15ms
[2021.01.23-21.06.28:542][ 17]LogStaticLightingSystem: Illumination: 11.2 sec (27 ms encoding lightmaps, 9 ms encoding shadowmaps)
[2021.01.23-21.06.28:543][ 17]LogStaticLightingSystem: Lightmap texture memory:  1.0 MB (0.5 MB streaming, 0.5 MB non-streaming), 4 textures
[2021.01.23-21.06.28:543][ 17]LogStaticLightingSystem: Shadowmap texture memory: 0.4 MB (0.3 MB streaming, 0.1 MB non-streaming), 2 textures
[2021.01.23-21.06.28:974][ 17]DumpUnbuiltLightIteractions
[2021.01.23-21.06.28:974][ 17]Lights with unbuilt interactions: 0
[2021.01.23-21.06.28:974][ 17]
[2021.01.23-21.06.28:974][ 17]Primitives with unbuilt interactions: 0
[2021.01.23-21.06.29:042][ 18]Cmd: MAP CHECK NOTIFYRESULTS
[2021.01.23-21.06.29:042][ 18]MapCheck: New page: NewMap - Jan 23, 2021, 11:06:29 AM
[2021.01.23-21.06.29:043][ 18]MapCheck: Warning: SM_Modern_Bed_2 Static mesh actor has NULL StaticMesh property 
[2021.01.23-21.06.29:043][ 18]MapCheck: Warning: SM_Modern_Sofa_8 Static mesh actor has NULL StaticMesh property 
[2021.01.23-21.06.29:043][ 18]MapCheck: Warning: SM_Coffee_Table_17 Static mesh actor has NULL StaticMesh property 
[2021.01.23-21.06.29:043][ 18]MapCheck: Warning: SM_Modern_Chair_23 Static mesh actor has NULL StaticMesh property 
[2021.01.23-21.06.29:043][ 18]MapCheck: Warning: SM_Modern_Chair_2 Static mesh actor has NULL StaticMesh property 
[2021.01.23-21.06.29:043][ 18]MapCheck: Map check complete: 0 Error(s), 5 Warning(s), took 1.303ms to complete.
[2021.01.23-21.06.30:031][130]LogSlate: Window 'Message Log' being destroyed
[2021.01.23-21.06.30:036][130]LogSlate: Window 'Message Log' being destroyed
[2021.01.23-21.06.33:143][364]LogTemp: Repeating last play command: Selected Viewport
[2021.01.23-21.06.33:157][364]LogBlueprintUserMessages: Early PlayInEditor Detection: Level '/Game/Levels/NewMap.NewMap:PersistentLevel' has LevelScriptBlueprint '/Game/Levels/NewMap.NewMap:PersistentLevel.NewMap' with GeneratedClass '/Game/Levels/NewMap.NewMap_C' with ClassGeneratedBy '/Game/Levels/NewMap.NewMap:PersistentLevel.NewMap'
[2021.01.23-21.06.33:163][364]LogPlayLevel: PlayLevel: No blueprints needed recompiling
[2021.01.23-21.06.33:163][364]PIE: New page: PIE session: NewMap (Jan 23, 2021, 11:06:33 AM)
[2021.01.23-21.06.33:176][364]LogPlayLevel: Creating play world package: /Game/Levels/UEDPIE_0_NewMap
[2021.01.23-21.06.33:183][364]LogPlayLevel: PIE: StaticDuplicateObject took: (0.006677s)
[2021.01.23-21.06.33:184][364]LogAIModule: Creating AISystem for world NewMap
[2021.01.23-21.06.33:184][364]LogPlayLevel: PIE: World Init took: (0.000646s)
[2021.01.23-21.06.33:184][364]LogPlayLevel: PIE: Created PIE world by copying editor world from /Game/Levels/NewMap.NewMap to /Game/Levels/UEDPIE_0_NewMap.NewMap (0.007869s)
[2021.01.23-21.06.33:214][364]LogUObjectHash: Compacting FUObjectHashTables data took   2.30ms
[2021.01.23-21.06.33:234][364]LogInit: XAudio2 using 'Headphones (AKG N60NC Wireless Stereo)' : 2 channels at 44.1 kHz using 16 bits per sample (channel mask 0x3)
[2021.01.23-21.06.33:243][364]LogInit: FAudioDevice initialized.
[2021.01.23-21.06.33:288][364]LogLoad: Game class is 'MyBuildingEscapeGameModeBase_BP_C'
[2021.01.23-21.06.33:291][364]LogWorld: Bringing World /Game/Levels/UEDPIE_0_NewMap.NewMap up for play (max tick rate 0) at 2021.01.23-16.06.33
[2021.01.23-21.06.33:291][364]LogWorld: Bringing up level for play took: 0.001307
[2021.01.23-21.06.33:341][364]LogBlueprintActionDatabase: Requesting refresh due to module change: Voice (loaded)
[2021.01.23-21.06.33:343][364]LogBlueprintActionDatabase: Requesting refresh due to module change: MovieSceneCapture (loaded)
[2021.01.23-21.06.33:344][364]LogContentBrowser: Native class hierarchy updated for 'MovieSceneCapture' in 0.0005 seconds. Added 20 classes and 0 folders.
[2021.01.23-21.06.33:346][364]PIE: Play in editor start time for /Game/Levels/UEDPIE_0_NewMap 0.718
[2021.01.23-21.06.33:346][364]LogBlueprintUserMessages: Late PlayInEditor Detection: Level '/Game/Levels/NewMap.NewMap:PersistentLevel' has LevelScriptBlueprint '/Game/Levels/NewMap.NewMap:PersistentLevel.NewMap' with GeneratedClass '/Game/Levels/NewMap.NewMap_C' with ClassGeneratedBy '/Game/Levels/NewMap.NewMap:PersistentLevel.NewMap'
[2021.01.23-21.06.36:207][591]LogTemp: Warning: Grabber Pressed
[2021.01.23-21.06.36:213][591]LogTemp: Warning: Line trace has hit :Cube_2
[2021.01.23-21.06.36:625][627]LogTemp: Warning: Grabber Released
[2021.01.23-21.06.36:823][644]LogTemp: Warning: Grabber Pressed
[2021.01.23-21.06.36:823][644]LogTemp: Warning: Line trace has hit :Cube_2
[2021.01.23-21.06.37:254][680]LogTemp: Warning: Grabber Released
[2021.01.23-21.06.37:476][699]LogTemp: Warning: Grabber Pressed
[2021.01.23-21.06.37:476][699]LogTemp: Warning: Line trace has hit :Cube_2
[2021.01.23-21.06.38:946][829]LogTemp: Warning: Grabber Released
[2021.01.23-21.06.39:856][923]LogBlueprintUserMessages: Early EndPlayMap Detection: Level '/Game/Levels/NewMap.NewMap:PersistentLevel' has LevelScriptBlueprint '/Game/Levels/NewMap.NewMap:PersistentLevel.NewMap' with GeneratedClass '/Game/Levels/NewMap.NewMap_C' with ClassGeneratedBy '/Game/Levels/NewMap.NewMap:PersistentLevel.NewMap'
[2021.01.23-21.06.39:856][923]LogSlate: Updating window title bar state: overlay mode, drag disabled, window buttons hidden, title bar hidden
[2021.01.23-21.06.39:890][923]LogPlayLevel: Display: Shutting down PIE online subsystems
[2021.01.23-21.06.39:890][923]LogBlueprintUserMessages: Late EndPlayMap Detection: Level '/Game/Levels/NewMap.NewMap:PersistentLevel' has LevelScriptBlueprint '/Game/Levels/NewMap.NewMap:PersistentLevel.NewMap' with GeneratedClass '/Game/Levels/NewMap.NewMap_C' with ClassGeneratedBy '/Game/Levels/NewMap.NewMap:PersistentLevel.NewMap'
[2021.01.23-21.06.39:929][923]LogSlate: Updating window title bar state: overlay mode, drag disabled, window buttons hidden, title bar hidden
[2021.01.23-21.06.39:961][923]LogUObjectHash: Compacting FUObjectHashTables data took   3.99ms
[2021.01.23-21.06.39:980][924]LogPlayLevel: Display: Destroying online subsystem :Context_5
[2021.01.23-21.06.47:198][ 79]LogEditorViewport: Clicking on Actor (LMB): StaticMeshActor (Cube)
[2021.01.23-21.06.52:936][580]LogSlate: FSceneViewport::OnFocusLost() reason 0
[2021.01.23-21.06.53:016][586]LogTemp: Repeating last play command: Selected Viewport
[2021.01.23-21.06.53:029][586]LogBlueprintUserMessages: Early PlayInEditor Detection: Level '/Game/Levels/NewMap.NewMap:PersistentLevel' has LevelScriptBlueprint '/Game/Levels/NewMap.NewMap:PersistentLevel.NewMap' with GeneratedClass '/Game/Levels/NewMap.NewMap_C' with ClassGeneratedBy '/Game/Levels/NewMap.NewMap:PersistentLevel.NewMap'
[2021.01.23-21.06.53:029][586]LogPlayLevel: PlayLevel: No blueprints needed recompiling
[2021.01.23-21.06.53:030][586]PIE: New page: PIE session: NewMap (Jan 23, 2021, 11:06:53 AM)
[2021.01.23-21.06.53:030][586]LogPlayLevel: Creating play world package: /Game/Levels/UEDPIE_0_NewMap
[2021.01.23-21.06.53:036][586]LogPlayLevel: PIE: StaticDuplicateObject took: (0.005731s)
[2021.01.23-21.06.53:036][586]LogAIModule: Creating AISystem for world NewMap
[2021.01.23-21.06.53:037][586]LogPlayLevel: PIE: World Init took: (0.000568s)
[2021.01.23-21.06.53:037][586]LogPlayLevel: PIE: Created PIE world by copying editor world from /Game/Levels/NewMap.NewMap to /Game/Levels/UEDPIE_0_NewMap.NewMap (0.006832s)
[2021.01.23-21.06.53:071][586]LogUObjectHash: Compacting FUObjectHashTables data took   2.70ms
[2021.01.23-21.06.53:090][586]LogInit: XAudio2 using 'Headphones (AKG N60NC Wireless Stereo)' : 2 channels at 44.1 kHz using 16 bits per sample (channel mask 0x3)
[2021.01.23-21.06.53:098][586]LogInit: FAudioDevice initialized.
[2021.01.23-21.06.53:126][586]LogLoad: Game class is 'MyBuildingEscapeGameModeBase_BP_C'
[2021.01.23-21.06.53:127][586]LogWorld: Bringing World /Game/Levels/UEDPIE_0_NewMap.NewMap up for play (max tick rate 0) at 2021.01.23-16.06.53
[2021.01.23-21.06.53:127][586]LogWorld: Bringing up level for play took: 0.000997
[2021.01.23-21.06.53:140][586]PIE: Play in editor start time for /Game/Levels/UEDPIE_0_NewMap 0.513
[2021.01.23-21.06.53:140][586]LogBlueprintUserMessages: Late PlayInEditor Detection: Level '/Game/Levels/NewMap.NewMap:PersistentLevel' has LevelScriptBlueprint '/Game/Levels/NewMap.NewMap:PersistentLevel.NewMap' with GeneratedClass '/Game/Levels/NewMap.NewMap_C' with ClassGeneratedBy '/Game/Levels/NewMap.NewMap:PersistentLevel.NewMap'
[2021.01.23-21.07.00:728][165]Cmd: SELECT NONE
[2021.01.23-21.08.06:762][650]LogEditorViewport: Clicking on Actor (LMB): StaticMeshActor (Cube)
[2021.01.23-21.08.07:875][733]LogSlate: FSceneViewport::OnFocusLost() reason 0
[2021.01.23-21.08.14:456][281]LogEditorViewport: Clicking on Actor (context menu): StaticMeshActor (Cube)
[2021.01.23-21.08.14:486][281]LogSlate: FSceneViewport::OnFocusLost() reason 2
[2021.01.23-21.08.15:056][347]LogBlueprintUserMessages: Early EndPlayMap Detection: Level '/Game/Levels/NewMap.NewMap:PersistentLevel' has LevelScriptBlueprint '/Game/Levels/NewMap.NewMap:PersistentLevel.NewMap' with GeneratedClass '/Game/Levels/NewMap.NewMap_C' with ClassGeneratedBy '/Game/Levels/NewMap.NewMap:PersistentLevel.NewMap'
[2021.01.23-21.08.15:057][347]LogSlate: Updating window title bar state: overlay mode, drag disabled, window buttons hidden, title bar hidden
[2021.01.23-21.08.15:091][347]LogPlayLevel: Display: Shutting down PIE online subsystems
[2021.01.23-21.08.15:091][347]LogBlueprintUserMessages: Late EndPlayMap Detection: Level '/Game/Levels/NewMap.NewMap:PersistentLevel' has LevelScriptBlueprint '/Game/Levels/NewMap.NewMap:PersistentLevel.NewMap' with GeneratedClass '/Game/Levels/NewMap.NewMap_C' with ClassGeneratedBy '/Game/Levels/NewMap.NewMap:PersistentLevel.NewMap'
[2021.01.23-21.08.15:128][347]LogSlate: Updating window title bar state: overlay mode, drag disabled, window buttons hidden, title bar hidden
[2021.01.23-21.08.15:133][347]LogUObjectHash: Compacting FUObjectHashTables data took   3.04ms
[2021.01.23-21.08.15:175][350]LogPlayLevel: Display: Destroying online subsystem :Context_6
[2021.01.23-21.08.15:961][416]Candidate modules for hot reload:
[2021.01.23-21.08.15:961][416]  BuildingEscape
[2021.01.23-21.08.15:961][416]Launching UnrealBuildTool... [C:/Program Files/Epic Games/UE_4.22/Engine/Binaries/DotNET/UnrealBuildTool.exe  -ModuleWithSuffix=BuildingEscape,9367 Win64 Development -TargetType=Editor -Project="C:/Users/Mirza/Unreal-Learning-Demo/Unreal-Learning-Demo/Hameds Code/Section 3/BuildingEscape2/BuildingEscape.uproject" "C:/Users/Mirza/Unreal-Learning-Demo/Unreal-Learning-Demo/Hameds Code/Section 3/BuildingEscape2/BuildingEscape.uproject"  -IgnoreJunk]
[2021.01.23-21.08.15:969][416]Warning: Starting HotReload took  0.0s.
[2021.01.23-21.08.24:028][ 28]CompilerResultsLog: New page: Compilation - Jan 23, 2021, 11:08:24 AM
[2021.01.23-21.08.24:029][ 28]CompilerResultsLog: Creating makefile for BuildingEscapeEditor (ini files are newer than makefile)
[2021.01.23-21.08.24:029][ 28]CompilerResultsLog: Parsing headers for BuildingEscapeEditor
[2021.01.23-21.08.24:029][ 28]CompilerResultsLog:   Running UnrealHeaderTool "C:\Users\Mirza\Unreal-Learning-Demo\Unreal-Learning-Demo\Hameds Code\Section 3\BuildingEscape2\BuildingEscape.uproject" "C:\Users\Mirza\Unreal-Learning-Demo\Unreal-Learning-Demo\Hameds Code\Section 3\BuildingEscape2\Intermediate\Build\Win64\BuildingEscapeEditor\Development\BuildingEscapeEditor.uhtmanifest" -LogCmds="loginit warning, logexit warning, logdatabase error" -Unattended -WarningsAsErrors -installed
[2021.01.23-21.08.24:029][ 28]CompilerResultsLog: Reflection code generated for BuildingEscapeEditor in 4.9589501 seconds
[2021.01.23-21.08.24:029][ 28]CompilerResultsLog: Using Visual Studio 2019 14.28.29333 toolchain (C:\Program Files (x86)\Microsoft Visual Studio\2019\Community\VC\Tools\MSVC\14.28.29333) and Windows 10.0.18362.0 SDK (C:\Program Files (x86)\Windows Kits\10).
[2021.01.23-21.08.24:030][ 28]CompilerResultsLog: Building 4 actions with 16 processes...
[2021.01.23-21.08.24:030][ 28]CompilerResultsLog:   [1/4] Grabber.cpp
[2021.01.23-21.08.24:030][ 28]CompilerResultsLog:   [2/4] UE4Editor-BuildingEscape-9367.lib
[2021.01.23-21.08.24:030][ 28]CompilerResultsLog:      Creating library C:\Users\Mirza\Unreal-Learning-Demo\Unreal-Learning-Demo\Hameds Code\Section 3\BuildingEscape2\Intermediate\Build\Win64\UE4Editor\Development\BuildingEscape\UE4Editor-BuildingEscape-9367.lib and object C:\Users\Mirza\Unreal-Learning-Demo\Unreal-Learning-Demo\Hameds Code\Section 3\BuildingEscape2\Intermediate\Build\Win64\UE4Editor\Development\BuildingEscape\UE4Editor-BuildingEscape-9367.exp
[2021.01.23-21.08.24:030][ 28]CompilerResultsLog:   [3/4] UE4Editor-BuildingEscape-9367.dll
[2021.01.23-21.08.24:030][ 28]CompilerResultsLog:      Creating library C:\Users\Mirza\Unreal-Learning-Demo\Unreal-Learning-Demo\Hameds Code\Section 3\BuildingEscape2\Intermediate\Build\Win64\UE4Editor\Development\BuildingEscape\UE4Editor-BuildingEscape-9367.suppressed.lib and object C:\Users\Mirza\Unreal-Learning-Demo\Unreal-Learning-Demo\Hameds Code\Section 3\BuildingEscape2\Intermediate\Build\Win64\UE4Editor\Development\BuildingEscape\UE4Editor-BuildingEscape-9367.suppressed.exp
[2021.01.23-21.08.24:031][ 28]CompilerResultsLog:   [4/4] BuildingEscapeEditor.target
[2021.01.23-21.08.24:031][ 28]CompilerResultsLog: Total time in Parallel executor: 1.42 seconds
[2021.01.23-21.08.24:031][ 28]CompilerResultsLog: Total execution time: 7.98 seconds
[2021.01.23-21.08.24:031][ 28]LogMainFrame: MainFrame: Module compiling took 8.072 seconds
[2021.01.23-21.08.24:063][ 28]LogUObjectHash: Compacting FUObjectHashTables data took   1.07ms
[2021.01.23-21.08.24:063][ 28]LogBlueprintActionDatabase: Requesting refresh due to module change: BuildingEscape (unloaded)
[2021.01.23-21.08.24:106][ 28]LogBlueprintActionDatabase: Requesting refresh due to module change: BuildingEscape (loaded)
[2021.01.23-21.08.24:107][ 28]LogContentBrowser: Native class hierarchy updated for 'BuildingEscape' in 0.0005 seconds. Added 4 classes and 2 folders.
[2021.01.23-21.08.24:112][ 28]Display: HotReload successful (0 functions remapped  0 scriptstructs remapped)
[2021.01.23-21.08.24:330][ 28]LogUObjectHash: Compacting FUObjectHashTables data took   1.82ms
[2021.01.23-21.08.24:331][ 28]LogBlueprintActionDatabase: Requesting refresh due to hot reload
[2021.01.23-21.08.24:344][ 28]LogContentBrowser: Native class hierarchy populated in 0.0081 seconds. Added 2737 classes and 663 folders.
[2021.01.23-21.08.24:345][ 28]Display: HotReload took  8.4s.
[2021.01.23-21.08.26:107][148]LogSlate: FSceneViewport::OnFocusLost() reason 0
[2021.01.23-21.08.26:204][159]LogTemp: Repeating last play command: Selected Viewport
[2021.01.23-21.08.26:218][159]LogBlueprintUserMessages: Early PlayInEditor Detection: Level '/Game/Levels/NewMap.NewMap:PersistentLevel' has LevelScriptBlueprint '/Game/Levels/NewMap.NewMap:PersistentLevel.NewMap' with GeneratedClass '/Game/Levels/NewMap.NewMap_C' with ClassGeneratedBy '/Game/Levels/NewMap.NewMap:PersistentLevel.NewMap'
[2021.01.23-21.08.26:219][159]LogPlayLevel: PlayLevel: No blueprints needed recompiling
[2021.01.23-21.08.26:219][159]PIE: New page: PIE session: NewMap (Jan 23, 2021, 11:08:26 AM)
[2021.01.23-21.08.26:219][159]LogPlayLevel: Creating play world package: /Game/Levels/UEDPIE_0_NewMap
[2021.01.23-21.08.26:225][159]LogPlayLevel: PIE: StaticDuplicateObject took: (0.005666s)
[2021.01.23-21.08.26:225][159]LogAIModule: Creating AISystem for world NewMap
[2021.01.23-21.08.26:226][159]LogPlayLevel: PIE: World Init took: (0.000589s)
[2021.01.23-21.08.26:226][159]LogPlayLevel: PIE: Created PIE world by copying editor world from /Game/Levels/NewMap.NewMap to /Game/Levels/UEDPIE_0_NewMap.NewMap (0.006544s)
[2021.01.23-21.08.26:286][159]LogUObjectHash: Compacting FUObjectHashTables data took   4.18ms
[2021.01.23-21.08.26:304][159]LogInit: XAudio2 using 'Headphones (AKG N60NC Wireless Stereo)' : 2 channels at 44.1 kHz using 16 bits per sample (channel mask 0x3)
[2021.01.23-21.08.26:313][159]LogInit: FAudioDevice initialized.
[2021.01.23-21.08.26:342][159]LogLoad: Game class is 'MyBuildingEscapeGameModeBase_BP_C'
[2021.01.23-21.08.26:343][159]LogWorld: Bringing World /Game/Levels/UEDPIE_0_NewMap.NewMap up for play (max tick rate 0) at 2021.01.23-16.08.26
[2021.01.23-21.08.26:344][159]LogWorld: Bringing up level for play took: 0.001186
[2021.01.23-21.08.26:357][159]PIE: Play in editor start time for /Game/Levels/UEDPIE_0_NewMap -0.27
[2021.01.23-21.08.26:357][159]LogBlueprintUserMessages: Late PlayInEditor Detection: Level '/Game/Levels/NewMap.NewMap:PersistentLevel' has LevelScriptBlueprint '/Game/Levels/NewMap.NewMap:PersistentLevel.NewMap' with GeneratedClass '/Game/Levels/NewMap.NewMap_C' with ClassGeneratedBy '/Game/Levels/NewMap.NewMap:PersistentLevel.NewMap'
[2021.01.23-21.08.26:970][211]LogTemp: Warning: Grabber Pressed
[2021.01.23-21.08.27:217][233]LogTemp: Warning: Grabber Released
[2021.01.23-21.08.27:924][294]LogTemp: Warning: Grabber Pressed
[2021.01.23-21.08.27:924][294]LogTemp: Warning: Line trace has hit :Cube_2
[2021.01.23-21.08.29:828][460]LogTemp: Warning: Grabber Released
[2021.01.23-21.08.30:844][550]LogTemp: Warning: Grabber Pressed
[2021.01.23-21.08.30:844][550]LogTemp: Warning: Line trace has hit :Cube_2
[2021.01.23-21.08.31:026][566]LogTemp: Warning: Grabber Released
[2021.01.23-21.08.36:769][158]LogTemp: Warning: Grabber Pressed
[2021.01.23-21.08.36:769][158]LogTemp: Warning: Line trace has hit :Sphere_2
[2021.01.23-21.08.37:780][259]LogTemp: Warning: Grabber Released
[2021.01.23-21.08.40:711][563]LogTemp: Warning: Grabber Pressed
[2021.01.23-21.08.40:711][563]LogTemp: Warning: Line trace has hit :Sphere_2
[2021.01.23-21.08.40:826][575]LogTemp: Warning: Grabber Released
[2021.01.23-21.08.45:482][ 59]LogTemp: Warning: Grabber Pressed
[2021.01.23-21.08.45:482][ 59]LogTemp: Warning: Line trace has hit :Sphere_2
[2021.01.23-21.08.45:654][ 77]LogTemp: Warning: Grabber Released
[2021.01.23-21.08.46:251][138]LogTemp: Warning: Grabber Pressed
[2021.01.23-21.08.46:251][138]LogTemp: Warning: Line trace has hit :Sphere_2
[2021.01.23-21.08.46:417][155]LogTemp: Warning: Grabber Released
[2021.01.23-21.08.46:926][207]LogTemp: Warning: Grabber Pressed
[2021.01.23-21.08.46:926][207]LogTemp: Warning: Line trace has hit :Sphere_2
[2021.01.23-21.08.47:091][224]LogTemp: Warning: Grabber Released
[2021.01.23-21.08.49:159][442]LogTemp: Warning: Grabber Pressed
[2021.01.23-21.08.49:159][442]LogTemp: Warning: Line trace has hit :Sphere_2
[2021.01.23-21.08.50:268][557]LogTemp: Warning: Grabber Released
[2021.01.23-21.08.52:082][748]LogBlueprintUserMessages: Early EndPlayMap Detection: Level '/Game/Levels/NewMap.NewMap:PersistentLevel' has LevelScriptBlueprint '/Game/Levels/NewMap.NewMap:PersistentLevel.NewMap' with GeneratedClass '/Game/Levels/NewMap.NewMap_C' with ClassGeneratedBy '/Game/Levels/NewMap.NewMap:PersistentLevel.NewMap'
[2021.01.23-21.08.52:082][748]LogSlate: Updating window title bar state: overlay mode, drag disabled, window buttons hidden, title bar hidden
[2021.01.23-21.08.52:123][748]LogPlayLevel: Display: Shutting down PIE online subsystems
[2021.01.23-21.08.52:123][748]LogBlueprintUserMessages: Late EndPlayMap Detection: Level '/Game/Levels/NewMap.NewMap:PersistentLevel' has LevelScriptBlueprint '/Game/Levels/NewMap.NewMap:PersistentLevel.NewMap' with GeneratedClass '/Game/Levels/NewMap.NewMap_C' with ClassGeneratedBy '/Game/Levels/NewMap.NewMap:PersistentLevel.NewMap'
[2021.01.23-21.08.52:165][748]LogSlate: Updating window title bar state: overlay mode, drag disabled, window buttons hidden, title bar hidden
[2021.01.23-21.08.52:182][748]LogUObjectHash: Compacting FUObjectHashTables data took   3.28ms
[2021.01.23-21.08.52:201][749]LogPlayLevel: Display: Destroying online subsystem :Context_7
[2021.01.23-21.11.57:802][543]LogSlate: FSceneViewport::OnFocusLost() reason 0
[2021.01.23-21.11.57:904][550]Candidate modules for hot reload:
[2021.01.23-21.11.57:904][550]  BuildingEscape
[2021.01.23-21.11.57:904][550]Launching UnrealBuildTool... [C:/Program Files/Epic Games/UE_4.22/Engine/Binaries/DotNET/UnrealBuildTool.exe  -ModuleWithSuffix=BuildingEscape,8858 Win64 Development -TargetType=Editor -Project="C:/Users/Mirza/Unreal-Learning-Demo/Unreal-Learning-Demo/Hameds Code/Section 3/BuildingEscape2/BuildingEscape.uproject" "C:/Users/Mirza/Unreal-Learning-Demo/Unreal-Learning-Demo/Hameds Code/Section 3/BuildingEscape2/BuildingEscape.uproject"  -IgnoreJunk]
[2021.01.23-21.11.57:912][550]Warning: Starting HotReload took  0.0s.
[2021.01.23-21.12.06:191][  3]CompilerResultsLog: New page: Compilation - Jan 23, 2021, 11:12:06 AM
[2021.01.23-21.12.06:191][  3]CompilerResultsLog: Creating makefile for BuildingEscapeEditor (ini files are newer than makefile)
[2021.01.23-21.12.06:191][  3]CompilerResultsLog: Parsing headers for BuildingEscapeEditor
[2021.01.23-21.12.06:191][  3]CompilerResultsLog:   Running UnrealHeaderTool "C:\Users\Mirza\Unreal-Learning-Demo\Unreal-Learning-Demo\Hameds Code\Section 3\BuildingEscape2\BuildingEscape.uproject" "C:\Users\Mirza\Unreal-Learning-Demo\Unreal-Learning-Demo\Hameds Code\Section 3\BuildingEscape2\Intermediate\Build\Win64\BuildingEscapeEditor\Development\BuildingEscapeEditor.uhtmanifest" -LogCmds="loginit warning, logexit warning, logdatabase error" -Unattended -WarningsAsErrors -installed
[2021.01.23-21.12.06:192][  3]CompilerResultsLog: Reflection code generated for BuildingEscapeEditor in 5.0293097 seconds
[2021.01.23-21.12.06:192][  3]CompilerResultsLog: Using Visual Studio 2019 14.28.29333 toolchain (C:\Program Files (x86)\Microsoft Visual Studio\2019\Community\VC\Tools\MSVC\14.28.29333) and Windows 10.0.18362.0 SDK (C:\Program Files (x86)\Windows Kits\10).
[2021.01.23-21.12.06:192][  3]CompilerResultsLog: Building 4 actions with 16 processes...
[2021.01.23-21.12.06:192][  3]CompilerResultsLog:   [1/4] Grabber.cpp
[2021.01.23-21.12.06:192][  3]CompilerResultsLog:   [2/4] UE4Editor-BuildingEscape-8858.lib
[2021.01.23-21.12.06:192][  3]CompilerResultsLog:      Creating library C:\Users\Mirza\Unreal-Learning-Demo\Unreal-Learning-Demo\Hameds Code\Section 3\BuildingEscape2\Intermediate\Build\Win64\UE4Editor\Development\BuildingEscape\UE4Editor-BuildingEscape-8858.lib and object C:\Users\Mirza\Unreal-Learning-Demo\Unreal-Learning-Demo\Hameds Code\Section 3\BuildingEscape2\Intermediate\Build\Win64\UE4Editor\Development\BuildingEscape\UE4Editor-BuildingEscape-8858.exp
[2021.01.23-21.12.06:193][  3]CompilerResultsLog:   [3/4] UE4Editor-BuildingEscape-8858.dll
[2021.01.23-21.12.06:193][  3]CompilerResultsLog:      Creating library C:\Users\Mirza\Unreal-Learning-Demo\Unreal-Learning-Demo\Hameds Code\Section 3\BuildingEscape2\Intermediate\Build\Win64\UE4Editor\Development\BuildingEscape\UE4Editor-BuildingEscape-8858.suppressed.lib and object C:\Users\Mirza\Unreal-Learning-Demo\Unreal-Learning-Demo\Hameds Code\Section 3\BuildingEscape2\Intermediate\Build\Win64\UE4Editor\Development\BuildingEscape\UE4Editor-BuildingEscape-8858.suppressed.exp
[2021.01.23-21.12.06:194][  3]CompilerResultsLog:   [4/4] BuildingEscapeEditor.target
[2021.01.23-21.12.06:194][  3]CompilerResultsLog: Total time in Parallel executor: 1.49 seconds
[2021.01.23-21.12.06:194][  3]CompilerResultsLog: Total execution time: 8.21 seconds
[2021.01.23-21.12.06:194][  3]LogMainFrame: MainFrame: Module compiling took 8.302 seconds
[2021.01.23-21.12.06:228][  3]LogUObjectHash: Compacting FUObjectHashTables data took   1.11ms
[2021.01.23-21.12.06:228][  3]LogBlueprintActionDatabase: Requesting refresh due to module change: BuildingEscape (unloaded)
[2021.01.23-21.12.06:279][  3]LogBlueprintActionDatabase: Requesting refresh due to module change: BuildingEscape (loaded)
[2021.01.23-21.12.06:280][  3]LogContentBrowser: Native class hierarchy updated for 'BuildingEscape' in 0.0005 seconds. Added 4 classes and 2 folders.
[2021.01.23-21.12.06:287][  3]Display: HotReload successful (0 functions remapped  0 scriptstructs remapped)
[2021.01.23-21.12.06:354][  3]LogUObjectHash: Compacting FUObjectHashTables data took   1.90ms
[2021.01.23-21.12.06:354][  3]LogBlueprintActionDatabase: Requesting refresh due to hot reload
[2021.01.23-21.12.06:368][  3]LogContentBrowser: Native class hierarchy populated in 0.0083 seconds. Added 2737 classes and 663 folders.
[2021.01.23-21.12.06:368][  3]Display: HotReload took  8.5s.
[2021.01.23-21.12.08:700][170]LogSlate: FSceneViewport::OnFocusLost() reason 0
[2021.01.23-21.12.09:152][205]LogTemp: Repeating last play command: Selected Viewport
[2021.01.23-21.12.09:167][205]LogBlueprintUserMessages: Early PlayInEditor Detection: Level '/Game/Levels/NewMap.NewMap:PersistentLevel' has LevelScriptBlueprint '/Game/Levels/NewMap.NewMap:PersistentLevel.NewMap' with GeneratedClass '/Game/Levels/NewMap.NewMap_C' with ClassGeneratedBy '/Game/Levels/NewMap.NewMap:PersistentLevel.NewMap'
[2021.01.23-21.12.09:167][205]LogPlayLevel: PlayLevel: No blueprints needed recompiling
[2021.01.23-21.12.09:168][205]PIE: New page: PIE session: NewMap (Jan 23, 2021, 11:12:09 AM)
[2021.01.23-21.12.09:168][205]LogPlayLevel: Creating play world package: /Game/Levels/UEDPIE_0_NewMap
[2021.01.23-21.12.09:176][205]LogPlayLevel: PIE: StaticDuplicateObject took: (0.007939s)
[2021.01.23-21.12.09:176][205]LogAIModule: Creating AISystem for world NewMap
[2021.01.23-21.12.09:177][205]LogPlayLevel: PIE: World Init took: (0.000606s)
[2021.01.23-21.12.09:177][205]LogPlayLevel: PIE: Created PIE world by copying editor world from /Game/Levels/NewMap.NewMap to /Game/Levels/UEDPIE_0_NewMap.NewMap (0.008872s)
[2021.01.23-21.12.09:242][205]LogUObjectHash: Compacting FUObjectHashTables data took   3.68ms
[2021.01.23-21.12.09:260][205]LogInit: XAudio2 using 'Headphones (AKG N60NC Wireless Stereo)' : 2 channels at 44.1 kHz using 16 bits per sample (channel mask 0x3)
[2021.01.23-21.12.09:270][205]LogInit: FAudioDevice initialized.
[2021.01.23-21.12.09:296][205]LogLoad: Game class is 'MyBuildingEscapeGameModeBase_BP_C'
[2021.01.23-21.12.09:297][205]LogWorld: Bringing World /Game/Levels/UEDPIE_0_NewMap.NewMap up for play (max tick rate 0) at 2021.01.23-16.12.09
[2021.01.23-21.12.09:298][205]LogWorld: Bringing up level for play took: 0.001052
[2021.01.23-21.12.09:311][205]PIE: Play in editor start time for /Game/Levels/UEDPIE_0_NewMap 0.684
[2021.01.23-21.12.09:311][205]LogBlueprintUserMessages: Late PlayInEditor Detection: Level '/Game/Levels/NewMap.NewMap:PersistentLevel' has LevelScriptBlueprint '/Game/Levels/NewMap.NewMap:PersistentLevel.NewMap' with GeneratedClass '/Game/Levels/NewMap.NewMap_C' with ClassGeneratedBy '/Game/Levels/NewMap.NewMap:PersistentLevel.NewMap'
[2021.01.23-21.12.11:135][360]LogTemp: Warning: Grabber Pressed
[2021.01.23-21.12.11:136][360]LogTemp: Warning: Line trace has hit :Cube_2
[2021.01.23-21.12.11:720][412]LogTemp: Warning: Grabber Released
[2021.01.23-21.12.11:965][434]LogTemp: Warning: Grabber Pressed
[2021.01.23-21.12.11:965][434]LogTemp: Warning: Line trace has hit :Cube_2
[2021.01.23-21.12.13:497][570]LogTemp: Warning: Grabber Released
[2021.01.23-21.12.16:281][869]LogTemp: Warning: Grabber Pressed
[2021.01.23-21.12.16:281][869]LogTemp: Warning: Line trace has hit :Cube_2
[2021.01.23-21.12.17:651][ 16]LogTemp: Warning: Grabber Released
[2021.01.23-21.12.20:562][346]LogTemp: Warning: Grabber Pressed
[2021.01.23-21.12.21:007][398]LogTemp: Warning: Grabber Released
[2021.01.23-21.12.21:059][404]LogTemp: Warning: Grabber Pressed
[2021.01.23-21.12.21:619][468]LogTemp: Warning: Grabber Released
[2021.01.23-21.12.22:608][580]LogTemp: Warning: Grabber Pressed
[2021.01.23-21.12.23:016][626]LogTemp: Warning: Grabber Released
[2021.01.23-21.12.23:343][662]LogTemp: Warning: Grabber Pressed
[2021.01.23-21.12.23:343][662]LogTemp: Warning: Line trace has hit :Sphere_2
[2021.01.23-21.12.23:867][718]LogTemp: Warning: Grabber Released
[2021.01.23-21.12.24:089][741]LogTemp: Warning: Grabber Pressed
[2021.01.23-21.12.24:089][741]LogTemp: Warning: Line trace has hit :Sphere_2
[2021.01.23-21.12.25:563][894]LogTemp: Warning: Grabber Released
[2021.01.23-21.12.28:264][185]LogBlueprintUserMessages: Early EndPlayMap Detection: Level '/Game/Levels/NewMap.NewMap:PersistentLevel' has LevelScriptBlueprint '/Game/Levels/NewMap.NewMap:PersistentLevel.NewMap' with GeneratedClass '/Game/Levels/NewMap.NewMap_C' with ClassGeneratedBy '/Game/Levels/NewMap.NewMap:PersistentLevel.NewMap'
[2021.01.23-21.12.28:264][185]LogSlate: Updating window title bar state: overlay mode, drag disabled, window buttons hidden, title bar hidden
[2021.01.23-21.12.28:304][185]LogPlayLevel: Display: Shutting down PIE online subsystems
[2021.01.23-21.12.28:304][185]LogBlueprintUserMessages: Late EndPlayMap Detection: Level '/Game/Levels/NewMap.NewMap:PersistentLevel' has LevelScriptBlueprint '/Game/Levels/NewMap.NewMap:PersistentLevel.NewMap' with GeneratedClass '/Game/Levels/NewMap.NewMap_C' with ClassGeneratedBy '/Game/Levels/NewMap.NewMap:PersistentLevel.NewMap'
[2021.01.23-21.12.28:340][185]LogSlate: Updating window title bar state: overlay mode, drag disabled, window buttons hidden, title bar hidden
[2021.01.23-21.12.28:345][185]LogUObjectHash: Compacting FUObjectHashTables data took   3.36ms
[2021.01.23-21.12.28:366][186]LogPlayLevel: Display: Destroying online subsystem :Context_8
[2021.01.23-21.17.46:505][229]LogUObjectHash: Compacting FUObjectHashTables data took   1.16ms
[2021.01.23-21.17.46:781][229]LogSavePackage: Moving '../../../../../../Users/Mirza/Unreal-Learning-Demo/Unreal-Learning-Demo/Hameds Code/Section 3/BuildingEscape2/Saved/NewMap_Auto11FB98DAD4069C9DABBC5D8BE9079F52B.tmp' to '../../../../../../Users/Mirza/Unreal-Learning-Demo/Unreal-Learning-Demo/Hameds Code/Section 3/BuildingEscape2/Saved/Autosaves/Game/Levels/NewMap_Auto1.umap'
[2021.01.23-21.17.46:784][229]LogFileHelpers: Editor autosave (incl. sublevels) for '/Game/Levels/NewMap' took 0.306
[2021.01.23-21.17.46:784][229]LogFileHelpers: Editor autosave (incl. sublevels) for all levels took 0.306
[2021.01.23-21.22.15:937][310]LogSlate: FSceneViewport::OnFocusLost() reason 0
[2021.01.23-21.22.16:101][319]LogUObjectHash: Compacting FUObjectHashTables data took   2.55ms
[2021.01.23-21.22.16:352][319]LogSavePackage: Moving '../../../../../../Users/Mirza/Unreal-Learning-Demo/Unreal-Learning-Demo/Hameds Code/Section 3/BuildingEscape2/Saved/NewMapE64072174245A6EB4731ED93A62DE184.tmp' to '../../../../../../Users/Mirza/Unreal-Learning-Demo/Unreal-Learning-Demo/Hameds Code/Section 3/BuildingEscape2/Content/Levels/NewMap.umap'
[2021.01.23-21.22.16:459][319]LogSavePackage: Moving '../../../../../../Users/Mirza/Unreal-Learning-Demo/Unreal-Learning-Demo/Hameds Code/Section 3/BuildingEscape2/Saved/NewMap_BuiltDataC2E1D3B54E8E4BEBA1B41896EE8DBFC1.tmp' to '../../../../../../Users/Mirza/Unreal-Learning-Demo/Unreal-Learning-Demo/Hameds Code/Section 3/BuildingEscape2/Content/Levels/NewMap_BuiltData.uasset'
