Log file open, 01/22/21 15:07:49
LogWindows: Failed to load 'aqProf.dll' (GetLastError=126)
LogWindows: File 'aqProf.dll' does not exist
LogWindows: Failed to load 'VtuneApi.dll' (GetLastError=126)
LogWindows: File 'VtuneApi.dll' does not exist
LogWindows: Failed to load 'VtuneApi32e.dll' (GetLastError=126)
LogWindows: File 'VtuneApi32e.dll' does not exist
LogConsoleResponse: Display: Failed to find resolution value strings in scalability ini. Falling back to default.
LogInit: Display: Running engine for game: BuildingEscape
LogPakFile: Registered encryption key '00000000000000000000000000000000': 0 pak files mounted, 0 remain pending
LogPlatformFile: Not using cached read wrapper
LogTaskGraph: Started task graph with 5 named threads and 47 total threads with 3 sets of task threads.
LogStats: Stats thread started at 0.741908
LogD3D11RHI: Loaded GFSDK_Aftermath_Lib.x64.dll
LogICUInternationalization: ICU TimeZone Detection - Raw Offset: -5:00, Platform Override: ''
LogPluginManager: Mounting plugin Paper2D
LogPluginManager: Mounting plugin AISupport
LogPluginManager: Mounting plugin LightPropagationVolume
LogPluginManager: Mounting plugin ActorLayerUtilities
LogPluginManager: Mounting plugin AnimationSharing
LogPluginManager: Mounting plugin CLionSourceCodeAccess
LogPluginManager: Mounting plugin CodeLiteSourceCodeAccess
LogPluginManager: Mounting plugin GitSourceControl
LogPluginManager: Mounting plugin KDevelopSourceCodeAccess
LogPluginManager: Mounting plugin NullSourceCodeAccess
LogPluginManager: Mounting plugin PerforceSourceControl
LogPluginManager: Mounting plugin SubversionSourceControl
LogPluginManager: Mounting plugin UObjectPlugin
LogPluginManager: Mounting plugin VisualStudioCodeSourceCodeAccess
LogPluginManager: Mounting plugin VisualStudioSourceCodeAccess
LogPluginManager: Mounting plugin XCodeSourceCodeAccess
LogPluginManager: Mounting plugin AssetManagerEditor
LogPluginManager: Mounting plugin CryptoKeys
LogPluginManager: Mounting plugin DataValidation
LogPluginManager: Mounting plugin FacialAnimation
LogPluginManager: Mounting plugin GameplayTagsEditor
LogPluginManager: Mounting plugin MacGraphicsSwitching
LogPluginManager: Mounting plugin MaterialAnalyzer
LogPluginManager: Mounting plugin MobileLauncherProfileWizard
LogPluginManager: Mounting plugin PluginBrowser
LogPluginManager: Mounting plugin SpeedTreeImporter
LogPluginManager: Mounting plugin DatasmithContent
LogPluginManager: Mounting plugin VariantManagerContent
LogPluginManager: Mounting plugin AlembicImporter
LogPluginManager: Mounting plugin AppleImageUtils
LogPluginManager: Mounting plugin AppleVision
LogPluginManager: Mounting plugin BackChannel
LogPluginManager: Mounting plugin CharacterAI
LogPluginManager: Mounting plugin GeometryCache
LogPluginManager: Mounting plugin HTML5Networking
LogPluginManager: Mounting plugin ProxyLODPlugin
LogPluginManager: Mounting plugin SkeletalReduction
LogPluginManager: Mounting plugin MagicLeap
LogPluginManager: Mounting plugin MagicLeapMedia
LogPluginManager: Mounting plugin AndroidMedia
LogPluginManager: Mounting plugin AvfMedia
LogPluginManager: Mounting plugin ImgMedia
LogPluginManager: Mounting plugin LinearTimecode
LogPluginManager: Mounting plugin MediaCompositing
LogPluginManager: Mounting plugin MediaPlayerEditor
LogPluginManager: Mounting plugin WebMMedia
LogPluginManager: Mounting plugin WmfMedia
LogPluginManager: Mounting plugin TcpMessaging
LogPluginManager: Mounting plugin UdpMessaging
LogPluginManager: Mounting plugin ActorSequence
LogPluginManager: Mounting plugin LevelSequenceEditor
LogPluginManager: Mounting plugin MatineeToLevelSequence
LogPluginManager: Mounting plugin NetcodeUnitTest
LogPluginManager: Mounting plugin NUTUnrealEngine4
LogPluginManager: Mounting plugin OnlineSubsystemGooglePlay
LogPluginManager: Mounting plugin OnlineSubsystemIOS
LogPluginManager: Mounting plugin OnlineSubsystem
LogPluginManager: Mounting plugin OnlineSubsystemNull
LogPluginManager: Mounting plugin OnlineSubsystemUtils
LogPluginManager: Mounting plugin LauncherChunkInstaller
LogPluginManager: Mounting plugin AndroidDeviceProfileSelector
LogPluginManager: Mounting plugin AndroidMoviePlayer
LogPluginManager: Mounting plugin AndroidPermission
LogPluginManager: Mounting plugin AppleMoviePlayer
LogPluginManager: Mounting plugin ArchVisCharacter
LogPluginManager: Mounting plugin AudioCapture
LogPluginManager: Mounting plugin CableComponent
LogPluginManager: Mounting plugin CustomMeshComponent
LogPluginManager: Mounting plugin EditableMesh
LogPluginManager: Mounting plugin ExampleDeviceProfileSelector
LogPluginManager: Mounting plugin Firebase
LogPluginManager: Mounting plugin GoogleCloudMessaging
LogPluginManager: Mounting plugin IOSDeviceProfileSelector
LogPluginManager: Mounting plugin LinuxDeviceProfileSelector
LogPluginManager: Mounting plugin LocationServicesBPLibrary
LogPluginManager: Mounting plugin MobilePatchingUtils
LogPluginManager: Mounting plugin OculusVR
LogPluginManager: Mounting plugin PhysXVehicles
LogPluginManager: Mounting plugin ProceduralMeshComponent
LogPluginManager: Mounting plugin RuntimePhysXCooking
LogPluginManager: Mounting plugin SignificanceManager
LogPluginManager: Mounting plugin SteamVR
LogPluginManager: Mounting plugin WebMMoviePlayer
LogPluginManager: Mounting plugin WindowsMoviePlayer
LogInit: Using libcurl 7.55.1-DEV
LogInit:  - built for x86_64-pc-win32
LogInit:  - supports SSL with OpenSSL/1.1.1
LogInit:  - supports HTTP deflate (compression) using libz 1.2.8
LogInit:  - other features:
LogInit:      CURL_VERSION_SSL
LogInit:      CURL_VERSION_LIBZ
LogInit:      CURL_VERSION_IPV6
LogInit:      CURL_VERSION_ASYNCHDNS
LogInit:      CURL_VERSION_LARGEFILE
LogInit:      CURL_VERSION_IDN
LogInit:  CurlRequestOptions (configurable via config and command line):
LogInit:  - bVerifyPeer = true  - Libcurl will verify peer certificate
LogInit:  - bUseHttpProxy = false  - Libcurl will NOT use HTTP proxy
LogInit:  - bDontReuseConnections = false  - Libcurl will reuse connections
LogInit:  - MaxHostConnections = 16  - Libcurl will limit the number of connections to a host
LogInit:  - LocalHostAddr = Default
LogInit:  - BufferSize = 65536
LogInit: WinSock: version 1.1 (2.2), MaxSocks=32767, MaxUdp=65467
LogInit: Build: ++UE4+Release-4.22-CL-7053642
LogInit: Engine Version: 4.22.3-7053642+++UE4+Release-4.22
LogInit: Compatible Engine Version: 4.22.0-5660361+++UE4+Release-4.22
LogInit: Net CL: 5660361
LogInit: OS: Windows 10 (Release 2004) (), CPU: AMD Ryzen 7 3700X 8-Core Processor             , GPU: AMD Radeon R9 260
LogInit: Compiled (64-bit): Jun 18 2019 03:09:11
LogInit: Compiled with Visual C++: 19.16.27025.01
LogInit: Build Configuration: Development
LogInit: Branch Name: ++UE4+Release-4.22
LogInit: Command Line: 
LogInit: Base Directory: C:/Program Files/Epic Games/UE_4.22/Engine/Binaries/Win64/
LogInit: Installed Engine Build: 1
LogDevObjectVersion: Number of dev versions registered: 23
LogDevObjectVersion:   Dev-Blueprints (B0D832E4-1F89-4F0D-ACCF-7EB736FD4AA2): 10
LogDevObjectVersion:   Dev-Build (E1C64328-A22C-4D53-A36C-8E866417BD8C): 0
LogDevObjectVersion:   Dev-Core (375EC13C-06E4-48FB-B500-84F0262A717E): 3
LogDevObjectVersion:   Dev-Editor (E4B068ED-F494-42E9-A231-DA0B2E46BB41): 30
LogDevObjectVersion:   Dev-Framework (CFFC743F-43B0-4480-9391-14DF171D2073): 35
LogDevObjectVersion:   Dev-Mobile (B02B49B5-BB20-44E9-A304-32B752E40360): 2
LogDevObjectVersion:   Dev-Networking (A4E4105C-59A1-49B5-A7C5-40C4547EDFEE): 0
LogDevObjectVersion:   Dev-Online (39C831C9-5AE6-47DC-9A44-9C173E1C8E7C): 0
LogDevObjectVersion:   Dev-Physics (78F01B33-EBEA-4F98-B9B4-84EACCB95AA2): 0
LogDevObjectVersion:   Dev-Platform (6631380F-2D4D-43E0-8009-CF276956A95A): 0
LogDevObjectVersion:   Dev-Rendering (12F88B9F-8875-4AFC-A67C-D90C383ABD29): 28
LogDevObjectVersion:   Dev-Sequencer (7B5AE74C-D270-4C10-A958-57980B212A5A): 11
LogDevObjectVersion:   Dev-VR (D7296918-1DD6-4BDD-9DE2-64A83CC13884): 2
LogDevObjectVersion:   Dev-LoadTimes (C2A15278-BFE7-4AFE-6C17-90FF531DF755): 1
LogDevObjectVersion:   Private-Geometry (6EACA3D4-40EC-4CC1-B786-8BED09428FC5): 3
LogDevObjectVersion:   Dev-AnimPhys (29E575DD-E0A3-4627-9D10-D276232CDCEA): 17
LogDevObjectVersion:   Dev-Anim (AF43A65D-7FD3-4947-9873-3E8ED9C1BB05): 2
LogDevObjectVersion:   Dev-ReflectionCapture (6B266CEC-1EC7-4B8F-A30B-E4D90942FC07): 1
LogDevObjectVersion:   Dev-Automation (0DF73D61-A23F-47EA-B727-89E90C41499A): 1
LogDevObjectVersion:   FortniteMain (601D1886-AC64-4F84-AA16-D3DE0DEAC7D6): 25
LogDevObjectVersion:   Dev-Enterprise (9DFFBCD6-494F-0158-E221-12823C92A888): 6
LogDevObjectVersion:   Dev-Niagara (F2AED0AC-9AFE-416F-8664-AA7FFA26D6FC): 1
LogDevObjectVersion:   Dev-Destruction (174F1F0B-B4C6-45A5-B13F-2EE8D0FB917D): 2
LogInit: Presizing for max 16777216 objects, including 0 objects not considered by GC, pre-allocating 0 bytes for permanent pool.
LogInit: Object subsystem initialized
LogConfig: Setting CVar [[con.DebugEarlyDefault:1]]
LogConfig: Setting CVar [[r.setres:1280x720]]
[2021.01.22-20.07.49:911][  0]LogConfig: Setting CVar [[r.VSync:0]]
[2021.01.22-20.07.49:911][  0]LogConfig: Setting CVar [[r.RHICmdBypass:0]]
[2021.01.22-20.07.49:911][  0]LogConfig: Applying CVar settings from Section [/Script/Engine.RendererSettings] File [C:/Users/Mirza/Unreal-Learning-Demo/Unreal-Learning-Demo/Hameds Code/Section 3/BuildingEscape2/Saved/Config/Windows/Engine.ini]
[2021.01.22-20.07.49:911][  0]LogConfig: Setting CVar [[r.GPUCrashDebugging:0]]
[2021.01.22-20.07.49:911][  0]LogConfig: Setting CVar [[r.DefaultFeature.AutoExposure.ExtendDefaultLuminanceRange:1]]
[2021.01.22-20.07.49:911][  0]LogConfig: Applying CVar settings from Section [/Script/Engine.RendererOverrideSettings] File [C:/Users/Mirza/Unreal-Learning-Demo/Unreal-Learning-Demo/Hameds Code/Section 3/BuildingEscape2/Saved/Config/Windows/Engine.ini]
[2021.01.22-20.07.49:911][  0]LogConfig: Applying CVar settings from Section [/Script/Engine.StreamingSettings] File [C:/Users/Mirza/Unreal-Learning-Demo/Unreal-Learning-Demo/Hameds Code/Section 3/BuildingEscape2/Saved/Config/Windows/Engine.ini]
[2021.01.22-20.07.49:911][  0]LogConfig: Setting CVar [[s.MinBulkDataSizeForAsyncLoading:131072]]
[2021.01.22-20.07.49:911][  0]LogConfig: Setting CVar [[s.AsyncLoadingThreadEnabled:0]]
[2021.01.22-20.07.49:911][  0]LogConfig: Setting CVar [[s.EventDrivenLoaderEnabled:1]]
[2021.01.22-20.07.49:911][  0]LogConfig: Setting CVar [[s.WarnIfTimeLimitExceeded:0]]
[2021.01.22-20.07.49:911][  0]LogConfig: Setting CVar [[s.TimeLimitExceededMultiplier:1.5]]
[2021.01.22-20.07.49:911][  0]LogConfig: Setting CVar [[s.TimeLimitExceededMinTime:0.005]]
[2021.01.22-20.07.49:911][  0]LogConfig: Setting CVar [[s.UseBackgroundLevelStreaming:1]]
[2021.01.22-20.07.49:911][  0]LogConfig: Setting CVar [[s.PriorityAsyncLoadingExtraTime:15.0]]
[2021.01.22-20.07.49:911][  0]LogConfig: Setting CVar [[s.LevelStreamingActorsUpdateTimeLimit:5.0]]
[2021.01.22-20.07.49:911][  0]LogConfig: Setting CVar [[s.PriorityLevelStreamingActorsUpdateExtraTime:5.0]]
[2021.01.22-20.07.49:911][  0]LogConfig: Setting CVar [[s.LevelStreamingComponentsRegistrationGranularity:10]]
[2021.01.22-20.07.49:911][  0]LogConfig: Setting CVar [[s.UnregisterComponentsTimeLimit:1.0]]
[2021.01.22-20.07.49:911][  0]LogConfig: Setting CVar [[s.LevelStreamingComponentsUnregistrationGranularity:5]]
[2021.01.22-20.07.49:911][  0]LogConfig: Applying CVar settings from Section [/Script/Engine.GarbageCollectionSettings] File [C:/Users/Mirza/Unreal-Learning-Demo/Unreal-Learning-Demo/Hameds Code/Section 3/BuildingEscape2/Saved/Config/Windows/Engine.ini]
[2021.01.22-20.07.49:911][  0]LogConfig: Setting CVar [[gc.MaxObjectsNotConsideredByGC:1]]
[2021.01.22-20.07.49:911][  0]LogConfig: Setting CVar [[gc.SizeOfPermanentObjectPool:0]]
[2021.01.22-20.07.49:911][  0]LogConfig: Setting CVar [[gc.FlushStreamingOnGC:0]]
[2021.01.22-20.07.49:911][  0]LogConfig: Setting CVar [[gc.NumRetriesBeforeForcingGC:10]]
[2021.01.22-20.07.49:911][  0]LogConfig: Setting CVar [[gc.AllowParallelGC:1]]
[2021.01.22-20.07.49:911][  0]LogConfig: Setting CVar [[gc.TimeBetweenPurgingPendingKillObjects:61.1]]
[2021.01.22-20.07.49:911][  0]LogConfig: Setting CVar [[gc.MaxObjectsInEditor:16777216]]
[2021.01.22-20.07.49:911][  0]LogConfig: Setting CVar [[gc.IncrementalBeginDestroyEnabled:1]]
[2021.01.22-20.07.49:911][  0]LogConfig: Setting CVar [[gc.CreateGCClusters:1]]
[2021.01.22-20.07.49:911][  0]LogConfig: Setting CVar [[gc.MinGCClusterSize:5]]
[2021.01.22-20.07.49:911][  0]LogConfig: Setting CVar [[gc.ActorClusteringEnabled:0]]
[2021.01.22-20.07.49:911][  0]LogConfig: Setting CVar [[gc.BlueprintClusteringEnabled:0]]
[2021.01.22-20.07.49:911][  0]LogConfig: Setting CVar [[gc.UseDisregardForGCOnDedicatedServers:0]]
[2021.01.22-20.07.49:911][  0]LogConfig: Applying CVar settings from Section [/Script/Engine.NetworkSettings] File [C:/Users/Mirza/Unreal-Learning-Demo/Unreal-Learning-Demo/Hameds Code/Section 3/BuildingEscape2/Saved/Config/Windows/Engine.ini]
[2021.01.22-20.07.49:911][  0]LogConfig: Applying CVar settings from Section [/Script/UnrealEd.CookerSettings] File [C:/Users/Mirza/Unreal-Learning-Demo/Unreal-Learning-Demo/Hameds Code/Section 3/BuildingEscape2/Saved/Config/Windows/Engine.ini]
[2021.01.22-20.07.49:915][  0]LogConfig: Applying CVar settings from Section [ViewDistanceQuality@3] File [C:/Users/Mirza/Unreal-Learning-Demo/Unreal-Learning-Demo/Hameds Code/Section 3/BuildingEscape2/Saved/Config/Windows/Scalability.ini]
[2021.01.22-20.07.49:915][  0]LogConfig: Setting CVar [[r.SkeletalMeshLODBias:0]]
[2021.01.22-20.07.49:915][  0]LogConfig: Setting CVar [[r.ViewDistanceScale:1.0]]
[2021.01.22-20.07.49:915][  0]LogConfig: Applying CVar settings from Section [AntiAliasingQuality@3] File [C:/Users/Mirza/Unreal-Learning-Demo/Unreal-Learning-Demo/Hameds Code/Section 3/BuildingEscape2/Saved/Config/Windows/Scalability.ini]
[2021.01.22-20.07.49:915][  0]LogConfig: Setting CVar [[r.PostProcessAAQuality:4]]
[2021.01.22-20.07.49:915][  0]LogConfig: Applying CVar settings from Section [ShadowQuality@3] File [C:/Users/Mirza/Unreal-Learning-Demo/Unreal-Learning-Demo/Hameds Code/Section 3/BuildingEscape2/Saved/Config/Windows/Scalability.ini]
[2021.01.22-20.07.49:915][  0]LogConfig: Setting CVar [[r.LightFunctionQuality:1]]
[2021.01.22-20.07.49:915][  0]LogConfig: Setting CVar [[r.ShadowQuality:5]]
[2021.01.22-20.07.49:915][  0]LogConfig: Setting CVar [[r.Shadow.CSM.MaxCascades:10]]
[2021.01.22-20.07.49:915][  0]LogConfig: Setting CVar [[r.Shadow.MaxResolution:2048]]
[2021.01.22-20.07.49:915][  0]LogConfig: Setting CVar [[r.Shadow.MaxCSMResolution:2048]]
[2021.01.22-20.07.49:915][  0]LogConfig: Setting CVar [[r.Shadow.RadiusThreshold:0.01]]
[2021.01.22-20.07.49:915][  0]LogConfig: Setting CVar [[r.Shadow.DistanceScale:1.0]]
[2021.01.22-20.07.49:915][  0]LogConfig: Setting CVar [[r.Shadow.CSM.TransitionScale:1.0]]
[2021.01.22-20.07.49:915][  0]LogConfig: Setting CVar [[r.Shadow.PreShadowResolutionFactor:1.0]]
[2021.01.22-20.07.49:915][  0]LogConfig: Setting CVar [[r.DistanceFieldShadowing:1]]
[2021.01.22-20.07.49:915][  0]LogConfig: Setting CVar [[r.DistanceFieldAO:1]]
[2021.01.22-20.07.49:915][  0]LogConfig: Setting CVar [[r.AOQuality:2]]
[2021.01.22-20.07.49:915][  0]LogConfig: Setting CVar [[r.VolumetricFog:1]]
[2021.01.22-20.07.49:915][  0]LogConfig: Setting CVar [[r.VolumetricFog.GridPixelSize:8]]
[2021.01.22-20.07.49:915][  0]LogConfig: Setting CVar [[r.VolumetricFog.GridSizeZ:128]]
[2021.01.22-20.07.49:915][  0]LogConfig: Setting CVar [[r.VolumetricFog.HistoryMissSupersampleCount:4]]
[2021.01.22-20.07.49:915][  0]LogConfig: Setting CVar [[r.LightMaxDrawDistanceScale:1]]
[2021.01.22-20.07.49:915][  0]LogConfig: Setting CVar [[r.CapsuleShadows:1]]
[2021.01.22-20.07.49:915][  0]LogConfig: Applying CVar settings from Section [PostProcessQuality@3] File [C:/Users/Mirza/Unreal-Learning-Demo/Unreal-Learning-Demo/Hameds Code/Section 3/BuildingEscape2/Saved/Config/Windows/Scalability.ini]
[2021.01.22-20.07.49:915][  0]LogConfig: Setting CVar [[r.MotionBlurQuality:4]]
[2021.01.22-20.07.49:915][  0]LogConfig: Setting CVar [[r.AmbientOcclusionMipLevelFactor:0.4]]
[2021.01.22-20.07.49:915][  0]LogConfig: Setting CVar [[r.AmbientOcclusionMaxQuality:100]]
[2021.01.22-20.07.49:915][  0]LogConfig: Setting CVar [[r.AmbientOcclusionLevels:-1]]
[2021.01.22-20.07.49:915][  0]LogConfig: Setting CVar [[r.AmbientOcclusionRadiusScale:1.0]]
[2021.01.22-20.07.49:915][  0]LogConfig: Setting CVar [[r.DepthOfFieldQuality:2]]
[2021.01.22-20.07.49:915][  0]LogConfig: Setting CVar [[r.RenderTargetPoolMin:400]]
[2021.01.22-20.07.49:915][  0]LogConfig: Setting CVar [[r.LensFlareQuality:2]]
[2021.01.22-20.07.49:915][  0]LogConfig: Setting CVar [[r.SceneColorFringeQuality:1]]
[2021.01.22-20.07.49:915][  0]LogConfig: Setting CVar [[r.EyeAdaptationQuality:2]]
[2021.01.22-20.07.49:915][  0]LogConfig: Setting CVar [[r.BloomQuality:5]]
[2021.01.22-20.07.49:915][  0]LogConfig: Setting CVar [[r.FastBlurThreshold:100]]
[2021.01.22-20.07.49:915][  0]LogConfig: Setting CVar [[r.Upscale.Quality:3]]
[2021.01.22-20.07.49:915][  0]LogConfig: Setting CVar [[r.Tonemapper.GrainQuantization:1]]
[2021.01.22-20.07.49:916][  0]LogConfig: Setting CVar [[r.LightShaftQuality:1]]
[2021.01.22-20.07.49:916][  0]LogConfig: Setting CVar [[r.Filter.SizeScale:1]]
[2021.01.22-20.07.49:916][  0]LogConfig: Setting CVar [[r.Tonemapper.Quality:5]]
[2021.01.22-20.07.49:916][  0]LogConfig: Setting CVar [[r.DOF.Gather.AccumulatorQuality:1        ; higher gathering accumulator quality]]
[2021.01.22-20.07.49:916][  0]LogConfig: Setting CVar [[r.DOF.Gather.PostfilterMethod:1          ; Median3x3 postfilering method]]
[2021.01.22-20.07.49:916][  0]LogConfig: Setting CVar [[r.DOF.Gather.EnableBokehSettings:0       ; no bokeh simulation when gathering]]
[2021.01.22-20.07.49:916][  0]LogConfig: Setting CVar [[r.DOF.Gather.RingCount:4                 ; medium number of samples when gathering]]
[2021.01.22-20.07.49:916][  0]LogConfig: Setting CVar [[r.DOF.Scatter.ForegroundCompositing:1    ; additive foreground scattering]]
[2021.01.22-20.07.49:916][  0]LogConfig: Setting CVar [[r.DOF.Scatter.BackgroundCompositing:2    ; additive background scattering]]
[2021.01.22-20.07.49:916][  0]LogConfig: Setting CVar [[r.DOF.Scatter.EnableBokehSettings:1      ; bokeh simulation when scattering]]
[2021.01.22-20.07.49:916][  0]LogConfig: Setting CVar [[r.DOF.Scatter.MaxSpriteRatio:0.1         ; only a maximum of 10% of scattered bokeh]]
[2021.01.22-20.07.49:916][  0]LogConfig: Setting CVar [[r.DOF.Recombine.Quality:1                ; cheap slight out of focus]]
[2021.01.22-20.07.49:916][  0]LogConfig: Setting CVar [[r.DOF.Recombine.EnableBokehSettings:0    ; no bokeh simulation on slight out of focus]]
[2021.01.22-20.07.49:916][  0]LogConfig: Setting CVar [[r.DOF.TemporalAAQuality:1                ; more stable temporal accumulation]]
[2021.01.22-20.07.49:916][  0]LogConfig: Setting CVar [[r.DOF.Kernel.MaxForegroundRadius:0.025]]
[2021.01.22-20.07.49:916][  0]LogConfig: Setting CVar [[r.DOF.Kernel.MaxBackgroundRadius:0.025]]
[2021.01.22-20.07.49:916][  0]LogConfig: Applying CVar settings from Section [TextureQuality@3] File [C:/Users/Mirza/Unreal-Learning-Demo/Unreal-Learning-Demo/Hameds Code/Section 3/BuildingEscape2/Saved/Config/Windows/Scalability.ini]
[2021.01.22-20.07.49:916][  0]LogConfig: Setting CVar [[r.Streaming.MipBias:0]]
[2021.01.22-20.07.49:916][  0]LogConfig: Setting CVar [[r.Streaming.AmortizeCPUToGPUCopy:0]]
[2021.01.22-20.07.49:916][  0]LogConfig: Setting CVar [[r.Streaming.MaxNumTexturesToStreamPerFrame:0]]
[2021.01.22-20.07.49:916][  0]LogConfig: Setting CVar [[r.Streaming.Boost:1]]
[2021.01.22-20.07.49:916][  0]LogConfig: Setting CVar [[r.MaxAnisotropy:8]]
[2021.01.22-20.07.49:916][  0]LogConfig: Setting CVar [[r.Streaming.LimitPoolSizeToVRAM:0]]
[2021.01.22-20.07.49:916][  0]LogConfig: Setting CVar [[r.Streaming.PoolSize:1000]]
[2021.01.22-20.07.49:916][  0]LogConfig: Setting CVar [[r.Streaming.MaxEffectiveScreenSize:0]]
[2021.01.22-20.07.49:916][  0]LogConfig: Applying CVar settings from Section [EffectsQuality@3] File [C:/Users/Mirza/Unreal-Learning-Demo/Unreal-Learning-Demo/Hameds Code/Section 3/BuildingEscape2/Saved/Config/Windows/Scalability.ini]
[2021.01.22-20.07.49:916][  0]LogConfig: Setting CVar [[r.TranslucencyLightingVolumeDim:64]]
[2021.01.22-20.07.49:916][  0]LogConfig: Setting CVar [[r.RefractionQuality:2]]
[2021.01.22-20.07.49:916][  0]LogConfig: Setting CVar [[r.SSR.Quality:3]]
[2021.01.22-20.07.49:916][  0]LogConfig: Setting CVar [[r.SceneColorFormat:4]]
[2021.01.22-20.07.49:916][  0]LogConfig: Setting CVar [[r.DetailMode:2]]
[2021.01.22-20.07.49:916][  0]LogConfig: Setting CVar [[r.TranslucencyVolumeBlur:1]]
[2021.01.22-20.07.49:916][  0]LogConfig: Setting CVar [[r.MaterialQualityLevel:1 ; High quality]]
[2021.01.22-20.07.49:916][  0]LogConfig: Setting CVar [[r.SSS.Scale:1]]
[2021.01.22-20.07.49:916][  0]LogConfig: Setting CVar [[r.SSS.SampleSet:2]]
[2021.01.22-20.07.49:916][  0]LogConfig: Setting CVar [[r.SSS.Quality:1]]
[2021.01.22-20.07.49:916][  0]LogConfig: Setting CVar [[r.SSS.HalfRes:1]]
[2021.01.22-20.07.49:916][  0]LogConfig: Setting CVar [[r.EmitterSpawnRateScale:1.0]]
[2021.01.22-20.07.49:916][  0]LogConfig: Setting CVar [[r.ParticleLightQuality:2]]
[2021.01.22-20.07.49:916][  0]LogConfig: Applying CVar settings from Section [FoliageQuality@3] File [C:/Users/Mirza/Unreal-Learning-Demo/Unreal-Learning-Demo/Hameds Code/Section 3/BuildingEscape2/Saved/Config/Windows/Scalability.ini]
[2021.01.22-20.07.49:916][  0]LogConfig: Setting CVar [[foliage.DensityScale:1.0]]
[2021.01.22-20.07.49:916][  0]LogConfig: Setting CVar [[grass.DensityScale:1.0]]
[2021.01.22-20.07.49:916][  0]LogInit: Selected Device Profile: [Windows]
[2021.01.22-20.07.49:916][  0]LogInit: Applying CVar settings loaded from the selected device profile: [Windows]
[2021.01.22-20.07.49:925][  0]LogHAL: Display: Platform has ~ 16 GB [17086349312 / 17179869184 / 16], which maps to Larger [LargestMinGB=32, LargerMinGB=12, DefaultMinGB=8, SmallerMinGB=6, SmallestMinGB=0)
[2021.01.22-20.07.49:926][  0]LogConfig: Setting CVar [[r.Vulkan.UseRealUBs:0		; Required until we fix HLR fall-out]]
[2021.01.22-20.07.49:926][  0]LogInit: Going up to parent DeviceProfile []
[2021.01.22-20.07.49:926][  0]LogConfig: Applying CVar settings from Section [ViewDistanceQuality@3] File [C:/Users/Mirza/Unreal-Learning-Demo/Unreal-Learning-Demo/Hameds Code/Section 3/BuildingEscape2/Saved/Config/Windows/Scalability.ini]
[2021.01.22-20.07.49:926][  0]LogConfig: Setting CVar [[r.SkeletalMeshLODBias:0]]
[2021.01.22-20.07.49:926][  0]LogConfig: Setting CVar [[r.ViewDistanceScale:1.0]]
[2021.01.22-20.07.49:926][  0]LogConfig: Applying CVar settings from Section [AntiAliasingQuality@3] File [C:/Users/Mirza/Unreal-Learning-Demo/Unreal-Learning-Demo/Hameds Code/Section 3/BuildingEscape2/Saved/Config/Windows/Scalability.ini]
[2021.01.22-20.07.49:926][  0]LogConfig: Setting CVar [[r.PostProcessAAQuality:4]]
[2021.01.22-20.07.49:926][  0]LogConfig: Applying CVar settings from Section [ShadowQuality@3] File [C:/Users/Mirza/Unreal-Learning-Demo/Unreal-Learning-Demo/Hameds Code/Section 3/BuildingEscape2/Saved/Config/Windows/Scalability.ini]
[2021.01.22-20.07.49:926][  0]LogConfig: Setting CVar [[r.LightFunctionQuality:1]]
[2021.01.22-20.07.49:926][  0]LogConfig: Setting CVar [[r.ShadowQuality:5]]
[2021.01.22-20.07.49:926][  0]LogConfig: Setting CVar [[r.Shadow.CSM.MaxCascades:10]]
[2021.01.22-20.07.49:926][  0]LogConfig: Setting CVar [[r.Shadow.MaxResolution:2048]]
[2021.01.22-20.07.49:926][  0]LogConfig: Setting CVar [[r.Shadow.MaxCSMResolution:2048]]
[2021.01.22-20.07.49:926][  0]LogConfig: Setting CVar [[r.Shadow.RadiusThreshold:0.01]]
[2021.01.22-20.07.49:926][  0]LogConfig: Setting CVar [[r.Shadow.DistanceScale:1.0]]
[2021.01.22-20.07.49:926][  0]LogConfig: Setting CVar [[r.Shadow.CSM.TransitionScale:1.0]]
[2021.01.22-20.07.49:926][  0]LogConfig: Setting CVar [[r.Shadow.PreShadowResolutionFactor:1.0]]
[2021.01.22-20.07.49:926][  0]LogConfig: Setting CVar [[r.DistanceFieldShadowing:1]]
[2021.01.22-20.07.49:926][  0]LogConfig: Setting CVar [[r.DistanceFieldAO:1]]
[2021.01.22-20.07.49:926][  0]LogConfig: Setting CVar [[r.AOQuality:2]]
[2021.01.22-20.07.49:926][  0]LogConfig: Setting CVar [[r.VolumetricFog:1]]
[2021.01.22-20.07.49:926][  0]LogConfig: Setting CVar [[r.VolumetricFog.GridPixelSize:8]]
[2021.01.22-20.07.49:926][  0]LogConfig: Setting CVar [[r.VolumetricFog.GridSizeZ:128]]
[2021.01.22-20.07.49:926][  0]LogConfig: Setting CVar [[r.VolumetricFog.HistoryMissSupersampleCount:4]]
[2021.01.22-20.07.49:926][  0]LogConfig: Setting CVar [[r.LightMaxDrawDistanceScale:1]]
[2021.01.22-20.07.49:926][  0]LogConfig: Setting CVar [[r.CapsuleShadows:1]]
[2021.01.22-20.07.49:926][  0]LogConfig: Applying CVar settings from Section [PostProcessQuality@3] File [C:/Users/Mirza/Unreal-Learning-Demo/Unreal-Learning-Demo/Hameds Code/Section 3/BuildingEscape2/Saved/Config/Windows/Scalability.ini]
[2021.01.22-20.07.49:926][  0]LogConfig: Setting CVar [[r.MotionBlurQuality:4]]
[2021.01.22-20.07.49:926][  0]LogConfig: Setting CVar [[r.AmbientOcclusionMipLevelFactor:0.4]]
[2021.01.22-20.07.49:926][  0]LogConfig: Setting CVar [[r.AmbientOcclusionMaxQuality:100]]
[2021.01.22-20.07.49:926][  0]LogConfig: Setting CVar [[r.AmbientOcclusionLevels:-1]]
[2021.01.22-20.07.49:926][  0]LogConfig: Setting CVar [[r.AmbientOcclusionRadiusScale:1.0]]
[2021.01.22-20.07.49:926][  0]LogConfig: Setting CVar [[r.DepthOfFieldQuality:2]]
[2021.01.22-20.07.49:926][  0]LogConfig: Setting CVar [[r.RenderTargetPoolMin:400]]
[2021.01.22-20.07.49:926][  0]LogConfig: Setting CVar [[r.LensFlareQuality:2]]
[2021.01.22-20.07.49:926][  0]LogConfig: Setting CVar [[r.SceneColorFringeQuality:1]]
[2021.01.22-20.07.49:926][  0]LogConfig: Setting CVar [[r.EyeAdaptationQuality:2]]
[2021.01.22-20.07.49:926][  0]LogConfig: Setting CVar [[r.BloomQuality:5]]
[2021.01.22-20.07.49:926][  0]LogConfig: Setting CVar [[r.FastBlurThreshold:100]]
[2021.01.22-20.07.49:926][  0]LogConfig: Setting CVar [[r.Upscale.Quality:3]]
[2021.01.22-20.07.49:926][  0]LogConfig: Setting CVar [[r.Tonemapper.GrainQuantization:1]]
[2021.01.22-20.07.49:926][  0]LogConfig: Setting CVar [[r.LightShaftQuality:1]]
[2021.01.22-20.07.49:926][  0]LogConfig: Setting CVar [[r.Filter.SizeScale:1]]
[2021.01.22-20.07.49:926][  0]LogConfig: Setting CVar [[r.Tonemapper.Quality:5]]
[2021.01.22-20.07.49:926][  0]LogConfig: Setting CVar [[r.DOF.Gather.AccumulatorQuality:1        ; higher gathering accumulator quality]]
[2021.01.22-20.07.49:926][  0]LogConfig: Setting CVar [[r.DOF.Gather.PostfilterMethod:1          ; Median3x3 postfilering method]]
[2021.01.22-20.07.49:926][  0]LogConfig: Setting CVar [[r.DOF.Gather.EnableBokehSettings:0       ; no bokeh simulation when gathering]]
[2021.01.22-20.07.49:926][  0]LogConfig: Setting CVar [[r.DOF.Gather.RingCount:4                 ; medium number of samples when gathering]]
[2021.01.22-20.07.49:926][  0]LogConfig: Setting CVar [[r.DOF.Scatter.ForegroundCompositing:1    ; additive foreground scattering]]
[2021.01.22-20.07.49:926][  0]LogConfig: Setting CVar [[r.DOF.Scatter.BackgroundCompositing:2    ; additive background scattering]]
[2021.01.22-20.07.49:926][  0]LogConfig: Setting CVar [[r.DOF.Scatter.EnableBokehSettings:1      ; bokeh simulation when scattering]]
[2021.01.22-20.07.49:926][  0]LogConfig: Setting CVar [[r.DOF.Scatter.MaxSpriteRatio:0.1         ; only a maximum of 10% of scattered bokeh]]
[2021.01.22-20.07.49:926][  0]LogConfig: Setting CVar [[r.DOF.Recombine.Quality:1                ; cheap slight out of focus]]
[2021.01.22-20.07.49:926][  0]LogConfig: Setting CVar [[r.DOF.Recombine.EnableBokehSettings:0    ; no bokeh simulation on slight out of focus]]
[2021.01.22-20.07.49:926][  0]LogConfig: Setting CVar [[r.DOF.TemporalAAQuality:1                ; more stable temporal accumulation]]
[2021.01.22-20.07.49:926][  0]LogConfig: Setting CVar [[r.DOF.Kernel.MaxForegroundRadius:0.025]]
[2021.01.22-20.07.49:926][  0]LogConfig: Setting CVar [[r.DOF.Kernel.MaxBackgroundRadius:0.025]]
[2021.01.22-20.07.49:926][  0]LogConfig: Applying CVar settings from Section [TextureQuality@3] File [C:/Users/Mirza/Unreal-Learning-Demo/Unreal-Learning-Demo/Hameds Code/Section 3/BuildingEscape2/Saved/Config/Windows/Scalability.ini]
[2021.01.22-20.07.49:926][  0]LogConfig: Setting CVar [[r.Streaming.MipBias:0]]
[2021.01.22-20.07.49:926][  0]LogConfig: Setting CVar [[r.Streaming.AmortizeCPUToGPUCopy:0]]
[2021.01.22-20.07.49:926][  0]LogConfig: Setting CVar [[r.Streaming.MaxNumTexturesToStreamPerFrame:0]]
[2021.01.22-20.07.49:926][  0]LogConfig: Setting CVar [[r.Streaming.Boost:1]]
[2021.01.22-20.07.49:926][  0]LogConfig: Setting CVar [[r.MaxAnisotropy:8]]
[2021.01.22-20.07.49:926][  0]LogConfig: Setting CVar [[r.Streaming.LimitPoolSizeToVRAM:0]]
[2021.01.22-20.07.49:926][  0]LogConfig: Setting CVar [[r.Streaming.PoolSize:1000]]
[2021.01.22-20.07.49:926][  0]LogConfig: Setting CVar [[r.Streaming.MaxEffectiveScreenSize:0]]
[2021.01.22-20.07.49:926][  0]LogConfig: Applying CVar settings from Section [EffectsQuality@3] File [C:/Users/Mirza/Unreal-Learning-Demo/Unreal-Learning-Demo/Hameds Code/Section 3/BuildingEscape2/Saved/Config/Windows/Scalability.ini]
[2021.01.22-20.07.49:926][  0]LogConfig: Setting CVar [[r.TranslucencyLightingVolumeDim:64]]
[2021.01.22-20.07.49:926][  0]LogConfig: Setting CVar [[r.RefractionQuality:2]]
[2021.01.22-20.07.49:926][  0]LogConfig: Setting CVar [[r.SSR.Quality:3]]
[2021.01.22-20.07.49:926][  0]LogConfig: Setting CVar [[r.SceneColorFormat:4]]
[2021.01.22-20.07.49:926][  0]LogConfig: Setting CVar [[r.DetailMode:2]]
[2021.01.22-20.07.49:926][  0]LogConfig: Setting CVar [[r.TranslucencyVolumeBlur:1]]
[2021.01.22-20.07.49:926][  0]LogConfig: Setting CVar [[r.MaterialQualityLevel:1 ; High quality]]
[2021.01.22-20.07.49:926][  0]LogConfig: Setting CVar [[r.SSS.Scale:1]]
[2021.01.22-20.07.49:926][  0]LogConfig: Setting CVar [[r.SSS.SampleSet:2]]
[2021.01.22-20.07.49:926][  0]LogConfig: Setting CVar [[r.SSS.Quality:1]]
[2021.01.22-20.07.49:926][  0]LogConfig: Setting CVar [[r.SSS.HalfRes:1]]
[2021.01.22-20.07.49:926][  0]LogConfig: Setting CVar [[r.EmitterSpawnRateScale:1.0]]
[2021.01.22-20.07.49:926][  0]LogConfig: Setting CVar [[r.ParticleLightQuality:2]]
[2021.01.22-20.07.49:926][  0]LogConfig: Applying CVar settings from Section [FoliageQuality@3] File [C:/Users/Mirza/Unreal-Learning-Demo/Unreal-Learning-Demo/Hameds Code/Section 3/BuildingEscape2/Saved/Config/Windows/Scalability.ini]
[2021.01.22-20.07.49:926][  0]LogConfig: Setting CVar [[foliage.DensityScale:1.0]]
[2021.01.22-20.07.49:926][  0]LogConfig: Setting CVar [[grass.DensityScale:1.0]]
[2021.01.22-20.07.49:926][  0]LogConfig: Applying CVar settings from Section [Startup] File [../../../Engine/Config/ConsoleVariables.ini]
[2021.01.22-20.07.49:926][  0]LogConfig: Setting CVar [[net.UseAdaptiveNetUpdateFrequency:0]]
[2021.01.22-20.07.49:926][  0]LogConfig: Setting CVar [[p.chaos.AllowCreatePhysxBodies:1]]
[2021.01.22-20.07.49:927][  0]LogConfig: Applying CVar settings from Section [ConsoleVariables] File [C:/Users/Mirza/Unreal-Learning-Demo/Unreal-Learning-Demo/Hameds Code/Section 3/BuildingEscape2/Saved/Config/Windows/Engine.ini]
[2021.01.22-20.07.49:927][  0]LogInit: Computer: DESKTOP-KH48G98
[2021.01.22-20.07.49:927][  0]LogInit: User: Mirza
[2021.01.22-20.07.49:927][  0]LogInit: CPU Page size=4096, Cores=8
[2021.01.22-20.07.49:927][  0]LogInit: High frequency timer resolution =10.000000 MHz
[2021.01.22-20.07.49:927][  0]LogMemory: Memory total: Physical=15.9GB (16GB approx)
[2021.01.22-20.07.49:927][  0]LogMemory: Platform Memory Stats for Windows
[2021.01.22-20.07.49:927][  0]LogMemory: Process Physical Memory: 99.55 MB used, 99.55 MB peak
[2021.01.22-20.07.49:927][  0]LogMemory: Process Virtual Memory: 90.75 MB used, 90.75 MB peak
[2021.01.22-20.07.49:927][  0]LogMemory: Physical Memory: 7277.34 MB used,  9017.47 MB free, 16294.81 MB total
[2021.01.22-20.07.49:927][  0]LogMemory: Virtual Memory: 4677.34 MB used,  134213048.00 MB free, 134217728.00 MB total
[2021.01.22-20.07.49:948][  0]LogInit: Using OS detected language (en-US).
[2021.01.22-20.07.49:948][  0]LogInit: Using OS detected locale (en-US).
[2021.01.22-20.07.49:949][  0]LogTextLocalizationManager: No specific localization for 'en-US' exists, so the 'en' localization will be used.
[2021.01.22-20.07.50:069][  0]LogInit: Setting process to per monitor DPI aware
[2021.01.22-20.07.50:100][  0]LogSlate: New Slate User Created.  User Index 0, Is Virtual User: 0
[2021.01.22-20.07.50:100][  0]LogSlate: Slate User Registered.  User Index 0, Is Virtual User: 0
[2021.01.22-20.07.50:229][  0]LogHMD: Failed to initialize OpenVR with code 110
[2021.01.22-20.07.50:229][  0]LogD3D11RHI: D3D11 adapters:
[2021.01.22-20.07.50:263][  0]LogD3D11RHI:    0. 'AMD Radeon R9 260' (Feature Level 11_0)
[2021.01.22-20.07.50:263][  0]LogD3D11RHI:       2024/0/8147 MB DedicatedVideo/DedicatedSystem/SharedSystem, Outputs:1, VendorId:0x1002
[2021.01.22-20.07.50:265][  0]LogD3D11RHI:    1. 'Microsoft Basic Render Driver' (Feature Level 11_0)
[2021.01.22-20.07.50:265][  0]LogD3D11RHI:       0/0/8147 MB DedicatedVideo/DedicatedSystem/SharedSystem, Outputs:0, VendorId:0x1414
[2021.01.22-20.07.50:265][  0]LogD3D11RHI: Chosen D3D11 Adapter: 0
[2021.01.22-20.07.50:272][  0]LogD3D11RHI: Creating new Direct3DDevice
[2021.01.22-20.07.50:272][  0]LogD3D11RHI:     GPU DeviceId: 0x6658 (for the marketing name, search the web for "GPU Device Id")
[2021.01.22-20.07.50:272][  0]LogWindows: EnumDisplayDevices:
[2021.01.22-20.07.50:272][  0]LogWindows:    0. 'AMD Radeon R9 260' (P:1 D:1)
[2021.01.22-20.07.50:272][  0]LogWindows:    1. 'AMD Radeon R9 260' (P:0 D:0)
[2021.01.22-20.07.50:273][  0]LogWindows:    2. 'AMD Radeon R9 260' (P:0 D:0)
[2021.01.22-20.07.50:273][  0]LogWindows:    3. 'AMD Radeon R9 260' (P:0 D:0)
[2021.01.22-20.07.50:274][  0]LogWindows:    4. 'AMD Radeon R9 260' (P:0 D:0)
[2021.01.22-20.07.50:274][  0]LogWindows:    5. 'AMD Radeon R9 260' (P:0 D:0)
[2021.01.22-20.07.50:274][  0]LogWindows:    6. 'AMD Radeon R9 260' (P:0 D:0)
[2021.01.22-20.07.50:275][  0]LogWindows:    7. 'AMD Radeon R9 260' (P:0 D:0)
[2021.01.22-20.07.50:275][  0]LogWindows: DebugString: FoundDriverCount:8 
[2021.01.22-20.07.50:275][  0]LogD3D11RHI:     Adapter Name: AMD Radeon R9 260
[2021.01.22-20.07.50:275][  0]LogD3D11RHI:   Driver Version: Adrenalin 2020 20.4.2 (internal:26.20.15029.27017, unified:26.20.15029.27017)
[2021.01.22-20.07.50:275][  0]LogD3D11RHI:      Driver Date: 5-15-2020
[2021.01.22-20.07.50:275][  0]LogRHI: Texture pool is 1416 MB (70% of 2024 MB)
[2021.01.22-20.07.50:309][  0]LogD3D11RHI: Async texture creation enabled
[2021.01.22-20.07.50:312][  0]LogRendererCore: FGlobalReadBuffer::InitRHI
[2021.01.22-20.07.50:312][  0]LogRendererCore: FGlobalReadBuffer::InitRHI
[2021.01.22-20.07.50:312][  0]LogRendererCore: FGlobalReadBuffer::InitRHI
[2021.01.22-20.07.50:319][  0]LogD3D11RHI: GPU Timing Frequency: 27.000000 (Debug: 2 1)
[2021.01.22-20.07.50:557][  0]LogTemp: Display: Module 'AllDesktopTargetPlatform' loaded TargetPlatform 'AllDesktop'
[2021.01.22-20.07.50:570][  0]LogTemp: Display: Module 'MacClientTargetPlatform' loaded TargetPlatform 'MacClient'
[2021.01.22-20.07.50:584][  0]LogTemp: Display: Module 'MacNoEditorTargetPlatform' loaded TargetPlatform 'MacNoEditor'
[2021.01.22-20.07.50:596][  0]LogTemp: Display: Module 'MacServerTargetPlatform' loaded TargetPlatform 'MacServer'
[2021.01.22-20.07.50:609][  0]LogTemp: Display: Module 'MacTargetPlatform' loaded TargetPlatform 'Mac'
[2021.01.22-20.07.50:622][  0]LogTemp: Display: Module 'WindowsClientTargetPlatform' loaded TargetPlatform 'WindowsClient'
[2021.01.22-20.07.50:634][  0]LogTemp: Display: Module 'WindowsNoEditorTargetPlatform' loaded TargetPlatform 'WindowsNoEditor'
[2021.01.22-20.07.50:647][  0]LogTemp: Display: Module 'WindowsServerTargetPlatform' loaded TargetPlatform 'WindowsServer'
[2021.01.22-20.07.50:654][  0]LogTemp: Display: Module 'WindowsTargetPlatform' loaded TargetPlatform 'Windows'
[2021.01.22-20.07.50:728][  0]LogTemp: Display: Module 'AndroidTargetPlatform' loaded TargetPlatform 'Android'
[2021.01.22-20.07.50:728][  0]LogTemp: Display: Module 'AndroidTargetPlatform' loaded TargetPlatform 'Android_ASTC'
[2021.01.22-20.07.50:728][  0]LogTemp: Display: Module 'AndroidTargetPlatform' loaded TargetPlatform 'Android_ATC'
[2021.01.22-20.07.50:728][  0]LogTemp: Display: Module 'AndroidTargetPlatform' loaded TargetPlatform 'Android_DXT'
[2021.01.22-20.07.50:728][  0]LogTemp: Display: Module 'AndroidTargetPlatform' loaded TargetPlatform 'Android_ETC1'
[2021.01.22-20.07.50:728][  0]LogTemp: Display: Module 'AndroidTargetPlatform' loaded TargetPlatform 'Android_ETC1a'
[2021.01.22-20.07.50:728][  0]LogTemp: Display: Module 'AndroidTargetPlatform' loaded TargetPlatform 'Android_ETC2'
[2021.01.22-20.07.50:728][  0]LogTemp: Display: Module 'AndroidTargetPlatform' loaded TargetPlatform 'Android_PVRTC'
[2021.01.22-20.07.50:728][  0]LogTemp: Display: Module 'AndroidTargetPlatform' loaded TargetPlatform 'AndroidClient'
[2021.01.22-20.07.50:728][  0]LogTemp: Display: Module 'AndroidTargetPlatform' loaded TargetPlatform 'Android_ASTCClient'
[2021.01.22-20.07.50:728][  0]LogTemp: Display: Module 'AndroidTargetPlatform' loaded TargetPlatform 'Android_ATCClient'
[2021.01.22-20.07.50:728][  0]LogTemp: Display: Module 'AndroidTargetPlatform' loaded TargetPlatform 'Android_DXTClient'
[2021.01.22-20.07.50:728][  0]LogTemp: Display: Module 'AndroidTargetPlatform' loaded TargetPlatform 'Android_ETC1Client'
[2021.01.22-20.07.50:728][  0]LogTemp: Display: Module 'AndroidTargetPlatform' loaded TargetPlatform 'Android_ETC1aClient'
[2021.01.22-20.07.50:728][  0]LogTemp: Display: Module 'AndroidTargetPlatform' loaded TargetPlatform 'Android_ETC2Client'
[2021.01.22-20.07.50:728][  0]LogTemp: Display: Module 'AndroidTargetPlatform' loaded TargetPlatform 'Android_PVRTCClient'
[2021.01.22-20.07.50:728][  0]LogTemp: Display: Module 'AndroidTargetPlatform' loaded TargetPlatform 'Android_Multi'
[2021.01.22-20.07.50:728][  0]LogTemp: Display: Module 'AndroidTargetPlatform' loaded TargetPlatform 'Android_MultiClient'
[2021.01.22-20.07.50:730][  0]LogTemp: Display: Module 'HTML5TargetPlatform' loaded TargetPlatform 'HTML5'
[2021.01.22-20.07.50:781][  0]LogTemp: Display: Module 'IOSTargetPlatform' loaded TargetPlatform 'IOSClient'
[2021.01.22-20.07.50:781][  0]LogTemp: Display: Module 'IOSTargetPlatform' loaded TargetPlatform 'IOS'
[2021.01.22-20.07.50:805][  0]LogTemp: Display: Module 'TVOSTargetPlatform' loaded TargetPlatform 'TVOSClient'
[2021.01.22-20.07.50:805][  0]LogTemp: Display: Module 'TVOSTargetPlatform' loaded TargetPlatform 'TVOS'
[2021.01.22-20.07.50:816][  0]LogTemp: Display: Module 'LinuxClientTargetPlatform' loaded TargetPlatform 'LinuxClient'
[2021.01.22-20.07.50:827][  0]LogTemp: Display: Module 'LinuxNoEditorTargetPlatform' loaded TargetPlatform 'LinuxNoEditor'
[2021.01.22-20.07.50:839][  0]LogTemp: Display: Module 'LinuxServerTargetPlatform' loaded TargetPlatform 'LinuxServer'
[2021.01.22-20.07.50:851][  0]LogTemp: Display: Module 'LinuxTargetPlatform' loaded TargetPlatform 'Linux'
[2021.01.22-20.07.50:890][  0]LogTemp: Display: Module 'LuminTargetPlatform' loaded TargetPlatform 'Lumin'
[2021.01.22-20.07.50:890][  0]LogTemp: Display: Module 'LuminTargetPlatform' loaded TargetPlatform 'LuminClient'
[2021.01.22-20.07.50:890][  0]LogTargetPlatformManager: Display: Building Assets For Windows
[2021.01.22-20.07.50:903][  0]LogAudioDebug: Display: Lib vorbis DLL was dynamically loaded.
[2021.01.22-20.07.50:960][  0]LogShaderCompilers: Guid format shader working directory is -64 characters bigger than the processId version (../../../../../../Users/Mirza/Unreal-Learning-Demo/Unreal-Learning-Demo/Hameds Code/Section 3/BuildingEscape2/Intermediate/Shaders/WorkingDirectory/16596/).
[2021.01.22-20.07.50:960][  0]LogShaderCompilers: Cleaned the shader compiler working directory 'C:/Users/Mirza/AppData/Local/Temp/UnrealShaderWorkingDir/4FBD8D874959E199F7A3CC897CB127A9/'.
[2021.01.22-20.07.50:962][  0]LogXGEController: Cannot use XGE Controller as Incredibuild is not installed on this machine.
[2021.01.22-20.07.50:962][  0]LogShaderCompilers: Cannot use XGE Shader Compiler as Incredibuild is not installed on this machine.
[2021.01.22-20.07.50:962][  0]LogShaderCompilers: Display: Using Local Shader Compiler.
[2021.01.22-20.07.51:392][  0]LogDerivedDataCache: Display: Max Cache Size: 512 MB
[2021.01.22-20.07.51:431][  0]LogDerivedDataCache: Loaded boot cache 0.04s 71MB C:/Users/Mirza/AppData/Local/UnrealEngine/4.22/DerivedDataCache/Boot.ddc.
[2021.01.22-20.07.51:431][  0]LogDerivedDataCache: Display: Loaded Boot cache: C:/Users/Mirza/AppData/Local/UnrealEngine/4.22/DerivedDataCache/Boot.ddc
[2021.01.22-20.07.51:431][  0]LogDerivedDataCache: FDerivedDataBackendGraph:  Pak pak cache file ../../../../../../Users/Mirza/Unreal-Learning-Demo/Unreal-Learning-Demo/Hameds Code/Section 3/BuildingEscape2/DerivedDataCache/DDC.ddp not found, will not use a pak cache.
[2021.01.22-20.07.51:431][  0]LogDerivedDataCache: Unable to find inner node Pak for hierarchical cache Hierarchy.
[2021.01.22-20.07.51:431][  0]LogDerivedDataCache: FDerivedDataBackendGraph:  CompressedPak pak cache file ../../../../../../Users/Mirza/Unreal-Learning-Demo/Unreal-Learning-Demo/Hameds Code/Section 3/BuildingEscape2/DerivedDataCache/Compressed.ddp not found, will not use a pak cache.
[2021.01.22-20.07.51:431][  0]LogDerivedDataCache: Unable to find inner node CompressedPak for hierarchical cache Hierarchy.
[2021.01.22-20.07.51:442][  0]LogDerivedDataCache: Display: Pak cache opened for reading ../../../Engine/DerivedDataCache/Compressed.ddp.
[2021.01.22-20.07.51:442][  0]LogDerivedDataCache: FDerivedDataBackendGraph:  EnterprisePak pak cache file ../../../Enterprise/DerivedDataCache/Compressed.ddp not found, will not use a pak cache.
[2021.01.22-20.07.51:442][  0]LogDerivedDataCache: Unable to find inner node EnterprisePak for hierarchical cache Hierarchy.
[2021.01.22-20.07.51:454][  0]LogDerivedDataCache: Using Local data cache path C:/Users/Mirza/AppData/Local/UnrealEngine/Common/DerivedDataCache: Writable
[2021.01.22-20.07.51:454][  0]LogDerivedDataCache: Shared data cache path not found in *engine.ini, will not use an Shared cache.
[2021.01.22-20.07.51:454][  0]LogDerivedDataCache: Unable to find inner node Shared for hierarchical cache Hierarchy.
[2021.01.22-20.07.51:472][  0]LogMaterial: Verifying Global Shaders for PCD3D_SM5
[2021.01.22-20.07.51:473][  0]LogSlate: Using FreeType 2.6.0
[2021.01.22-20.07.51:473][  0]LogSlate: SlateFontServices - WITH_FREETYPE: 1, WITH_HARFBUZZ: 1
[2021.01.22-20.07.51:543][  0]LogAssetRegistry: FAssetRegistry took 0.0327 seconds to start up
[2021.01.22-20.07.51:828][  0]LogInit: Selected Device Profile: [Windows]
[2021.01.22-20.07.51:938][  0]LogMeshReduction: Using QuadricMeshReduction for automatic static mesh reduction
[2021.01.22-20.07.51:938][  0]LogMeshReduction: Using SimplygonMeshReduction for automatic skeletal mesh reduction
[2021.01.22-20.07.51:938][  0]LogMeshReduction: Using ProxyLODMeshReduction for automatic mesh merging
[2021.01.22-20.07.51:938][  0]LogMeshReduction: No distributed automatic mesh merging module available
[2021.01.22-20.07.51:938][  0]LogMeshMerging: No distributed automatic mesh merging module available
[2021.01.22-20.07.51:946][  0]LogNetVersion: BuildingEscape 1.0.0, NetCL: 5660361, EngineNetVer: 10, GameNetVer: 0 (Checksum: 1788021529)
[2021.01.22-20.07.52:244][  0]LogPackageLocalizationCache: Processed 10 localized package path(s) for 1 prioritized culture(s) in 0.029154 seconds
[2021.01.22-20.07.52:253][  0]LogUObjectArray: 42205 objects as part of root set at end of initial load.
[2021.01.22-20.07.52:253][  0]LogUObjectAllocator: 7325032 out of 0 bytes used by permanent object pool.
[2021.01.22-20.07.52:253][  0]LogUObjectArray: CloseDisregardForGC: 0/0 objects in disregard for GC pool
[2021.01.22-20.07.52:941][  0]LogTcpMessaging: Initializing TcpMessaging bridge
[2021.01.22-20.07.52:956][  0]LogUdpMessaging: Initializing bridge on interface 0.0.0.0:0 to multicast group 230.0.0.1:6666.
[2021.01.22-20.07.53:116][  0]SourceControl: Source control is disabled
[2021.01.22-20.07.53:116][  0]SourceControl: Source control is disabled
[2021.01.22-20.07.53:118][  0]SourceControl: Source control is disabled
[2021.01.22-20.07.53:120][  0]SourceControl: Source control is disabled
[2021.01.22-20.07.53:224][  0]LogAndroidPermission: UAndroidPermissionCallbackProxy::GetInstance
[2021.01.22-20.07.53:327][  0]LogOcInput: OculusInput pre-init called
[2021.01.22-20.07.53:858][  0]LogEngine: Initializing Engine...
[2021.01.22-20.07.53:859][  0]LogHMD: Failed to initialize OpenVR with code 110
[2021.01.22-20.07.53:860][  0]LogStats: UGameplayTagsManager::InitializeManager -  0.000 s
[2021.01.22-20.07.54:010][  0]LogInit: Initializing FReadOnlyCVARCache
[2021.01.22-20.07.54:024][  0]LogAIModule: Creating AISystem for world Untitled
[2021.01.22-20.07.54:051][  0]LogInit: XAudio2 using 'Headphones (AKG N60NC Wireless Stereo)' : 2 channels at 44.1 kHz using 16 bits per sample (channel mask 0x3)
[2021.01.22-20.07.54:075][  0]LogInit: FAudioDevice initialized.
[2021.01.22-20.07.54:075][  0]LogNetVersion: Set ProjectVersion to 1.0.0.0. Version Checksum will be recalculated on next use.
[2021.01.22-20.07.54:151][  0]LogDerivedDataCache: Saved boot cache 0.08s 71MB C:/Users/Mirza/AppData/Local/UnrealEngine/4.22/DerivedDataCache/Boot.ddc.
[2021.01.22-20.07.54:156][  0]LogInit: Texture streaming: Enabled
[2021.01.22-20.07.54:175][  0]LogEngineSessionManager: EngineSessionManager initialized
[2021.01.22-20.07.54:195][  0]LogInit: Transaction tracking system initialized
[2021.01.22-20.07.54:220][  0]BlueprintLog: New page: Editor Load
[2021.01.22-20.07.54:313][  0]LocalizationService: Localization service is disabled
[2021.01.22-20.07.54:570][  0]LogFileCache: Scanning file cache for directory 'C:/Users/Mirza/Unreal-Learning-Demo/Unreal-Learning-Demo/Hameds Code/Section 3/BuildingEscape2/Content/' took 0.02s
[2021.01.22-20.07.54:570][  0]LogCook: Display: Max memory allowance for cook 16384mb min free memory 0mb
[2021.01.22-20.07.54:570][  0]LogCook: Display: Mobile HDR setting 1
[2021.01.22-20.07.54:752][  0]SourceControl: Source control is disabled
[2021.01.22-20.07.54:752][  0]Cmd: MAP LOAD FILE="../../../../../../Users/Mirza/Unreal-Learning-Demo/Unreal-Learning-Demo/Hameds Code/Section 3/BuildingEscape2/Content/Levels/NewMap.umap" TEMPLATE=0 SHOWPROGRESS=1 FEATURELEVEL=3
[2021.01.22-20.07.54:753][  0]LightingResults: New page: Lighting Build
[2021.01.22-20.07.54:755][  0]MapCheck: New page: Map Check
[2021.01.22-20.07.54:755][  0]LightingResults: New page: Lighting Build
[2021.01.22-20.07.54:782][  0]LogUObjectHash: Compacting FUObjectHashTables data took   1.49ms
[2021.01.22-20.07.55:181][  0]LogAIModule: Creating AISystem for world NewMap
[2021.01.22-20.07.55:191][  0]LogEditorServer: Finished looking for orphan Actors (0.000 secs)
[2021.01.22-20.07.55:217][  0]LogUObjectHash: Compacting FUObjectHashTables data took   1.75ms
[2021.01.22-20.07.55:217][  0]Cmd: MAP CHECKDEP NOCLEARLOG
[2021.01.22-20.07.55:217][  0]MapCheck: Map check complete: 0 Error(s), 0 Warning(s), took 0.238ms to complete.
[2021.01.22-20.07.55:217][  0]LogFileHelpers: Loading map 'NewMap' took 0.465
[2021.01.22-20.07.55:319][  0]LogSlate: Updating window title bar state: overlay mode, drag disabled, window buttons hidden, title bar hidden
[2021.01.22-20.07.55:325][  0]LogSlate: Updating window title bar state: overlay mode, drag disabled, window buttons hidden, title bar hidden
[2021.01.22-20.07.55:330][  0]LogSlate: Updating window title bar state: overlay mode, drag disabled, window buttons hidden, title bar hidden
[2021.01.22-20.07.55:335][  0]LogSlate: Updating window title bar state: overlay mode, drag disabled, window buttons hidden, title bar hidden
[2021.01.22-20.07.55:345][  0]LogCollectionManager: Loaded 0 collections in 0.001438 seconds
[2021.01.22-20.07.55:395][  0]LogFileCache: Scanning file cache for directory 'C:/Users/Mirza/Unreal-Learning-Demo/Unreal-Learning-Demo/Hameds Code/Section 3/BuildingEscape2/Saved/Collections/' took 0.01s
[2021.01.22-20.07.55:396][  0]LogFileCache: Scanning file cache for directory 'C:/Users/Mirza/Unreal-Learning-Demo/Unreal-Learning-Demo/Hameds Code/Section 3/BuildingEscape2/Content/Developers/Mirza/Collections/' took 0.01s
[2021.01.22-20.07.55:396][  0]LogFileCache: Scanning file cache for directory 'C:/Users/Mirza/Unreal-Learning-Demo/Unreal-Learning-Demo/Hameds Code/Section 3/BuildingEscape2/Content/Collections/' took 0.01s
[2021.01.22-20.07.55:396][  0]LogCollectionManager: Rebuilt the GUID cache for 0 collections in 0.000001 seconds
[2021.01.22-20.07.55:408][  0]LogContentBrowser: Native class hierarchy populated in 0.0110 seconds. Added 2735 classes and 661 folders.
[2021.01.22-20.07.55:418][  0]LogContentBrowser: Native class hierarchy updated for 'WidgetCarousel' in 0.0004 seconds. Added 0 classes and 0 folders.
[2021.01.22-20.07.55:422][  0]LogPakFile: Registered encryption key '00000000000000000000000000000000': 0 pak files mounted, 0 remain pending
[2021.01.22-20.07.55:425][  0]LogPakFile: Registered encryption key '00000000000000000000000000000000': 0 pak files mounted, 0 remain pending
[2021.01.22-20.07.55:426][  0]LogPakFile: Registered encryption key '00000000000000000000000000000000': 0 pak files mounted, 0 remain pending
[2021.01.22-20.07.55:428][  0]LogPakFile: Registered encryption key '00000000000000000000000000000000': 0 pak files mounted, 0 remain pending
[2021.01.22-20.07.55:429][  0]LogPakFile: Registered encryption key '00000000000000000000000000000000': 0 pak files mounted, 0 remain pending
[2021.01.22-20.07.55:430][  0]LogPakFile: Registered encryption key '00000000000000000000000000000000': 0 pak files mounted, 0 remain pending
[2021.01.22-20.07.55:431][  0]LogPakFile: Registered encryption key '00000000000000000000000000000000': 0 pak files mounted, 0 remain pending
[2021.01.22-20.07.55:433][  0]LogPakFile: Registered encryption key '00000000000000000000000000000000': 0 pak files mounted, 0 remain pending
[2021.01.22-20.07.55:434][  0]LogPakFile: Registered encryption key '00000000000000000000000000000000': 0 pak files mounted, 0 remain pending
[2021.01.22-20.07.55:435][  0]LogPakFile: Registered encryption key '00000000000000000000000000000000': 0 pak files mounted, 0 remain pending
[2021.01.22-20.07.55:437][  0]LogPakFile: Registered encryption key '00000000000000000000000000000000': 0 pak files mounted, 0 remain pending
[2021.01.22-20.07.55:438][  0]LogPakFile: Registered encryption key '00000000000000000000000000000000': 0 pak files mounted, 0 remain pending
[2021.01.22-20.07.55:439][  0]LogPakFile: Registered encryption key '00000000000000000000000000000000': 0 pak files mounted, 0 remain pending
[2021.01.22-20.07.55:441][  0]LogPakFile: Registered encryption key '00000000000000000000000000000000': 0 pak files mounted, 0 remain pending
[2021.01.22-20.07.55:442][  0]LogPakFile: Registered encryption key '00000000000000000000000000000000': 0 pak files mounted, 0 remain pending
[2021.01.22-20.07.55:443][  0]LogPakFile: Registered encryption key '00000000000000000000000000000000': 0 pak files mounted, 0 remain pending
[2021.01.22-20.07.55:445][  0]LogPakFile: Registered encryption key '00000000000000000000000000000000': 0 pak files mounted, 0 remain pending
[2021.01.22-20.07.55:446][  0]LogPakFile: Registered encryption key '00000000000000000000000000000000': 0 pak files mounted, 0 remain pending
[2021.01.22-20.07.55:447][  0]LogPakFile: Registered encryption key '00000000000000000000000000000000': 0 pak files mounted, 0 remain pending
[2021.01.22-20.07.55:449][  0]LogPakFile: Registered encryption key '00000000000000000000000000000000': 0 pak files mounted, 0 remain pending
[2021.01.22-20.07.55:449][  0]LogPakFile: Registered encryption key '00000000000000000000000000000000': 0 pak files mounted, 0 remain pending
[2021.01.22-20.07.55:451][  0]LogPakFile: Registered encryption key '00000000000000000000000000000000': 0 pak files mounted, 0 remain pending
[2021.01.22-20.07.55:452][  0]LogPakFile: Registered encryption key '00000000000000000000000000000000': 0 pak files mounted, 0 remain pending
[2021.01.22-20.07.55:454][  0]LogPakFile: Registered encryption key '00000000000000000000000000000000': 0 pak files mounted, 0 remain pending
[2021.01.22-20.07.55:455][  0]LogPakFile: Registered encryption key '00000000000000000000000000000000': 0 pak files mounted, 0 remain pending
[2021.01.22-20.07.55:456][  0]LogPakFile: Registered encryption key '00000000000000000000000000000000': 0 pak files mounted, 0 remain pending
[2021.01.22-20.07.55:504][  0]LogContentBrowser: Native class hierarchy updated for 'AddContentDialog' in 0.0004 seconds. Added 0 classes and 0 folders.
[2021.01.22-20.07.55:519][  0]LogContentBrowser: Native class hierarchy updated for 'SceneOutliner' in 0.0004 seconds. Added 1 classes and 2 folders.
[2021.01.22-20.07.55:527][  0]LogConsoleManager: Warning: Console object named 'ActorComponents.Enable' already exists but is being registered again, but we weren't expected it to be! (FConsoleManager::AddConsoleObject)
[2021.01.22-20.07.55:563][  0]LogSlate: Took 0.000139 seconds to synchronously load lazily loaded font '../../../Engine/Content/Slate/Fonts/Roboto-Regular.ttf' (155K)
[2021.01.22-20.07.55:565][  0]LogSlate: Took 0.000103 seconds to synchronously load lazily loaded font '../../../Engine/Content/Slate/Fonts/Roboto-Bold.ttf' (160K)
[2021.01.22-20.07.55:570][  0]LogSlate: Took 0.000875 seconds to synchronously load lazily loaded font '../../../Engine/Content/Editor/Slate/Fonts/FontAwesome.ttf' (139K)
[2021.01.22-20.07.55:620][  0]LogRenderer: Reallocating scene render targets to support 1208x580 Format 10 NumSamples 1 (Frame:1).
[2021.01.22-20.07.55:741][  0]LogContentBrowser: Native class hierarchy updated for 'HierarchicalLODOutliner' in 0.0004 seconds. Added 0 classes and 0 folders.
[2021.01.22-20.07.55:741][  0]LogLoad: (Engine Initialization) Total time: 8.17 seconds
[2021.01.22-20.07.55:741][  0]LogLoad: (Engine Initialization) Total Blueprint compile time: 0.00 seconds
[2021.01.22-20.07.55:774][  0]LogAssetRegistry: Asset discovery search completed in 4.2540 seconds
[2021.01.22-20.07.55:776][  0]LogCollectionManager: Rebuilt the object cache for 0 collections in 0.000000 seconds (found 0 objects)
[2021.01.22-20.07.55:776][  0]LogCollectionManager: Fixed up redirectors for 0 collections in 0.000030 seconds (updated 0 objects)
[2021.01.22-20.07.55:778][  0]LogContentStreaming: Texture pool size now 1000 MB
[2021.01.22-20.07.55:819][  0]LogSlate: Took 0.000761 seconds to synchronously load lazily loaded font '../../../Engine/Content/Slate/Fonts/Roboto-Light.ttf' (167K)
[2021.01.22-20.08.07:279][189]LogD3D11RHI: Warning: Temp texture streaming buffer not large enough, needed 16777216 bytes
[2021.01.22-20.08.35:247][989]LogSlate: FSceneViewport::OnFocusLost() reason 0
[2021.01.22-20.08.35:540][ 15]LogRenderer: Reallocating scene render targets to support 1208x592 Format 10 NumSamples 1 (Frame:4357).
[2021.01.22-20.08.35:580][ 16]LogRenderer: Reallocating scene render targets to support 1208x596 Format 10 NumSamples 1 (Frame:4359).
[2021.01.22-20.08.35:616][ 17]LogRenderer: Reallocating scene render targets to support 1208x604 Format 10 NumSamples 1 (Frame:4361).
[2021.01.22-20.08.35:651][ 18]LogRenderer: Reallocating scene render targets to support 1208x608 Format 10 NumSamples 1 (Frame:4363).
[2021.01.22-20.08.36:140][ 71]LogRenderer: Reallocating scene render targets to support 1208x620 Format 10 NumSamples 1 (Frame:4367).
[2021.01.22-20.08.36:175][ 72]LogRenderer: Reallocating scene render targets to support 1208x632 Format 10 NumSamples 1 (Frame:4369).
[2021.01.22-20.08.36:210][ 73]LogRenderer: Reallocating scene render targets to support 1208x644 Format 10 NumSamples 1 (Frame:4371).
[2021.01.22-20.08.36:247][ 74]LogRenderer: Reallocating scene render targets to support 1208x648 Format 10 NumSamples 1 (Frame:4373).
[2021.01.22-20.08.36:282][ 75]LogRenderer: Reallocating scene render targets to support 1208x656 Format 10 NumSamples 1 (Frame:4375).
[2021.01.22-20.08.36:316][ 76]LogRenderer: Reallocating scene render targets to support 1208x664 Format 10 NumSamples 1 (Frame:4377).
[2021.01.22-20.08.36:351][ 77]LogRenderer: Reallocating scene render targets to support 1208x676 Format 10 NumSamples 1 (Frame:4379).
[2021.01.22-20.08.36:385][ 78]LogRenderer: Reallocating scene render targets to support 1208x680 Format 10 NumSamples 1 (Frame:4381).
[2021.01.22-20.08.37:580][154]LogRenderer: Reallocating scene render targets to support 1208x684 Format 10 NumSamples 1 (Frame:4427).
[2021.01.22-20.08.37:661][160]LogRenderer: Reallocating scene render targets to support 1208x688 Format 10 NumSamples 1 (Frame:4429).
[2021.01.22-20.08.37:705][162]LogRenderer: Reallocating scene render targets to support 1208x692 Format 10 NumSamples 1 (Frame:4431).
[2021.01.22-20.08.37:740][163]LogRenderer: Reallocating scene render targets to support 1208x724 Format 10 NumSamples 1 (Frame:4433).
[2021.01.22-20.08.37:776][164]LogRenderer: Reallocating scene render targets to support 1208x752 Format 10 NumSamples 1 (Frame:4435).
[2021.01.22-20.08.37:813][165]LogRenderer: Reallocating scene render targets to support 1208x780 Format 10 NumSamples 1 (Frame:4437).
[2021.01.22-20.08.37:851][166]LogRenderer: Reallocating scene render targets to support 1208x816 Format 10 NumSamples 1 (Frame:4439).
[2021.01.22-20.08.37:888][167]LogRenderer: Reallocating scene render targets to support 1208x844 Format 10 NumSamples 1 (Frame:4441).
[2021.01.22-20.08.37:924][168]LogRenderer: Reallocating scene render targets to support 1208x876 Format 10 NumSamples 1 (Frame:4443).
[2021.01.22-20.08.37:965][169]LogRenderer: Reallocating scene render targets to support 1208x888 Format 10 NumSamples 1 (Frame:4445).
[2021.01.22-20.08.38:004][170]LogRenderer: Reallocating scene render targets to support 1208x896 Format 10 NumSamples 1 (Frame:4447).
[2021.01.22-20.08.46:384][880]LogTemp: Repeating last play command: Selected Viewport
[2021.01.22-20.08.46:392][880]LogBlueprintUserMessages: Early PlayInEditor Detection: Level '/Game/Levels/NewMap.NewMap:PersistentLevel' has LevelScriptBlueprint '/Game/Levels/NewMap.NewMap:PersistentLevel.NewMap' with GeneratedClass '/Game/Levels/NewMap.NewMap_C' with ClassGeneratedBy '/Game/Levels/NewMap.NewMap:PersistentLevel.NewMap'
[2021.01.22-20.08.46:396][880]LogPlayLevel: PlayLevel: No blueprints needed recompiling
[2021.01.22-20.08.46:398][880]PIE: New page: PIE session: NewMap (Jan 22, 2021, 10:08:46 AM)
[2021.01.22-20.08.46:409][880]LogPlayLevel: Creating play world package: /Game/Levels/UEDPIE_0_NewMap
[2021.01.22-20.08.46:417][880]LogPlayLevel: PIE: StaticDuplicateObject took: (0.006572s)
[2021.01.22-20.08.46:417][880]LogAIModule: Creating AISystem for world NewMap
[2021.01.22-20.08.46:417][880]LogPlayLevel: PIE: World Init took: (0.000532s)
[2021.01.22-20.08.46:417][880]LogPlayLevel: PIE: Created PIE world by copying editor world from /Game/Levels/NewMap.NewMap to /Game/Levels/UEDPIE_0_NewMap.NewMap (0.007387s)
[2021.01.22-20.08.46:447][880]LogUObjectHash: Compacting FUObjectHashTables data took   1.13ms
[2021.01.22-20.08.46:465][880]LogInit: XAudio2 using 'Headphones (AKG N60NC Wireless Stereo)' : 2 channels at 44.1 kHz using 16 bits per sample (channel mask 0x3)
[2021.01.22-20.08.46:474][880]LogInit: FAudioDevice initialized.
[2021.01.22-20.08.46:513][880]LogLoad: Game class is 'GameModeBase'
[2021.01.22-20.08.46:515][880]LogWorld: Bringing World /Game/Levels/UEDPIE_0_NewMap.NewMap up for play (max tick rate 0) at 2021.01.22-15.08.46
[2021.01.22-20.08.46:516][880]LogWorld: Bringing up level for play took: 0.001818
[2021.01.22-20.08.46:535][880]LogContentBrowser: Native class hierarchy updated for 'MovieSceneCapture' in 0.0005 seconds. Added 20 classes and 0 folders.
[2021.01.22-20.08.46:536][880]LogTemp: Warning: Object name is: Sphere_2
[2021.01.22-20.08.46:536][880]LogTemp: Warning: Sphere_2 position in world is: X=-130.000 Y=480.000 Z=120.000
[2021.01.22-20.08.46:536][880]LogTemp: Warning: Object name is: Cylinder_5
[2021.01.22-20.08.46:536][880]LogTemp: Warning: Cylinder_5 position in world is: X=-200.000 Y=-430.000 Z=70.000
[2021.01.22-20.08.46:537][880]PIE: Play in editor start time for /Game/Levels/UEDPIE_0_NewMap 0.412
[2021.01.22-20.08.46:537][880]LogBlueprintUserMessages: Late PlayInEditor Detection: Level '/Game/Levels/NewMap.NewMap:PersistentLevel' has LevelScriptBlueprint '/Game/Levels/NewMap.NewMap:PersistentLevel.NewMap' with GeneratedClass '/Game/Levels/NewMap.NewMap_C' with ClassGeneratedBy '/Game/Levels/NewMap.NewMap:PersistentLevel.NewMap'
[2021.01.22-20.08.50:332][226]LogSlate: FSceneViewport::OnFocusLost() reason 0
[2021.01.22-20.08.50:763][272]LogBlueprintUserMessages: Early EndPlayMap Detection: Level '/Game/Levels/NewMap.NewMap:PersistentLevel' has LevelScriptBlueprint '/Game/Levels/NewMap.NewMap:PersistentLevel.NewMap' with GeneratedClass '/Game/Levels/NewMap.NewMap_C' with ClassGeneratedBy '/Game/Levels/NewMap.NewMap:PersistentLevel.NewMap'
[2021.01.22-20.08.50:764][272]LogSlate: Updating window title bar state: overlay mode, drag disabled, window buttons hidden, title bar hidden
[2021.01.22-20.08.50:795][272]LogPlayLevel: Display: Shutting down PIE online subsystems
[2021.01.22-20.08.50:795][272]LogBlueprintUserMessages: Late EndPlayMap Detection: Level '/Game/Levels/NewMap.NewMap:PersistentLevel' has LevelScriptBlueprint '/Game/Levels/NewMap.NewMap:PersistentLevel.NewMap' with GeneratedClass '/Game/Levels/NewMap.NewMap_C' with ClassGeneratedBy '/Game/Levels/NewMap.NewMap:PersistentLevel.NewMap'
[2021.01.22-20.08.50:824][272]LogSlate: Updating window title bar state: overlay mode, drag disabled, window buttons hidden, title bar hidden
[2021.01.22-20.08.50:827][272]LogUObjectHash: Compacting FUObjectHashTables data took   1.44ms
[2021.01.22-20.08.50:869][276]LogPlayLevel: Display: Destroying online subsystem :Context_3
[2021.01.22-20.08.51:858][366]MapCheck: New page: Map Check
[2021.01.22-20.08.51:875][366]Cmd: MAP REBUILD ALLVISIBLE
[2021.01.22-20.08.51:875][366]LogEditorServer: Rebuildmap Clear paths rebuilt
[2021.01.22-20.08.51:918][366]LogUObjectHash: Compacting FUObjectHashTables data took   1.21ms
[2021.01.22-20.08.51:934][366]LogMaterial: Display: Missing cached shader map for material DebugViewMode MaterialTexCoordScale, compiling. 
[2021.01.22-20.08.51:941][366]LogMaterial: Display: Missing cached shader map for material DebugViewMode MaterialTexCoordScale, compiling. 
[2021.01.22-20.08.51:946][366]LogMaterial: Display: Missing cached shader map for material DebugViewMode MaterialTexCoordScale, compiling. 
[2021.01.22-20.08.51:951][366]LogMaterial: Display: Missing cached shader map for material DebugViewMode MaterialTexCoordScale, compiling. 
[2021.01.22-20.08.51:956][366]LogMaterial: Display: Missing cached shader map for material DebugViewMode MaterialTexCoordScale, compiling. 
[2021.01.22-20.08.51:965][366]LogMaterial: Display: Missing cached shader map for material DebugViewMode MaterialTexCoordScale, compiling. Is special engine material.
[2021.01.22-20.08.51:985][366]LogMaterial: Display: Missing cached shader map for material DebugViewMode MaterialTexCoordScale, compiling. 
[2021.01.22-20.08.51:989][366]LogMaterial: Display: Missing cached shader map for material DebugViewMode MaterialTexCoordScale, compiling. 
[2021.01.22-20.08.51:995][366]LogMaterial: Display: Missing cached shader map for material DebugViewMode MaterialTexCoordScale, compiling. 
[2021.01.22-20.08.52:000][366]LogMaterial: Display: Missing cached shader map for material DebugViewMode MaterialTexCoordScale, compiling. 
[2021.01.22-20.08.52:007][366]LogMaterial: Display: Missing cached shader map for material DebugViewMode MaterialTexCoordScale, compiling. 
[2021.01.22-20.08.52:014][366]LogMaterial: Display: Missing cached shader map for material DebugViewMode MaterialTexCoordScale, compiling. 
[2021.01.22-20.08.52:023][366]LogMaterial: Display: Missing cached shader map for material DebugViewMode MaterialTexCoordScale, compiling. 
[2021.01.22-20.08.52:029][366]LogMaterial: Display: Missing cached shader map for material DebugViewMode MaterialTexCoordScale, compiling. 
[2021.01.22-20.08.52:064][366]LogShaderCompilers: Display: Shaders left to compile 50
[2021.01.22-20.08.52:064][366]LogMaterial: Display: Missing cached shader map for material DebugViewMode MaterialTexCoordScale, compiling. 
[2021.01.22-20.08.53:502][366]LogShaderCompilers: Display: Shaders left to compile 50
[2021.01.22-20.08.53:502][366]LogShaderCompilers: Display: Shaders left to compile 40
[2021.01.22-20.08.53:502][366]LogShaderCompilers: Display: Shaders left to compile 30
[2021.01.22-20.08.53:502][366]LogShaderCompilers: Display: Shaders left to compile 20
[2021.01.22-20.08.53:502][366]LogShaderCompilers: Display: Shaders left to compile 10
[2021.01.22-20.08.53:502][366]TextureStreamingBuild: Display: Compiling optional shaders took 1.573 seconds.
[2021.01.22-20.08.53:530][366]LogLevel: Display: Export Material TexCoord Scales took 0.027 seconds.
[2021.01.22-20.08.53:545][366]TextureStreamingBuild: Display: Build Texture Streaming took 0.015 seconds.
[2021.01.22-20.08.53:571][366]LogUObjectHash: Compacting FUObjectHashTables data took   0.70ms
[2021.01.22-20.08.53:572][366]LightingResults: New page: Lighting Build - Jan 22, 2021, 10:08:53 AM
[2021.01.22-20.08.53:612][366]LogSwarmInterface: [OpenConnection] Registering TCP channel ...
[2021.01.22-20.08.53:686][366]LogSwarmInterface: [OpenConnection] Connecting to agent ...
[2021.01.22-20.08.53:704][366]LogSwarmInterface: [TryOpenConnection] Testing the Agent
[2021.01.22-20.08.54:222][366]LogSwarmInterface: [TryOpenConnection] Opening Connection to Agent
[2021.01.22-20.08.54:222][366]LogSwarmInterface: [TryOpenConnection] Local Process ID is 16596
[2021.01.22-20.09.00:953][366]LogStaticLightingSystem: Warning: No importance volume found, so the scene bounding box was used.  You can optimize your scene's quality and lighting build times by adding importance volumes.
[2021.01.22-20.09.00:953][366]LogStaticLightingSystem: Running Lightmass w/ ImmediateImport mode ENABLED
[2021.01.22-20.09.00:953][366]LogStaticLightingSystem: Running Lightmass w/ ImmediateProcess mode ENABLED
[2021.01.22-20.09.00:953][366]LogStaticLightingSystem: Running Lightmass w/ Sorting mode ENABLED
[2021.01.22-20.09.00:953][366]LogStaticLightingSystem: Running Lightmass w/ Mapping paddings ENABLED
[2021.01.22-20.09.00:953][366]LogStaticLightingSystem: Running Lightmass w/ Mapping debug paddings DISABLED
[2021.01.22-20.09.01:091][366]Cmd: MAP CHECK DONTDISPLAYDIALOG
[2021.01.22-20.09.01:091][366]MapCheck: New page: NewMap - Jan 22, 2021, 10:09:01 AM
[2021.01.22-20.09.01:093][366]MapCheck: Map check complete: 0 Error(s), 0 Warning(s), took 2.056ms to complete.
[2021.01.22-20.09.01:117][366]LogEditorBuildUtils: Build time 0:09
[2021.01.22-20.09.01:178][367]LogUObjectHash: Compacting FUObjectHashTables data took   0.69ms
[2021.01.22-20.09.08:250][388]Job is a success!
[2021.01.22-20.09.08:593][389]LogSlate: Took 0.000164 seconds to synchronously load lazily loaded font '../../../Engine/Content/Slate/Fonts/Roboto-Light.ttf' (167K)
[2021.01.22-20.09.08:632][389]LogVolumetricLightmapImport: Imported Volumetric Lightmap in 0.007s
[2021.01.22-20.09.08:632][389]LogVolumetricLightmapImport:      Indirection Texture 16x16x16 = 0.0Mb
[2021.01.22-20.09.08:632][389]LogVolumetricLightmapImport:      BrickData 60x5x5 = 0.1Mb
[2021.01.22-20.09.08:632][389]LogVolumetricLightmapImport:      Bricks at Level
[2021.01.22-20.09.08:632][389]LogVolumetricLightmapImport:          0: 8.3% covering 100.0% of volume
[2021.01.22-20.09.08:632][389]LogVolumetricLightmapImport:          1: 8.3% covering 1.6% of volume
[2021.01.22-20.09.08:632][389]LogVolumetricLightmapImport:          2: 83.3% covering 0.2% of volume
[2021.01.22-20.09.08:985][389]LogTexture: Display: Building textures: HQ_Lightmap0_1 (AutoDXT, 1024X1024)
[2021.01.22-20.09.08:985][389]LogTexture: Display: Building textures: LQ_Lightmap_0_1 (DXT1, 1024X1024)
[2021.01.22-20.09.08:985][389]LogTexture: Display: Building textures: HQ_Lightmap0_2 (AutoDXT, 1024X1024)
[2021.01.22-20.09.08:985][389]LogTexture: Display: Building textures: LQ_Lightmap_0_2 (DXT1, 1024X1024)
[2021.01.22-20.09.08:985][389]LogTexture: Display: Building textures: HQ_Lightmap1_3 (AutoDXT, 512X512)
[2021.01.22-20.09.08:985][389]LogTexture: Display: Building textures: LQ_Lightmap_1_3 (DXT1, 512X512)
[2021.01.22-20.09.09:148][389]LogTexture: Display: Building textures: ShadowMapTexture2D_3 (BGRA8, 64X256)
[2021.01.22-20.09.09:148][389]LogTexture: Display: Building textures: ShadowMapTexture2D_2 (BGRA8, 1024X1024)
[2021.01.22-20.09.09:172][389]LogStaticLightingSystem: NewMap_BuiltData storing lightmap data for 53 meshes in 3 LightmapResourceClusters (17.7 Meshes per cluster).
[2021.01.22-20.09.09:196][389]Lightmass on DESKTOP-KH48G98: 7.52 sec total, 146 ms importing, 47 ms setup, 1.85 sec photons, 5.43 sec processing, 0 ms extra exporting [88/88 mappings]. Threads: 1:20 min total, 15.0 sec processing.
[2021.01.22-20.09.09:198][389]LogUObjectHash: Compacting FUObjectHashTables data took   1.44ms
[2021.01.22-20.09.09:205][389]LogStaticLightingSystem: Illumination: 15.2 sec (284 ms encoding lightmaps, 155 ms encoding shadowmaps)
[2021.01.22-20.09.09:205][389]LogStaticLightingSystem: Lightmap texture memory:  4.5 MB (4.0 MB streaming, 0.5 MB non-streaming), 6 textures
[2021.01.22-20.09.09:205][389]LogStaticLightingSystem: Shadowmap texture memory: 5.4 MB (5.3 MB streaming, 0.1 MB non-streaming), 2 textures
[2021.01.22-20.09.09:962][389]DumpUnbuiltLightIteractions
[2021.01.22-20.09.09:962][389]Lights with unbuilt interactions: 0
[2021.01.22-20.09.09:962][389]
[2021.01.22-20.09.09:962][389]Primitives with unbuilt interactions: 0
[2021.01.22-20.09.10:031][390]Cmd: MAP CHECK NOTIFYRESULTS
[2021.01.22-20.09.10:031][390]MapCheck: New page: NewMap - Jan 22, 2021, 10:09:10 AM
[2021.01.22-20.09.10:031][390]MapCheck: Map check complete: 0 Error(s), 0 Warning(s), took 0.543ms to complete.
[2021.01.22-20.09.18:746][974]LogSlate: FSceneViewport::OnFocusLost() reason 0
[2021.01.22-20.09.18:874][989]LogTemp: Repeating last play command: Selected Viewport
[2021.01.22-20.09.18:881][989]LogBlueprintUserMessages: Early PlayInEditor Detection: Level '/Game/Levels/NewMap.NewMap:PersistentLevel' has LevelScriptBlueprint '/Game/Levels/NewMap.NewMap:PersistentLevel.NewMap' with GeneratedClass '/Game/Levels/NewMap.NewMap_C' with ClassGeneratedBy '/Game/Levels/NewMap.NewMap:PersistentLevel.NewMap'
[2021.01.22-20.09.18:881][989]LogPlayLevel: PlayLevel: No blueprints needed recompiling
[2021.01.22-20.09.18:882][989]PIE: New page: PIE session: NewMap (Jan 22, 2021, 10:09:18 AM)
[2021.01.22-20.09.18:882][989]LogPlayLevel: Creating play world package: /Game/Levels/UEDPIE_0_NewMap
[2021.01.22-20.09.18:888][989]LogPlayLevel: PIE: StaticDuplicateObject took: (0.006305s)
[2021.01.22-20.09.18:888][989]LogAIModule: Creating AISystem for world NewMap
[2021.01.22-20.09.18:888][989]LogPlayLevel: PIE: World Init took: (0.000514s)
[2021.01.22-20.09.18:889][989]LogPlayLevel: PIE: Created PIE world by copying editor world from /Game/Levels/NewMap.NewMap to /Game/Levels/UEDPIE_0_NewMap.NewMap (0.006931s)
[2021.01.22-20.09.18:912][989]LogUObjectHash: Compacting FUObjectHashTables data took   1.10ms
[2021.01.22-20.09.18:930][989]LogInit: XAudio2 using 'Headphones (AKG N60NC Wireless Stereo)' : 2 channels at 44.1 kHz using 16 bits per sample (channel mask 0x3)
[2021.01.22-20.09.18:938][989]LogInit: FAudioDevice initialized.
[2021.01.22-20.09.18:969][989]LogLoad: Game class is 'GameModeBase'
[2021.01.22-20.09.18:971][989]LogWorld: Bringing World /Game/Levels/UEDPIE_0_NewMap.NewMap up for play (max tick rate 0) at 2021.01.22-15.09.18
[2021.01.22-20.09.18:971][989]LogWorld: Bringing up level for play took: 0.001649
[2021.01.22-20.09.18:983][989]LogTemp: Warning: Object name is: Sphere_2
[2021.01.22-20.09.18:983][989]LogTemp: Warning: Sphere_2 position in world is: X=-130.000 Y=480.000 Z=120.000
[2021.01.22-20.09.18:983][989]LogTemp: Warning: Object name is: Cylinder_5
[2021.01.22-20.09.18:983][989]LogTemp: Warning: Cylinder_5 position in world is: X=-200.000 Y=-430.000 Z=70.000
[2021.01.22-20.09.18:984][989]PIE: Play in editor start time for /Game/Levels/UEDPIE_0_NewMap 0.859
[2021.01.22-20.09.18:984][989]LogBlueprintUserMessages: Late PlayInEditor Detection: Level '/Game/Levels/NewMap.NewMap:PersistentLevel' has LevelScriptBlueprint '/Game/Levels/NewMap.NewMap:PersistentLevel.NewMap' with GeneratedClass '/Game/Levels/NewMap.NewMap_C' with ClassGeneratedBy '/Game/Levels/NewMap.NewMap:PersistentLevel.NewMap'
[2021.01.22-20.09.25:784][656]LogEditorViewport: Clicking on Actor (LMB): DefaultPawn (DefaultPawn)
[2021.01.22-20.09.28:509][844]LogSlate: FSceneViewport::OnFocusLost() reason 2
[2021.01.22-20.09.33:596][448]LogSlate: FSceneViewport::OnFocusLost() reason 2
[2021.01.22-20.10.11:770][582]LogSlate: Window 'Select Path' being destroyed
[2021.01.22-20.10.11:805][582]LogUObjectHash: Compacting FUObjectHashTables data took   1.71ms
[2021.01.22-20.10.11:828][582]LogAssetEditorManager: Opening Asset editor for Blueprint /Game/Blue/DefaultPawn_BP.DefaultPawn_BP
[2021.01.22-20.10.11:835][582]LogSlate: FSceneViewport::OnFocusLost() reason 2
[2021.01.22-20.10.12:043][582]LogContentBrowser: Native class hierarchy updated for 'BlueprintGraph' in 0.0007 seconds. Added 121 classes and 0 folders.
[2021.01.22-20.10.16:083][777]LogRenderer: Reallocating scene render targets to support 1208x900 Format 10 NumSamples 1 (Frame:175).
[2021.01.22-20.10.16:484][813]LogSlate: Window 'DefaultPawn_BP' being destroyed
[2021.01.22-20.10.19:197][134]LogSlate: FSceneViewport::OnFocusLost() reason 2
[2021.01.22-20.10.29:001][233]LogSlate: FSceneViewport::OnFocusLost() reason 0
[2021.01.22-20.12.07:026][495]LogSlate: FSceneViewport::OnFocusLost() reason 0
[2021.01.22-20.12.18:110][589]LogMetaData: Removing '/Game/Blueprint/DefaultPawn_BP.DefaultPawn_BP:UserConstructionScript.K2Node_FunctionEntry_0' ref from Metadata '/Game/Blue/DefaultPawn_BP.PackageMetaData'
[2021.01.22-20.12.18:111][589]LogMetaData: Removing '/Game/Blueprint/DefaultPawn_BP.SKEL_DefaultPawn_BP_C' ref from Metadata '/Game/Blue/DefaultPawn_BP.PackageMetaData'
[2021.01.22-20.12.18:111][589]LogMetaData: Removing '/Game/Blueprint/DefaultPawn_BP.DefaultPawn_BP_C' ref from Metadata '/Game/Blue/DefaultPawn_BP.PackageMetaData'
[2021.01.22-20.12.18:111][589]LogMetaData: Removing '/Game/Blueprint/DefaultPawn_BP.DefaultPawn_BP:EventGraph.K2Node_Event_0' ref from Metadata '/Game/Blue/DefaultPawn_BP.PackageMetaData'
[2021.01.22-20.12.18:111][589]LogMetaData: Removing '/Game/Blueprint/DefaultPawn_BP.DefaultPawn_BP:EventGraph.K2Node_Event_1' ref from Metadata '/Game/Blue/DefaultPawn_BP.PackageMetaData'
[2021.01.22-20.12.18:111][589]LogMetaData: Removing '/Game/Blueprint/DefaultPawn_BP.DefaultPawn_BP:EventGraph.K2Node_Event_2' ref from Metadata '/Game/Blue/DefaultPawn_BP.PackageMetaData'
[2021.01.22-20.12.18:111][589]LogMetaData: Removing '/Game/Blueprint/DefaultPawn_BP.SKEL_DefaultPawn_BP_C:ReceiveBeginPlay' ref from Metadata '/Game/Blue/DefaultPawn_BP.PackageMetaData'
[2021.01.22-20.12.18:111][589]LogMetaData: Removing '/Game/Blueprint/DefaultPawn_BP.SKEL_DefaultPawn_BP_C:ReceiveActorBeginOverlap' ref from Metadata '/Game/Blue/DefaultPawn_BP.PackageMetaData'
[2021.01.22-20.12.18:111][589]LogMetaData: Removing '/Game/Blueprint/DefaultPawn_BP.SKEL_DefaultPawn_BP_C:ReceiveTick' ref from Metadata '/Game/Blue/DefaultPawn_BP.PackageMetaData'
[2021.01.22-20.12.18:111][589]LogMetaData: Removing '/Game/Blueprint/DefaultPawn_BP.SKEL_DefaultPawn_BP_C:UserConstructionScript' ref from Metadata '/Game/Blue/DefaultPawn_BP.PackageMetaData'
[2021.01.22-20.12.18:153][589]LogSavePackage: Moving '../../../../../../Users/Mirza/Unreal-Learning-Demo/Unreal-Learning-Demo/Hameds Code/Section 3/BuildingEscape2/Saved/DefaultPawn_BPAA027237432162AA0C15DC895184894E.tmp' to '../../../../../../Users/Mirza/Unreal-Learning-Demo/Unreal-Learning-Demo/Hameds Code/Section 3/BuildingEscape2/Content/Blueprint/DefaultPawn_BP.uasset'
[2021.01.22-20.12.18:177][589]LogGarbage: Warning: GC detected illegal reference to PIE object from content [possibly via None]:
[2021.01.22-20.12.18:178][589]LogGarbage: Warning:       PIE object: SignificanceManager /Game/Levels/UEDPIE_0_NewMap.NewMap:SignificanceManager_0
[2021.01.22-20.12.18:178][589]LogGarbage: Warning:   NON-PIE object: GCObjectReferencer /Engine/Transient.GCObjectReferencer_0
[2021.01.22-20.12.18:198][589]LogGarbage: Warning: GC detected illegal reference to PIE object from content [possibly via ObjectProperty /Script/UnrealEd.EditorEngine:PlayWorld]:
[2021.01.22-20.12.18:198][589]LogGarbage: Warning:       PIE object: World /Game/Levels/UEDPIE_0_NewMap.NewMap
[2021.01.22-20.12.18:198][589]LogGarbage: Warning:   NON-PIE object: UnrealEdEngine /Engine/Transient.UnrealEdEngine_0
[2021.01.22-20.12.18:269][589]LogUObjectHash: Compacting FUObjectHashTables data took   3.20ms
[2021.01.22-20.12.18:297][589]LogUObjectHash: Compacting FUObjectHashTables data took   1.84ms
[2021.01.22-20.12.18:324][589]LogUObjectHash: Compacting FUObjectHashTables data took   0.86ms
[2021.01.22-20.12.44:504][754]LogEditorViewport: Clicking on Actor (LMB): StaticMeshActor (Floor)
[2021.01.22-20.12.45:645][845]LogEditorViewport: Clicking on Actor (LMB): DefaultPawn_BP_C (DefaultPawn_BP2)
[2021.01.22-20.12.54:195][548]LogEditorViewport: Clicking on Actor (LMB): DefaultPawn_BP_C (DefaultPawn_BP)
[2021.01.22-20.12.56:758][729]LogEditorViewport: Clicking on Actor (LMB): DefaultPawn_BP_C (DefaultPawn_BP2)
[2021.01.22-20.12.56:824][730]LogEditorViewport: Clicking on Component (LMB): StaticMeshComponent (MeshComponent0)
[2021.01.22-20.13.02:252][224]LogSlate: FSceneViewport::OnFocusLost() reason 0
[2021.01.22-20.13.54:536][512]LogSlate: Took 0.000939 seconds to synchronously load lazily loaded font '../../../Engine/Content/Slate/Fonts/Roboto-BoldCondensed.ttf' (158K)
[2021.01.22-20.14.09:420][277]LogSlate: FSceneViewport::OnFocusLost() reason 0
[2021.01.22-20.16.57:712][729]LogSlate: FSceneViewport::OnFocusLost() reason 0
[2021.01.22-20.17.03:942][209]LogSlate: FSceneViewport::OnFocusLost() reason 0
[2021.01.22-20.17.39:961][607]LogSavePackage: Moving '../../../../../../Users/Mirza/Unreal-Learning-Demo/Unreal-Learning-Demo/Hameds Code/Section 3/BuildingEscape2/Saved/DefaultPawn_BP7386ED3342D1E7C7B267F1BB072794C9.tmp' to '../../../../../../Users/Mirza/Unreal-Learning-Demo/Unreal-Learning-Demo/Hameds Code/Section 3/BuildingEscape2/Content/Blueprint/DefaultPawn_BP.uasset'
[2021.01.22-20.18.09:049][712]Cmd: TRANSACTION UNDO
[2021.01.22-20.18.09:049][712]LogEditorTransaction: Undo Clicking on Actors
[2021.01.22-20.18.09:253][722]Cmd: TRANSACTION UNDO
[2021.01.22-20.18.09:253][722]LogEditorTransaction: Undo Clicking on Actors
[2021.01.22-20.18.09:577][737]Cmd: TRANSACTION UNDO
[2021.01.22-20.18.09:577][737]LogEditorTransaction: Undo Clicking on Actors
[2021.01.22-20.18.09:773][751]Cmd: TRANSACTION UNDO
[2021.01.22-20.18.09:774][751]LogEditorTransaction: Undo Clicking on Actors
[2021.01.22-20.18.12:055][910]LogSlate: FSceneViewport::OnFocusLost() reason 0
[2021.01.22-20.18.13:401][994]LogSlate: Took 0.000274 seconds to synchronously load lazily loaded font '../../../Engine/Content/Slate/Fonts/Roboto-Italic.ttf' (157K)
[2021.01.22-20.18.16:204][202]Cmd: DELETE
[2021.01.22-20.18.16:204][202]Cmd: ACTOR DELETE
[2021.01.22-20.18.16:208][202]LogEditorActor: Deleted Actor: DefaultPawn_BP_C
[2021.01.22-20.18.16:235][202]LogUObjectHash: Compacting FUObjectHashTables data took   2.42ms
[2021.01.22-20.18.16:235][202]LogEditorActor: Deleted 1 Actors (0.030 secs)
[2021.01.22-20.18.17:353][283]LogEditorViewport: Clicking on Actor (LMB): DefaultPawn_BP_C (DefaultPawn_BP)
[2021.01.22-20.18.18:911][392]LogSlate: FSceneViewport::OnFocusLost() reason 0
[2021.01.22-20.18.24:123][833]LogSlate: FSceneViewport::OnFocusLost() reason 0
[2021.01.22-20.18.24:284][849]LogAssetEditorManager: Opening Asset editor for Blueprint /Game/Blueprint/DefaultPawn_BP.DefaultPawn_BP
[2021.01.22-20.18.24:499][849]LogTabManager: Warning: Cannot spawn tab because no spawner is registered for 'CompilerResults'
[2021.01.22-20.18.26:627][ 99]LogSlate: Window 'CompilerResults' being destroyed
[2021.01.22-20.18.26:630][ 99]LogSlate: Window 'CompilerResults' being destroyed
[2021.01.22-20.18.48:697][680]LogAssetEditorManager: Opening Asset editor for Blueprint /Game/Blueprint/DefaultPawn_BP.DefaultPawn_BP
[2021.01.22-20.27.50:800][523]LogEditorViewport: Clicking on Actor (LMB): StaticMeshActor (Floor)
[2021.01.22-20.27.51:996][603]LogEditorViewport: Clicking on Actor (LMB): DefaultPawn_BP_C (DefaultPawn_BP)
[2021.01.22-20.27.53:535][701]LogEditorViewport: Clicking on Actor (LMB): StaticMeshActor (Sphere)
[2021.01.22-20.27.54:726][783]LogEditorViewport: Clicking on Actor (LMB): DefaultPawn_BP_C (DefaultPawn_BP)
[2021.01.22-20.27.56:970][963]LogSlate: FSceneViewport::OnFocusLost() reason 2
[2021.01.22-20.27.59:703][274]LogEditorViewport: Clicking on Actor (LMB): StaticMeshActor (Floor)
[2021.01.22-20.28.58:474][662]LogSlate: FSceneViewport::OnFocusLost() reason 0
[2021.01.22-20.29.06:420][590]LogSlate: FSceneViewport::OnFocusLost() reason 0
[2021.01.22-20.29.40:204][620]LogSlate: FSceneViewport::OnFocusLost() reason 0
[2021.01.22-20.34.22:930][356]LogSlate: FSceneViewport::OnFocusLost() reason 0
[2021.01.22-20.34.23:078][368]LogSavePackage: Moving '../../../../../../Users/Mirza/Unreal-Learning-Demo/Unreal-Learning-Demo/Hameds Code/Section 3/BuildingEscape2/Saved/DefaultPawn_BP15D4E9A84B0D9DF8F94CF3BD64EDE64D.tmp' to '../../../../../../Users/Mirza/Unreal-Learning-Demo/Unreal-Learning-Demo/Hameds Code/Section 3/BuildingEscape2/Content/Blueprint/DefaultPawn_BP.uasset'
[2021.01.22-20.34.30:107][ 83]LogSlate: FSceneViewport::OnFocusLost() reason 0
[2021.01.22-20.34.40:906][370]LogSlate: FSceneViewport::OnFocusLost() reason 0
[2021.01.22-20.34.41:075][385]LogSavePackage: Moving '../../../../../../Users/Mirza/Unreal-Learning-Demo/Unreal-Learning-Demo/Hameds Code/Section 3/BuildingEscape2/Saved/DefaultPawn_BP0A514CA9451D188E24E479B44908B2E9.tmp' to '../../../../../../Users/Mirza/Unreal-Learning-Demo/Unreal-Learning-Demo/Hameds Code/Section 3/BuildingEscape2/Content/Blueprint/DefaultPawn_BP.uasset'
[2021.01.22-20.34.43:757][644]LogEditorViewport: Clicking on Actor (LMB): DefaultPawn_BP_C (DefaultPawn_BP)
[2021.01.22-20.34.48:412][ 17]LogAudio: Warning: Current Audio Device with ID {0.0.0.00000000}.{307326d0-29e3-471b-bce5-df4b397e7e36} was removed. Shutting down audio device.
[2021.01.22-20.34.48:412][ 17]LogAudio: Warning: Current Audio Device with ID {0.0.0.00000000}.{307326d0-29e3-471b-bce5-df4b397e7e36} was removed. Shutting down audio device.
[2021.01.22-20.34.48:522][ 17]LogInit: XAudio2 using 'Realtek Digital Output (Realtek(R) Audio)' : 2 channels at 48 kHz using 16 bits per sample (channel mask 0x3)
