Log file open, 01/13/21 15:48:22
LogWindows: Failed to load 'aqProf.dll' (GetLastError=126)
LogWindows: File 'aqProf.dll' does not exist
LogWindows: Failed to load 'VtuneApi.dll' (GetLastError=126)
LogWindows: File 'VtuneApi.dll' does not exist
LogWindows: Failed to load 'VtuneApi32e.dll' (GetLastError=126)
LogWindows: File 'VtuneApi32e.dll' does not exist
LogConsoleResponse: Display: Failed to find resolution value strings in scalability ini. Falling back to default.
LogInit: Display: Running engine for game: MyProject
LogPakFile: Registered encryption key '00000000000000000000000000000000': 0 pak files mounted, 0 remain pending
LogPlatformFile: Not using cached read wrapper
LogTaskGraph: Started task graph with 5 named threads and 47 total threads with 3 sets of task threads.
LogStats: Stats thread started at 0.737471
LogD3D11RHI: Loaded GFSDK_Aftermath_Lib.x64.dll
LogICUInternationalization: ICU TimeZone Detection - Raw Offset: -5:00, Platform Override: ''
LogPluginManager: Mounting plugin Paper2D
LogPluginManager: Mounting plugin AISupport
LogPluginManager: Mounting plugin LightPropagationVolume
LogPluginManager: Mounting plugin ActorLayerUtilities
LogPluginManager: Mounting plugin AnimationSharing
LogPluginManager: Mounting plugin CLionSourceCodeAccess
LogPluginManager: Mounting plugin CodeLiteSourceCodeAccess
LogPluginManager: Mounting plugin GitSourceControl
LogPluginManager: Mounting plugin KDevelopSourceCodeAccess
LogPluginManager: Mounting plugin NullSourceCodeAccess
LogPluginManager: Mounting plugin PerforceSourceControl
LogPluginManager: Mounting plugin SubversionSourceControl
LogPluginManager: Mounting plugin UObjectPlugin
LogPluginManager: Mounting plugin VisualStudioCodeSourceCodeAccess
LogPluginManager: Mounting plugin VisualStudioSourceCodeAccess
LogPluginManager: Mounting plugin XCodeSourceCodeAccess
LogPluginManager: Mounting plugin AssetManagerEditor
LogPluginManager: Mounting plugin CryptoKeys
LogPluginManager: Mounting plugin DataValidation
LogPluginManager: Mounting plugin FacialAnimation
LogPluginManager: Mounting plugin GameplayTagsEditor
LogPluginManager: Mounting plugin MacGraphicsSwitching
LogPluginManager: Mounting plugin MaterialAnalyzer
LogPluginManager: Mounting plugin MobileLauncherProfileWizard
LogPluginManager: Mounting plugin PluginBrowser
LogPluginManager: Mounting plugin SpeedTreeImporter
LogPluginManager: Mounting plugin DatasmithContent
LogPluginManager: Mounting plugin VariantManagerContent
LogPluginManager: Mounting plugin AlembicImporter
LogPluginManager: Mounting plugin AppleImageUtils
LogPluginManager: Mounting plugin AppleVision
LogPluginManager: Mounting plugin BackChannel
LogPluginManager: Mounting plugin CharacterAI
LogPluginManager: Mounting plugin GeometryCache
LogPluginManager: Mounting plugin HTML5Networking
LogPluginManager: Mounting plugin ProxyLODPlugin
LogPluginManager: Mounting plugin SkeletalReduction
LogPluginManager: Mounting plugin MagicLeap
LogPluginManager: Mounting plugin MagicLeapMedia
LogPluginManager: Mounting plugin AndroidMedia
LogPluginManager: Mounting plugin AvfMedia
LogPluginManager: Mounting plugin ImgMedia
LogPluginManager: Mounting plugin LinearTimecode
LogPluginManager: Mounting plugin MediaCompositing
LogPluginManager: Mounting plugin MediaPlayerEditor
LogPluginManager: Mounting plugin WebMMedia
LogPluginManager: Mounting plugin WmfMedia
LogPluginManager: Mounting plugin TcpMessaging
LogPluginManager: Mounting plugin UdpMessaging
LogPluginManager: Mounting plugin ActorSequence
LogPluginManager: Mounting plugin LevelSequenceEditor
LogPluginManager: Mounting plugin MatineeToLevelSequence
LogPluginManager: Mounting plugin NetcodeUnitTest
LogPluginManager: Mounting plugin NUTUnrealEngine4
LogPluginManager: Mounting plugin OnlineSubsystemGooglePlay
LogPluginManager: Mounting plugin OnlineSubsystemIOS
LogPluginManager: Mounting plugin OnlineSubsystem
LogPluginManager: Mounting plugin OnlineSubsystemNull
LogPluginManager: Mounting plugin OnlineSubsystemUtils
LogPluginManager: Mounting plugin LauncherChunkInstaller
LogPluginManager: Mounting plugin AndroidDeviceProfileSelector
LogPluginManager: Mounting plugin AndroidMoviePlayer
LogPluginManager: Mounting plugin AndroidPermission
LogPluginManager: Mounting plugin AppleMoviePlayer
LogPluginManager: Mounting plugin ArchVisCharacter
LogPluginManager: Mounting plugin AudioCapture
LogPluginManager: Mounting plugin CableComponent
LogPluginManager: Mounting plugin CustomMeshComponent
LogPluginManager: Mounting plugin EditableMesh
LogPluginManager: Mounting plugin ExampleDeviceProfileSelector
LogPluginManager: Mounting plugin Firebase
LogPluginManager: Mounting plugin GoogleCloudMessaging
LogPluginManager: Mounting plugin IOSDeviceProfileSelector
LogPluginManager: Mounting plugin LinuxDeviceProfileSelector
LogPluginManager: Mounting plugin LocationServicesBPLibrary
LogPluginManager: Mounting plugin MobilePatchingUtils
LogPluginManager: Mounting plugin OculusVR
LogPluginManager: Mounting plugin PhysXVehicles
LogPluginManager: Mounting plugin ProceduralMeshComponent
LogPluginManager: Mounting plugin RuntimePhysXCooking
LogPluginManager: Mounting plugin SignificanceManager
LogPluginManager: Mounting plugin SteamVR
LogPluginManager: Mounting plugin WebMMoviePlayer
LogPluginManager: Mounting plugin WindowsMoviePlayer
LogInit: Using libcurl 7.55.1-DEV
LogInit:  - built for x86_64-pc-win32
LogInit:  - supports SSL with OpenSSL/1.1.1
LogInit:  - supports HTTP deflate (compression) using libz 1.2.8
LogInit:  - other features:
LogInit:      CURL_VERSION_SSL
LogInit:      CURL_VERSION_LIBZ
LogInit:      CURL_VERSION_IPV6
LogInit:      CURL_VERSION_ASYNCHDNS
LogInit:      CURL_VERSION_LARGEFILE
LogInit:      CURL_VERSION_IDN
LogInit:  CurlRequestOptions (configurable via config and command line):
LogInit:  - bVerifyPeer = true  - Libcurl will verify peer certificate
LogInit:  - bUseHttpProxy = false  - Libcurl will NOT use HTTP proxy
LogInit:  - bDontReuseConnections = false  - Libcurl will reuse connections
LogInit:  - MaxHostConnections = 16  - Libcurl will limit the number of connections to a host
LogInit:  - LocalHostAddr = Default
LogInit:  - BufferSize = 65536
LogInit: WinSock: version 1.1 (2.2), MaxSocks=32767, MaxUdp=65467
LogInit: Build: ++UE4+Release-4.22-CL-7053642
LogInit: Engine Version: 4.22.3-7053642+++UE4+Release-4.22
LogInit: Compatible Engine Version: 4.22.0-5660361+++UE4+Release-4.22
LogInit: Net CL: 5660361
LogInit: OS: Windows 10 (Release 2004) (), CPU: AMD Ryzen 7 3700X 8-Core Processor             , GPU: AMD Radeon R9 260
LogInit: Compiled (64-bit): Jun 18 2019 03:09:11
LogInit: Compiled with Visual C++: 19.16.27025.01
LogInit: Build Configuration: Development
LogInit: Branch Name: ++UE4+Release-4.22
LogInit: Command Line: 
LogInit: Base Directory: C:/Program Files/Epic Games/UE_4.22/Engine/Binaries/Win64/
LogInit: Installed Engine Build: 1
LogDevObjectVersion: Number of dev versions registered: 23
LogDevObjectVersion:   Dev-Blueprints (B0D832E4-1F89-4F0D-ACCF-7EB736FD4AA2): 10
LogDevObjectVersion:   Dev-Build (E1C64328-A22C-4D53-A36C-8E866417BD8C): 0
LogDevObjectVersion:   Dev-Core (375EC13C-06E4-48FB-B500-84F0262A717E): 3
LogDevObjectVersion:   Dev-Editor (E4B068ED-F494-42E9-A231-DA0B2E46BB41): 30
LogDevObjectVersion:   Dev-Framework (CFFC743F-43B0-4480-9391-14DF171D2073): 35
LogDevObjectVersion:   Dev-Mobile (B02B49B5-BB20-44E9-A304-32B752E40360): 2
LogDevObjectVersion:   Dev-Networking (A4E4105C-59A1-49B5-A7C5-40C4547EDFEE): 0
LogDevObjectVersion:   Dev-Online (39C831C9-5AE6-47DC-9A44-9C173E1C8E7C): 0
LogDevObjectVersion:   Dev-Physics (78F01B33-EBEA-4F98-B9B4-84EACCB95AA2): 0
LogDevObjectVersion:   Dev-Platform (6631380F-2D4D-43E0-8009-CF276956A95A): 0
LogDevObjectVersion:   Dev-Rendering (12F88B9F-8875-4AFC-A67C-D90C383ABD29): 28
LogDevObjectVersion:   Dev-Sequencer (7B5AE74C-D270-4C10-A958-57980B212A5A): 11
LogDevObjectVersion:   Dev-VR (D7296918-1DD6-4BDD-9DE2-64A83CC13884): 2
LogDevObjectVersion:   Dev-LoadTimes (C2A15278-BFE7-4AFE-6C17-90FF531DF755): 1
LogDevObjectVersion:   Private-Geometry (6EACA3D4-40EC-4CC1-B786-8BED09428FC5): 3
LogDevObjectVersion:   Dev-AnimPhys (29E575DD-E0A3-4627-9D10-D276232CDCEA): 17
LogDevObjectVersion:   Dev-Anim (AF43A65D-7FD3-4947-9873-3E8ED9C1BB05): 2
LogDevObjectVersion:   Dev-ReflectionCapture (6B266CEC-1EC7-4B8F-A30B-E4D90942FC07): 1
LogDevObjectVersion:   Dev-Automation (0DF73D61-A23F-47EA-B727-89E90C41499A): 1
LogDevObjectVersion:   FortniteMain (601D1886-AC64-4F84-AA16-D3DE0DEAC7D6): 25
LogDevObjectVersion:   Dev-Enterprise (9DFFBCD6-494F-0158-E221-12823C92A888): 6
LogDevObjectVersion:   Dev-Niagara (F2AED0AC-9AFE-416F-8664-AA7FFA26D6FC): 1
LogDevObjectVersion:   Dev-Destruction (174F1F0B-B4C6-45A5-B13F-2EE8D0FB917D): 2
LogInit: Presizing for max 16777216 objects, including 0 objects not considered by GC, pre-allocating 0 bytes for permanent pool.
LogInit: Object subsystem initialized
LogConfig: Setting CVar [[con.DebugEarlyDefault:1]]
LogConfig: Setting CVar [[r.setres:1280x720]]
[2021.01.13-20.48.22:902][  0]LogConfig: Setting CVar [[r.VSync:0]]
[2021.01.13-20.48.22:902][  0]LogConfig: Setting CVar [[r.RHICmdBypass:0]]
[2021.01.13-20.48.22:902][  0]LogConfig: Applying CVar settings from Section [/Script/Engine.RendererSettings] File [C:/Users/Mirza/Unreal-Learning-Demo/Unreal-Learning-Demo/Hameds Code/Section 3/MyProject/Saved/Config/Windows/Engine.ini]
[2021.01.13-20.48.22:902][  0]LogConfig: Setting CVar [[r.GPUCrashDebugging:0]]
[2021.01.13-20.48.22:902][  0]LogConfig: Setting CVar [[r.DefaultFeature.AutoExposure.ExtendDefaultLuminanceRange:1]]
[2021.01.13-20.48.22:902][  0]LogConfig: Applying CVar settings from Section [/Script/Engine.RendererOverrideSettings] File [C:/Users/Mirza/Unreal-Learning-Demo/Unreal-Learning-Demo/Hameds Code/Section 3/MyProject/Saved/Config/Windows/Engine.ini]
[2021.01.13-20.48.22:902][  0]LogConfig: Applying CVar settings from Section [/Script/Engine.StreamingSettings] File [C:/Users/Mirza/Unreal-Learning-Demo/Unreal-Learning-Demo/Hameds Code/Section 3/MyProject/Saved/Config/Windows/Engine.ini]
[2021.01.13-20.48.22:902][  0]LogConfig: Setting CVar [[s.MinBulkDataSizeForAsyncLoading:131072]]
[2021.01.13-20.48.22:902][  0]LogConfig: Setting CVar [[s.AsyncLoadingThreadEnabled:0]]
[2021.01.13-20.48.22:902][  0]LogConfig: Setting CVar [[s.EventDrivenLoaderEnabled:1]]
[2021.01.13-20.48.22:902][  0]LogConfig: Setting CVar [[s.WarnIfTimeLimitExceeded:0]]
[2021.01.13-20.48.22:902][  0]LogConfig: Setting CVar [[s.TimeLimitExceededMultiplier:1.5]]
[2021.01.13-20.48.22:902][  0]LogConfig: Setting CVar [[s.TimeLimitExceededMinTime:0.005]]
[2021.01.13-20.48.22:902][  0]LogConfig: Setting CVar [[s.UseBackgroundLevelStreaming:1]]
[2021.01.13-20.48.22:902][  0]LogConfig: Setting CVar [[s.PriorityAsyncLoadingExtraTime:15.0]]
[2021.01.13-20.48.22:902][  0]LogConfig: Setting CVar [[s.LevelStreamingActorsUpdateTimeLimit:5.0]]
[2021.01.13-20.48.22:902][  0]LogConfig: Setting CVar [[s.PriorityLevelStreamingActorsUpdateExtraTime:5.0]]
[2021.01.13-20.48.22:902][  0]LogConfig: Setting CVar [[s.LevelStreamingComponentsRegistrationGranularity:10]]
[2021.01.13-20.48.22:902][  0]LogConfig: Setting CVar [[s.UnregisterComponentsTimeLimit:1.0]]
[2021.01.13-20.48.22:902][  0]LogConfig: Setting CVar [[s.LevelStreamingComponentsUnregistrationGranularity:5]]
[2021.01.13-20.48.22:902][  0]LogConfig: Applying CVar settings from Section [/Script/Engine.GarbageCollectionSettings] File [C:/Users/Mirza/Unreal-Learning-Demo/Unreal-Learning-Demo/Hameds Code/Section 3/MyProject/Saved/Config/Windows/Engine.ini]
[2021.01.13-20.48.22:902][  0]LogConfig: Setting CVar [[gc.MaxObjectsNotConsideredByGC:1]]
[2021.01.13-20.48.22:902][  0]LogConfig: Setting CVar [[gc.SizeOfPermanentObjectPool:0]]
[2021.01.13-20.48.22:902][  0]LogConfig: Setting CVar [[gc.FlushStreamingOnGC:0]]
[2021.01.13-20.48.22:902][  0]LogConfig: Setting CVar [[gc.NumRetriesBeforeForcingGC:10]]
[2021.01.13-20.48.22:902][  0]LogConfig: Setting CVar [[gc.AllowParallelGC:1]]
[2021.01.13-20.48.22:902][  0]LogConfig: Setting CVar [[gc.TimeBetweenPurgingPendingKillObjects:61.1]]
[2021.01.13-20.48.22:902][  0]LogConfig: Setting CVar [[gc.MaxObjectsInEditor:16777216]]
[2021.01.13-20.48.22:902][  0]LogConfig: Setting CVar [[gc.IncrementalBeginDestroyEnabled:1]]
[2021.01.13-20.48.22:902][  0]LogConfig: Setting CVar [[gc.CreateGCClusters:1]]
[2021.01.13-20.48.22:902][  0]LogConfig: Setting CVar [[gc.MinGCClusterSize:5]]
[2021.01.13-20.48.22:902][  0]LogConfig: Setting CVar [[gc.ActorClusteringEnabled:0]]
[2021.01.13-20.48.22:902][  0]LogConfig: Setting CVar [[gc.BlueprintClusteringEnabled:0]]
[2021.01.13-20.48.22:902][  0]LogConfig: Setting CVar [[gc.UseDisregardForGCOnDedicatedServers:0]]
[2021.01.13-20.48.22:902][  0]LogConfig: Applying CVar settings from Section [/Script/Engine.NetworkSettings] File [C:/Users/Mirza/Unreal-Learning-Demo/Unreal-Learning-Demo/Hameds Code/Section 3/MyProject/Saved/Config/Windows/Engine.ini]
[2021.01.13-20.48.22:902][  0]LogConfig: Applying CVar settings from Section [/Script/UnrealEd.CookerSettings] File [C:/Users/Mirza/Unreal-Learning-Demo/Unreal-Learning-Demo/Hameds Code/Section 3/MyProject/Saved/Config/Windows/Engine.ini]
[2021.01.13-20.48.22:906][  0]LogConfig: Applying CVar settings from Section [ViewDistanceQuality@3] File [C:/Users/Mirza/Unreal-Learning-Demo/Unreal-Learning-Demo/Hameds Code/Section 3/MyProject/Saved/Config/Windows/Scalability.ini]
[2021.01.13-20.48.22:906][  0]LogConfig: Setting CVar [[r.SkeletalMeshLODBias:0]]
[2021.01.13-20.48.22:906][  0]LogConfig: Setting CVar [[r.ViewDistanceScale:1.0]]
[2021.01.13-20.48.22:906][  0]LogConfig: Applying CVar settings from Section [AntiAliasingQuality@3] File [C:/Users/Mirza/Unreal-Learning-Demo/Unreal-Learning-Demo/Hameds Code/Section 3/MyProject/Saved/Config/Windows/Scalability.ini]
[2021.01.13-20.48.22:906][  0]LogConfig: Setting CVar [[r.PostProcessAAQuality:4]]
[2021.01.13-20.48.22:906][  0]LogConfig: Applying CVar settings from Section [ShadowQuality@3] File [C:/Users/Mirza/Unreal-Learning-Demo/Unreal-Learning-Demo/Hameds Code/Section 3/MyProject/Saved/Config/Windows/Scalability.ini]
[2021.01.13-20.48.22:906][  0]LogConfig: Setting CVar [[r.LightFunctionQuality:1]]
[2021.01.13-20.48.22:906][  0]LogConfig: Setting CVar [[r.ShadowQuality:5]]
[2021.01.13-20.48.22:906][  0]LogConfig: Setting CVar [[r.Shadow.CSM.MaxCascades:10]]
[2021.01.13-20.48.22:906][  0]LogConfig: Setting CVar [[r.Shadow.MaxResolution:2048]]
[2021.01.13-20.48.22:906][  0]LogConfig: Setting CVar [[r.Shadow.MaxCSMResolution:2048]]
[2021.01.13-20.48.22:906][  0]LogConfig: Setting CVar [[r.Shadow.RadiusThreshold:0.01]]
[2021.01.13-20.48.22:906][  0]LogConfig: Setting CVar [[r.Shadow.DistanceScale:1.0]]
[2021.01.13-20.48.22:906][  0]LogConfig: Setting CVar [[r.Shadow.CSM.TransitionScale:1.0]]
[2021.01.13-20.48.22:906][  0]LogConfig: Setting CVar [[r.Shadow.PreShadowResolutionFactor:1.0]]
[2021.01.13-20.48.22:906][  0]LogConfig: Setting CVar [[r.DistanceFieldShadowing:1]]
[2021.01.13-20.48.22:906][  0]LogConfig: Setting CVar [[r.DistanceFieldAO:1]]
[2021.01.13-20.48.22:906][  0]LogConfig: Setting CVar [[r.AOQuality:2]]
[2021.01.13-20.48.22:906][  0]LogConfig: Setting CVar [[r.VolumetricFog:1]]
[2021.01.13-20.48.22:906][  0]LogConfig: Setting CVar [[r.VolumetricFog.GridPixelSize:8]]
[2021.01.13-20.48.22:906][  0]LogConfig: Setting CVar [[r.VolumetricFog.GridSizeZ:128]]
[2021.01.13-20.48.22:906][  0]LogConfig: Setting CVar [[r.VolumetricFog.HistoryMissSupersampleCount:4]]
[2021.01.13-20.48.22:906][  0]LogConfig: Setting CVar [[r.LightMaxDrawDistanceScale:1]]
[2021.01.13-20.48.22:906][  0]LogConfig: Setting CVar [[r.CapsuleShadows:1]]
[2021.01.13-20.48.22:906][  0]LogConfig: Applying CVar settings from Section [PostProcessQuality@3] File [C:/Users/Mirza/Unreal-Learning-Demo/Unreal-Learning-Demo/Hameds Code/Section 3/MyProject/Saved/Config/Windows/Scalability.ini]
[2021.01.13-20.48.22:906][  0]LogConfig: Setting CVar [[r.MotionBlurQuality:4]]
[2021.01.13-20.48.22:906][  0]LogConfig: Setting CVar [[r.AmbientOcclusionMipLevelFactor:0.4]]
[2021.01.13-20.48.22:906][  0]LogConfig: Setting CVar [[r.AmbientOcclusionMaxQuality:100]]
[2021.01.13-20.48.22:906][  0]LogConfig: Setting CVar [[r.AmbientOcclusionLevels:-1]]
[2021.01.13-20.48.22:906][  0]LogConfig: Setting CVar [[r.AmbientOcclusionRadiusScale:1.0]]
[2021.01.13-20.48.22:906][  0]LogConfig: Setting CVar [[r.DepthOfFieldQuality:2]]
[2021.01.13-20.48.22:907][  0]LogConfig: Setting CVar [[r.RenderTargetPoolMin:400]]
[2021.01.13-20.48.22:907][  0]LogConfig: Setting CVar [[r.LensFlareQuality:2]]
[2021.01.13-20.48.22:907][  0]LogConfig: Setting CVar [[r.SceneColorFringeQuality:1]]
[2021.01.13-20.48.22:907][  0]LogConfig: Setting CVar [[r.EyeAdaptationQuality:2]]
[2021.01.13-20.48.22:907][  0]LogConfig: Setting CVar [[r.BloomQuality:5]]
[2021.01.13-20.48.22:907][  0]LogConfig: Setting CVar [[r.FastBlurThreshold:100]]
[2021.01.13-20.48.22:907][  0]LogConfig: Setting CVar [[r.Upscale.Quality:3]]
[2021.01.13-20.48.22:907][  0]LogConfig: Setting CVar [[r.Tonemapper.GrainQuantization:1]]
[2021.01.13-20.48.22:907][  0]LogConfig: Setting CVar [[r.LightShaftQuality:1]]
[2021.01.13-20.48.22:907][  0]LogConfig: Setting CVar [[r.Filter.SizeScale:1]]
[2021.01.13-20.48.22:907][  0]LogConfig: Setting CVar [[r.Tonemapper.Quality:5]]
[2021.01.13-20.48.22:907][  0]LogConfig: Setting CVar [[r.DOF.Gather.AccumulatorQuality:1        ; higher gathering accumulator quality]]
[2021.01.13-20.48.22:907][  0]LogConfig: Setting CVar [[r.DOF.Gather.PostfilterMethod:1          ; Median3x3 postfilering method]]
[2021.01.13-20.48.22:907][  0]LogConfig: Setting CVar [[r.DOF.Gather.EnableBokehSettings:0       ; no bokeh simulation when gathering]]
[2021.01.13-20.48.22:907][  0]LogConfig: Setting CVar [[r.DOF.Gather.RingCount:4                 ; medium number of samples when gathering]]
[2021.01.13-20.48.22:907][  0]LogConfig: Setting CVar [[r.DOF.Scatter.ForegroundCompositing:1    ; additive foreground scattering]]
[2021.01.13-20.48.22:907][  0]LogConfig: Setting CVar [[r.DOF.Scatter.BackgroundCompositing:2    ; additive background scattering]]
[2021.01.13-20.48.22:907][  0]LogConfig: Setting CVar [[r.DOF.Scatter.EnableBokehSettings:1      ; bokeh simulation when scattering]]
[2021.01.13-20.48.22:907][  0]LogConfig: Setting CVar [[r.DOF.Scatter.MaxSpriteRatio:0.1         ; only a maximum of 10% of scattered bokeh]]
[2021.01.13-20.48.22:907][  0]LogConfig: Setting CVar [[r.DOF.Recombine.Quality:1                ; cheap slight out of focus]]
[2021.01.13-20.48.22:907][  0]LogConfig: Setting CVar [[r.DOF.Recombine.EnableBokehSettings:0    ; no bokeh simulation on slight out of focus]]
[2021.01.13-20.48.22:907][  0]LogConfig: Setting CVar [[r.DOF.TemporalAAQuality:1                ; more stable temporal accumulation]]
[2021.01.13-20.48.22:907][  0]LogConfig: Setting CVar [[r.DOF.Kernel.MaxForegroundRadius:0.025]]
[2021.01.13-20.48.22:907][  0]LogConfig: Setting CVar [[r.DOF.Kernel.MaxBackgroundRadius:0.025]]
[2021.01.13-20.48.22:907][  0]LogConfig: Applying CVar settings from Section [TextureQuality@3] File [C:/Users/Mirza/Unreal-Learning-Demo/Unreal-Learning-Demo/Hameds Code/Section 3/MyProject/Saved/Config/Windows/Scalability.ini]
[2021.01.13-20.48.22:907][  0]LogConfig: Setting CVar [[r.Streaming.MipBias:0]]
[2021.01.13-20.48.22:907][  0]LogConfig: Setting CVar [[r.Streaming.AmortizeCPUToGPUCopy:0]]
[2021.01.13-20.48.22:907][  0]LogConfig: Setting CVar [[r.Streaming.MaxNumTexturesToStreamPerFrame:0]]
[2021.01.13-20.48.22:907][  0]LogConfig: Setting CVar [[r.Streaming.Boost:1]]
[2021.01.13-20.48.22:907][  0]LogConfig: Setting CVar [[r.MaxAnisotropy:8]]
[2021.01.13-20.48.22:907][  0]LogConfig: Setting CVar [[r.Streaming.LimitPoolSizeToVRAM:0]]
[2021.01.13-20.48.22:907][  0]LogConfig: Setting CVar [[r.Streaming.PoolSize:1000]]
[2021.01.13-20.48.22:907][  0]LogConfig: Setting CVar [[r.Streaming.MaxEffectiveScreenSize:0]]
[2021.01.13-20.48.22:907][  0]LogConfig: Applying CVar settings from Section [EffectsQuality@3] File [C:/Users/Mirza/Unreal-Learning-Demo/Unreal-Learning-Demo/Hameds Code/Section 3/MyProject/Saved/Config/Windows/Scalability.ini]
[2021.01.13-20.48.22:907][  0]LogConfig: Setting CVar [[r.TranslucencyLightingVolumeDim:64]]
[2021.01.13-20.48.22:907][  0]LogConfig: Setting CVar [[r.RefractionQuality:2]]
[2021.01.13-20.48.22:907][  0]LogConfig: Setting CVar [[r.SSR.Quality:3]]
[2021.01.13-20.48.22:907][  0]LogConfig: Setting CVar [[r.SceneColorFormat:4]]
[2021.01.13-20.48.22:907][  0]LogConfig: Setting CVar [[r.DetailMode:2]]
[2021.01.13-20.48.22:907][  0]LogConfig: Setting CVar [[r.TranslucencyVolumeBlur:1]]
[2021.01.13-20.48.22:907][  0]LogConfig: Setting CVar [[r.MaterialQualityLevel:1 ; High quality]]
[2021.01.13-20.48.22:907][  0]LogConfig: Setting CVar [[r.SSS.Scale:1]]
[2021.01.13-20.48.22:907][  0]LogConfig: Setting CVar [[r.SSS.SampleSet:2]]
[2021.01.13-20.48.22:907][  0]LogConfig: Setting CVar [[r.SSS.Quality:1]]
[2021.01.13-20.48.22:907][  0]LogConfig: Setting CVar [[r.SSS.HalfRes:1]]
[2021.01.13-20.48.22:907][  0]LogConfig: Setting CVar [[r.EmitterSpawnRateScale:1.0]]
[2021.01.13-20.48.22:907][  0]LogConfig: Setting CVar [[r.ParticleLightQuality:2]]
[2021.01.13-20.48.22:907][  0]LogConfig: Applying CVar settings from Section [FoliageQuality@3] File [C:/Users/Mirza/Unreal-Learning-Demo/Unreal-Learning-Demo/Hameds Code/Section 3/MyProject/Saved/Config/Windows/Scalability.ini]
[2021.01.13-20.48.22:907][  0]LogConfig: Setting CVar [[foliage.DensityScale:1.0]]
[2021.01.13-20.48.22:907][  0]LogConfig: Setting CVar [[grass.DensityScale:1.0]]
[2021.01.13-20.48.22:907][  0]LogInit: Selected Device Profile: [Windows]
[2021.01.13-20.48.22:907][  0]LogInit: Applying CVar settings loaded from the selected device profile: [Windows]
[2021.01.13-20.48.22:936][  0]LogHAL: Display: Platform has ~ 16 GB [17086349312 / 17179869184 / 16], which maps to Larger [LargestMinGB=32, LargerMinGB=12, DefaultMinGB=8, SmallerMinGB=6, SmallestMinGB=0)
[2021.01.13-20.48.22:936][  0]LogConfig: Setting CVar [[r.Vulkan.UseRealUBs:0		; Required until we fix HLR fall-out]]
[2021.01.13-20.48.22:936][  0]LogInit: Going up to parent DeviceProfile []
[2021.01.13-20.48.22:936][  0]LogConfig: Applying CVar settings from Section [ViewDistanceQuality@3] File [C:/Users/Mirza/Unreal-Learning-Demo/Unreal-Learning-Demo/Hameds Code/Section 3/MyProject/Saved/Config/Windows/Scalability.ini]
[2021.01.13-20.48.22:936][  0]LogConfig: Setting CVar [[r.SkeletalMeshLODBias:0]]
[2021.01.13-20.48.22:936][  0]LogConfig: Setting CVar [[r.ViewDistanceScale:1.0]]
[2021.01.13-20.48.22:936][  0]LogConfig: Applying CVar settings from Section [AntiAliasingQuality@3] File [C:/Users/Mirza/Unreal-Learning-Demo/Unreal-Learning-Demo/Hameds Code/Section 3/MyProject/Saved/Config/Windows/Scalability.ini]
[2021.01.13-20.48.22:936][  0]LogConfig: Setting CVar [[r.PostProcessAAQuality:4]]
[2021.01.13-20.48.22:936][  0]LogConfig: Applying CVar settings from Section [ShadowQuality@3] File [C:/Users/Mirza/Unreal-Learning-Demo/Unreal-Learning-Demo/Hameds Code/Section 3/MyProject/Saved/Config/Windows/Scalability.ini]
[2021.01.13-20.48.22:936][  0]LogConfig: Setting CVar [[r.LightFunctionQuality:1]]
[2021.01.13-20.48.22:936][  0]LogConfig: Setting CVar [[r.ShadowQuality:5]]
[2021.01.13-20.48.22:936][  0]LogConfig: Setting CVar [[r.Shadow.CSM.MaxCascades:10]]
[2021.01.13-20.48.22:936][  0]LogConfig: Setting CVar [[r.Shadow.MaxResolution:2048]]
[2021.01.13-20.48.22:936][  0]LogConfig: Setting CVar [[r.Shadow.MaxCSMResolution:2048]]
[2021.01.13-20.48.22:936][  0]LogConfig: Setting CVar [[r.Shadow.RadiusThreshold:0.01]]
[2021.01.13-20.48.22:936][  0]LogConfig: Setting CVar [[r.Shadow.DistanceScale:1.0]]
[2021.01.13-20.48.22:936][  0]LogConfig: Setting CVar [[r.Shadow.CSM.TransitionScale:1.0]]
[2021.01.13-20.48.22:936][  0]LogConfig: Setting CVar [[r.Shadow.PreShadowResolutionFactor:1.0]]
[2021.01.13-20.48.22:936][  0]LogConfig: Setting CVar [[r.DistanceFieldShadowing:1]]
[2021.01.13-20.48.22:936][  0]LogConfig: Setting CVar [[r.DistanceFieldAO:1]]
[2021.01.13-20.48.22:936][  0]LogConfig: Setting CVar [[r.AOQuality:2]]
[2021.01.13-20.48.22:936][  0]LogConfig: Setting CVar [[r.VolumetricFog:1]]
[2021.01.13-20.48.22:936][  0]LogConfig: Setting CVar [[r.VolumetricFog.GridPixelSize:8]]
[2021.01.13-20.48.22:936][  0]LogConfig: Setting CVar [[r.VolumetricFog.GridSizeZ:128]]
[2021.01.13-20.48.22:936][  0]LogConfig: Setting CVar [[r.VolumetricFog.HistoryMissSupersampleCount:4]]
[2021.01.13-20.48.22:936][  0]LogConfig: Setting CVar [[r.LightMaxDrawDistanceScale:1]]
[2021.01.13-20.48.22:936][  0]LogConfig: Setting CVar [[r.CapsuleShadows:1]]
[2021.01.13-20.48.22:936][  0]LogConfig: Applying CVar settings from Section [PostProcessQuality@3] File [C:/Users/Mirza/Unreal-Learning-Demo/Unreal-Learning-Demo/Hameds Code/Section 3/MyProject/Saved/Config/Windows/Scalability.ini]
[2021.01.13-20.48.22:936][  0]LogConfig: Setting CVar [[r.MotionBlurQuality:4]]
[2021.01.13-20.48.22:936][  0]LogConfig: Setting CVar [[r.AmbientOcclusionMipLevelFactor:0.4]]
[2021.01.13-20.48.22:936][  0]LogConfig: Setting CVar [[r.AmbientOcclusionMaxQuality:100]]
[2021.01.13-20.48.22:936][  0]LogConfig: Setting CVar [[r.AmbientOcclusionLevels:-1]]
[2021.01.13-20.48.22:936][  0]LogConfig: Setting CVar [[r.AmbientOcclusionRadiusScale:1.0]]
[2021.01.13-20.48.22:936][  0]LogConfig: Setting CVar [[r.DepthOfFieldQuality:2]]
[2021.01.13-20.48.22:936][  0]LogConfig: Setting CVar [[r.RenderTargetPoolMin:400]]
[2021.01.13-20.48.22:936][  0]LogConfig: Setting CVar [[r.LensFlareQuality:2]]
[2021.01.13-20.48.22:936][  0]LogConfig: Setting CVar [[r.SceneColorFringeQuality:1]]
[2021.01.13-20.48.22:936][  0]LogConfig: Setting CVar [[r.EyeAdaptationQuality:2]]
[2021.01.13-20.48.22:936][  0]LogConfig: Setting CVar [[r.BloomQuality:5]]
[2021.01.13-20.48.22:936][  0]LogConfig: Setting CVar [[r.FastBlurThreshold:100]]
[2021.01.13-20.48.22:936][  0]LogConfig: Setting CVar [[r.Upscale.Quality:3]]
[2021.01.13-20.48.22:936][  0]LogConfig: Setting CVar [[r.Tonemapper.GrainQuantization:1]]
[2021.01.13-20.48.22:936][  0]LogConfig: Setting CVar [[r.LightShaftQuality:1]]
[2021.01.13-20.48.22:936][  0]LogConfig: Setting CVar [[r.Filter.SizeScale:1]]
[2021.01.13-20.48.22:936][  0]LogConfig: Setting CVar [[r.Tonemapper.Quality:5]]
[2021.01.13-20.48.22:936][  0]LogConfig: Setting CVar [[r.DOF.Gather.AccumulatorQuality:1        ; higher gathering accumulator quality]]
[2021.01.13-20.48.22:936][  0]LogConfig: Setting CVar [[r.DOF.Gather.PostfilterMethod:1          ; Median3x3 postfilering method]]
[2021.01.13-20.48.22:936][  0]LogConfig: Setting CVar [[r.DOF.Gather.EnableBokehSettings:0       ; no bokeh simulation when gathering]]
[2021.01.13-20.48.22:936][  0]LogConfig: Setting CVar [[r.DOF.Gather.RingCount:4                 ; medium number of samples when gathering]]
[2021.01.13-20.48.22:936][  0]LogConfig: Setting CVar [[r.DOF.Scatter.ForegroundCompositing:1    ; additive foreground scattering]]
[2021.01.13-20.48.22:936][  0]LogConfig: Setting CVar [[r.DOF.Scatter.BackgroundCompositing:2    ; additive background scattering]]
[2021.01.13-20.48.22:936][  0]LogConfig: Setting CVar [[r.DOF.Scatter.EnableBokehSettings:1      ; bokeh simulation when scattering]]
[2021.01.13-20.48.22:936][  0]LogConfig: Setting CVar [[r.DOF.Scatter.MaxSpriteRatio:0.1         ; only a maximum of 10% of scattered bokeh]]
[2021.01.13-20.48.22:936][  0]LogConfig: Setting CVar [[r.DOF.Recombine.Quality:1                ; cheap slight out of focus]]
[2021.01.13-20.48.22:936][  0]LogConfig: Setting CVar [[r.DOF.Recombine.EnableBokehSettings:0    ; no bokeh simulation on slight out of focus]]
[2021.01.13-20.48.22:936][  0]LogConfig: Setting CVar [[r.DOF.TemporalAAQuality:1                ; more stable temporal accumulation]]
[2021.01.13-20.48.22:936][  0]LogConfig: Setting CVar [[r.DOF.Kernel.MaxForegroundRadius:0.025]]
[2021.01.13-20.48.22:936][  0]LogConfig: Setting CVar [[r.DOF.Kernel.MaxBackgroundRadius:0.025]]
[2021.01.13-20.48.22:936][  0]LogConfig: Applying CVar settings from Section [TextureQuality@3] File [C:/Users/Mirza/Unreal-Learning-Demo/Unreal-Learning-Demo/Hameds Code/Section 3/MyProject/Saved/Config/Windows/Scalability.ini]
[2021.01.13-20.48.22:936][  0]LogConfig: Setting CVar [[r.Streaming.MipBias:0]]
[2021.01.13-20.48.22:936][  0]LogConfig: Setting CVar [[r.Streaming.AmortizeCPUToGPUCopy:0]]
[2021.01.13-20.48.22:936][  0]LogConfig: Setting CVar [[r.Streaming.MaxNumTexturesToStreamPerFrame:0]]
[2021.01.13-20.48.22:936][  0]LogConfig: Setting CVar [[r.Streaming.Boost:1]]
[2021.01.13-20.48.22:936][  0]LogConfig: Setting CVar [[r.MaxAnisotropy:8]]
[2021.01.13-20.48.22:936][  0]LogConfig: Setting CVar [[r.Streaming.LimitPoolSizeToVRAM:0]]
[2021.01.13-20.48.22:936][  0]LogConfig: Setting CVar [[r.Streaming.PoolSize:1000]]
[2021.01.13-20.48.22:936][  0]LogConfig: Setting CVar [[r.Streaming.MaxEffectiveScreenSize:0]]
[2021.01.13-20.48.22:936][  0]LogConfig: Applying CVar settings from Section [EffectsQuality@3] File [C:/Users/Mirza/Unreal-Learning-Demo/Unreal-Learning-Demo/Hameds Code/Section 3/MyProject/Saved/Config/Windows/Scalability.ini]
[2021.01.13-20.48.22:936][  0]LogConfig: Setting CVar [[r.TranslucencyLightingVolumeDim:64]]
[2021.01.13-20.48.22:936][  0]LogConfig: Setting CVar [[r.RefractionQuality:2]]
[2021.01.13-20.48.22:937][  0]LogConfig: Setting CVar [[r.SSR.Quality:3]]
[2021.01.13-20.48.22:937][  0]LogConfig: Setting CVar [[r.SceneColorFormat:4]]
[2021.01.13-20.48.22:937][  0]LogConfig: Setting CVar [[r.DetailMode:2]]
[2021.01.13-20.48.22:937][  0]LogConfig: Setting CVar [[r.TranslucencyVolumeBlur:1]]
[2021.01.13-20.48.22:937][  0]LogConfig: Setting CVar [[r.MaterialQualityLevel:1 ; High quality]]
[2021.01.13-20.48.22:937][  0]LogConfig: Setting CVar [[r.SSS.Scale:1]]
[2021.01.13-20.48.22:937][  0]LogConfig: Setting CVar [[r.SSS.SampleSet:2]]
[2021.01.13-20.48.22:937][  0]LogConfig: Setting CVar [[r.SSS.Quality:1]]
[2021.01.13-20.48.22:937][  0]LogConfig: Setting CVar [[r.SSS.HalfRes:1]]
[2021.01.13-20.48.22:937][  0]LogConfig: Setting CVar [[r.EmitterSpawnRateScale:1.0]]
[2021.01.13-20.48.22:937][  0]LogConfig: Setting CVar [[r.ParticleLightQuality:2]]
[2021.01.13-20.48.22:937][  0]LogConfig: Applying CVar settings from Section [FoliageQuality@3] File [C:/Users/Mirza/Unreal-Learning-Demo/Unreal-Learning-Demo/Hameds Code/Section 3/MyProject/Saved/Config/Windows/Scalability.ini]
[2021.01.13-20.48.22:937][  0]LogConfig: Setting CVar [[foliage.DensityScale:1.0]]
[2021.01.13-20.48.22:937][  0]LogConfig: Setting CVar [[grass.DensityScale:1.0]]
[2021.01.13-20.48.22:937][  0]LogConfig: Applying CVar settings from Section [Startup] File [../../../Engine/Config/ConsoleVariables.ini]
[2021.01.13-20.48.22:937][  0]LogConfig: Setting CVar [[net.UseAdaptiveNetUpdateFrequency:0]]
[2021.01.13-20.48.22:937][  0]LogConfig: Setting CVar [[p.chaos.AllowCreatePhysxBodies:1]]
[2021.01.13-20.48.22:937][  0]LogConfig: Applying CVar settings from Section [ConsoleVariables] File [C:/Users/Mirza/Unreal-Learning-Demo/Unreal-Learning-Demo/Hameds Code/Section 3/MyProject/Saved/Config/Windows/Engine.ini]
[2021.01.13-20.48.22:937][  0]LogInit: Computer: DESKTOP-KH48G98
[2021.01.13-20.48.22:937][  0]LogInit: User: Mirza
[2021.01.13-20.48.22:937][  0]LogInit: CPU Page size=4096, Cores=8
[2021.01.13-20.48.22:937][  0]LogInit: High frequency timer resolution =10.000000 MHz
[2021.01.13-20.48.22:937][  0]LogMemory: Memory total: Physical=15.9GB (16GB approx)
[2021.01.13-20.48.22:937][  0]LogMemory: Platform Memory Stats for Windows
[2021.01.13-20.48.22:937][  0]LogMemory: Process Physical Memory: 98.09 MB used, 98.10 MB peak
[2021.01.13-20.48.22:937][  0]LogMemory: Process Virtual Memory: 92.17 MB used, 92.17 MB peak
[2021.01.13-20.48.22:937][  0]LogMemory: Physical Memory: 6263.54 MB used,  10031.27 MB free, 16294.81 MB total
[2021.01.13-20.48.22:937][  0]LogMemory: Virtual Memory: 4678.93 MB used,  134213048.00 MB free, 134217728.00 MB total
[2021.01.13-20.48.22:960][  0]LogInit: Using OS detected language (en-US).
[2021.01.13-20.48.22:960][  0]LogInit: Using OS detected locale (en-US).
[2021.01.13-20.48.22:960][  0]LogTextLocalizationManager: No specific localization for 'en-US' exists, so the 'en' localization will be used.
[2021.01.13-20.48.23:082][  0]LogInit: Setting process to per monitor DPI aware
[2021.01.13-20.48.23:116][  0]LogSlate: New Slate User Created.  User Index 0, Is Virtual User: 0
[2021.01.13-20.48.23:116][  0]LogSlate: Slate User Registered.  User Index 0, Is Virtual User: 0
[2021.01.13-20.48.23:247][  0]LogHMD: Failed to initialize OpenVR with code 110
[2021.01.13-20.48.23:247][  0]LogD3D11RHI: D3D11 adapters:
[2021.01.13-20.48.23:284][  0]LogD3D11RHI:    0. 'AMD Radeon R9 260' (Feature Level 11_0)
[2021.01.13-20.48.23:284][  0]LogD3D11RHI:       2024/0/8147 MB DedicatedVideo/DedicatedSystem/SharedSystem, Outputs:1, VendorId:0x1002
[2021.01.13-20.48.23:287][  0]LogD3D11RHI:    1. 'Microsoft Basic Render Driver' (Feature Level 11_0)
[2021.01.13-20.48.23:287][  0]LogD3D11RHI:       0/0/8147 MB DedicatedVideo/DedicatedSystem/SharedSystem, Outputs:0, VendorId:0x1414
[2021.01.13-20.48.23:287][  0]LogD3D11RHI: Chosen D3D11 Adapter: 0
[2021.01.13-20.48.23:293][  0]LogD3D11RHI: Creating new Direct3DDevice
[2021.01.13-20.48.23:293][  0]LogD3D11RHI:     GPU DeviceId: 0x6658 (for the marketing name, search the web for "GPU Device Id")
[2021.01.13-20.48.23:293][  0]LogWindows: EnumDisplayDevices:
[2021.01.13-20.48.23:293][  0]LogWindows:    0. 'AMD Radeon R9 260' (P:1 D:1)
[2021.01.13-20.48.23:294][  0]LogWindows:    1. 'AMD Radeon R9 260' (P:0 D:0)
[2021.01.13-20.48.23:294][  0]LogWindows:    2. 'AMD Radeon R9 260' (P:0 D:0)
[2021.01.13-20.48.23:295][  0]LogWindows:    3. 'AMD Radeon R9 260' (P:0 D:0)
[2021.01.13-20.48.23:295][  0]LogWindows:    4. 'AMD Radeon R9 260' (P:0 D:0)
[2021.01.13-20.48.23:295][  0]LogWindows:    5. 'AMD Radeon R9 260' (P:0 D:0)
[2021.01.13-20.48.23:296][  0]LogWindows:    6. 'AMD Radeon R9 260' (P:0 D:0)
[2021.01.13-20.48.23:296][  0]LogWindows:    7. 'AMD Radeon R9 260' (P:0 D:0)
[2021.01.13-20.48.23:297][  0]LogWindows: DebugString: FoundDriverCount:8 
[2021.01.13-20.48.23:297][  0]LogD3D11RHI:     Adapter Name: AMD Radeon R9 260
[2021.01.13-20.48.23:297][  0]LogD3D11RHI:   Driver Version: Adrenalin 2020 20.4.2 (internal:26.20.15029.27017, unified:26.20.15029.27017)
[2021.01.13-20.48.23:297][  0]LogD3D11RHI:      Driver Date: 5-15-2020
[2021.01.13-20.48.23:297][  0]LogRHI: Texture pool is 1416 MB (70% of 2024 MB)
[2021.01.13-20.48.23:337][  0]LogD3D11RHI: Async texture creation enabled
[2021.01.13-20.48.23:339][  0]LogRendererCore: FGlobalReadBuffer::InitRHI
[2021.01.13-20.48.23:340][  0]LogRendererCore: FGlobalReadBuffer::InitRHI
[2021.01.13-20.48.23:340][  0]LogRendererCore: FGlobalReadBuffer::InitRHI
[2021.01.13-20.48.23:347][  0]LogD3D11RHI: GPU Timing Frequency: 27.000000 (Debug: 2 1)
[2021.01.13-20.48.23:594][  0]LogTemp: Display: Module 'AllDesktopTargetPlatform' loaded TargetPlatform 'AllDesktop'
[2021.01.13-20.48.23:607][  0]LogTemp: Display: Module 'MacClientTargetPlatform' loaded TargetPlatform 'MacClient'
[2021.01.13-20.48.23:620][  0]LogTemp: Display: Module 'MacNoEditorTargetPlatform' loaded TargetPlatform 'MacNoEditor'
[2021.01.13-20.48.23:633][  0]LogTemp: Display: Module 'MacServerTargetPlatform' loaded TargetPlatform 'MacServer'
[2021.01.13-20.48.23:646][  0]LogTemp: Display: Module 'MacTargetPlatform' loaded TargetPlatform 'Mac'
[2021.01.13-20.48.23:659][  0]LogTemp: Display: Module 'WindowsClientTargetPlatform' loaded TargetPlatform 'WindowsClient'
[2021.01.13-20.48.23:672][  0]LogTemp: Display: Module 'WindowsNoEditorTargetPlatform' loaded TargetPlatform 'WindowsNoEditor'
[2021.01.13-20.48.23:685][  0]LogTemp: Display: Module 'WindowsServerTargetPlatform' loaded TargetPlatform 'WindowsServer'
[2021.01.13-20.48.23:692][  0]LogTemp: Display: Module 'WindowsTargetPlatform' loaded TargetPlatform 'Windows'
[2021.01.13-20.48.23:765][  0]LogTemp: Display: Module 'AndroidTargetPlatform' loaded TargetPlatform 'Android'
[2021.01.13-20.48.23:765][  0]LogTemp: Display: Module 'AndroidTargetPlatform' loaded TargetPlatform 'Android_ASTC'
[2021.01.13-20.48.23:765][  0]LogTemp: Display: Module 'AndroidTargetPlatform' loaded TargetPlatform 'Android_ATC'
[2021.01.13-20.48.23:765][  0]LogTemp: Display: Module 'AndroidTargetPlatform' loaded TargetPlatform 'Android_DXT'
[2021.01.13-20.48.23:765][  0]LogTemp: Display: Module 'AndroidTargetPlatform' loaded TargetPlatform 'Android_ETC1'
[2021.01.13-20.48.23:765][  0]LogTemp: Display: Module 'AndroidTargetPlatform' loaded TargetPlatform 'Android_ETC1a'
[2021.01.13-20.48.23:765][  0]LogTemp: Display: Module 'AndroidTargetPlatform' loaded TargetPlatform 'Android_ETC2'
[2021.01.13-20.48.23:765][  0]LogTemp: Display: Module 'AndroidTargetPlatform' loaded TargetPlatform 'Android_PVRTC'
[2021.01.13-20.48.23:765][  0]LogTemp: Display: Module 'AndroidTargetPlatform' loaded TargetPlatform 'AndroidClient'
[2021.01.13-20.48.23:765][  0]LogTemp: Display: Module 'AndroidTargetPlatform' loaded TargetPlatform 'Android_ASTCClient'
[2021.01.13-20.48.23:765][  0]LogTemp: Display: Module 'AndroidTargetPlatform' loaded TargetPlatform 'Android_ATCClient'
[2021.01.13-20.48.23:765][  0]LogTemp: Display: Module 'AndroidTargetPlatform' loaded TargetPlatform 'Android_DXTClient'
[2021.01.13-20.48.23:765][  0]LogTemp: Display: Module 'AndroidTargetPlatform' loaded TargetPlatform 'Android_ETC1Client'
[2021.01.13-20.48.23:765][  0]LogTemp: Display: Module 'AndroidTargetPlatform' loaded TargetPlatform 'Android_ETC1aClient'
[2021.01.13-20.48.23:765][  0]LogTemp: Display: Module 'AndroidTargetPlatform' loaded TargetPlatform 'Android_ETC2Client'
[2021.01.13-20.48.23:765][  0]LogTemp: Display: Module 'AndroidTargetPlatform' loaded TargetPlatform 'Android_PVRTCClient'
[2021.01.13-20.48.23:765][  0]LogTemp: Display: Module 'AndroidTargetPlatform' loaded TargetPlatform 'Android_Multi'
[2021.01.13-20.48.23:765][  0]LogTemp: Display: Module 'AndroidTargetPlatform' loaded TargetPlatform 'Android_MultiClient'
[2021.01.13-20.48.23:768][  0]LogTemp: Display: Module 'HTML5TargetPlatform' loaded TargetPlatform 'HTML5'
[2021.01.13-20.48.23:816][  0]LogTemp: Display: Module 'IOSTargetPlatform' loaded TargetPlatform 'IOSClient'
[2021.01.13-20.48.23:816][  0]LogTemp: Display: Module 'IOSTargetPlatform' loaded TargetPlatform 'IOS'
[2021.01.13-20.48.23:837][  0]LogTemp: Display: Module 'TVOSTargetPlatform' loaded TargetPlatform 'TVOSClient'
[2021.01.13-20.48.23:838][  0]LogTemp: Display: Module 'TVOSTargetPlatform' loaded TargetPlatform 'TVOS'
[2021.01.13-20.48.23:849][  0]LogTemp: Display: Module 'LinuxClientTargetPlatform' loaded TargetPlatform 'LinuxClient'
[2021.01.13-20.48.23:860][  0]LogTemp: Display: Module 'LinuxNoEditorTargetPlatform' loaded TargetPlatform 'LinuxNoEditor'
[2021.01.13-20.48.23:872][  0]LogTemp: Display: Module 'LinuxServerTargetPlatform' loaded TargetPlatform 'LinuxServer'
[2021.01.13-20.48.23:884][  0]LogTemp: Display: Module 'LinuxTargetPlatform' loaded TargetPlatform 'Linux'
[2021.01.13-20.48.23:924][  0]LogTemp: Display: Module 'LuminTargetPlatform' loaded TargetPlatform 'Lumin'
[2021.01.13-20.48.23:924][  0]LogTemp: Display: Module 'LuminTargetPlatform' loaded TargetPlatform 'LuminClient'
[2021.01.13-20.48.23:924][  0]LogTargetPlatformManager: Display: Building Assets For Windows
[2021.01.13-20.48.23:937][  0]LogAudioDebug: Display: Lib vorbis DLL was dynamically loaded.
[2021.01.13-20.48.23:998][  0]LogShaderCompilers: Guid format shader working directory is -57 characters bigger than the processId version (../../../../../../Users/Mirza/Unreal-Learning-Demo/Unreal-Learning-Demo/Hameds Code/Section 3/MyProject/Intermediate/Shaders/WorkingDirectory/5268/).
[2021.01.13-20.48.23:998][  0]LogShaderCompilers: Cleaned the shader compiler working directory 'C:/Users/Mirza/AppData/Local/Temp/UnrealShaderWorkingDir/6415CCD445E58E914B039781054F78D2/'.
[2021.01.13-20.48.24:001][  0]LogXGEController: Cannot use XGE Controller as Incredibuild is not installed on this machine.
[2021.01.13-20.48.24:001][  0]LogShaderCompilers: Cannot use XGE Shader Compiler as Incredibuild is not installed on this machine.
[2021.01.13-20.48.24:001][  0]LogShaderCompilers: Display: Using Local Shader Compiler.
[2021.01.13-20.48.24:436][  0]LogDerivedDataCache: Display: Max Cache Size: 512 MB
[2021.01.13-20.48.24:475][  0]LogDerivedDataCache: Loaded boot cache 0.04s 71MB C:/Users/Mirza/AppData/Local/UnrealEngine/4.22/DerivedDataCache/Boot.ddc.
[2021.01.13-20.48.24:475][  0]LogDerivedDataCache: Display: Loaded Boot cache: C:/Users/Mirza/AppData/Local/UnrealEngine/4.22/DerivedDataCache/Boot.ddc
[2021.01.13-20.48.24:475][  0]LogDerivedDataCache: FDerivedDataBackendGraph:  Pak pak cache file ../../../../../../Users/Mirza/Unreal-Learning-Demo/Unreal-Learning-Demo/Hameds Code/Section 3/MyProject/DerivedDataCache/DDC.ddp not found, will not use a pak cache.
[2021.01.13-20.48.24:475][  0]LogDerivedDataCache: Unable to find inner node Pak for hierarchical cache Hierarchy.
[2021.01.13-20.48.24:475][  0]LogDerivedDataCache: FDerivedDataBackendGraph:  CompressedPak pak cache file ../../../../../../Users/Mirza/Unreal-Learning-Demo/Unreal-Learning-Demo/Hameds Code/Section 3/MyProject/DerivedDataCache/Compressed.ddp not found, will not use a pak cache.
[2021.01.13-20.48.24:475][  0]LogDerivedDataCache: Unable to find inner node CompressedPak for hierarchical cache Hierarchy.
[2021.01.13-20.48.24:486][  0]LogDerivedDataCache: Display: Pak cache opened for reading ../../../Engine/DerivedDataCache/Compressed.ddp.
[2021.01.13-20.48.24:486][  0]LogDerivedDataCache: FDerivedDataBackendGraph:  EnterprisePak pak cache file ../../../Enterprise/DerivedDataCache/Compressed.ddp not found, will not use a pak cache.
[2021.01.13-20.48.24:486][  0]LogDerivedDataCache: Unable to find inner node EnterprisePak for hierarchical cache Hierarchy.
[2021.01.13-20.48.24:498][  0]LogDerivedDataCache: Using Local data cache path C:/Users/Mirza/AppData/Local/UnrealEngine/Common/DerivedDataCache: Writable
[2021.01.13-20.48.24:498][  0]LogDerivedDataCache: Shared data cache path not found in *engine.ini, will not use an Shared cache.
[2021.01.13-20.48.24:498][  0]LogDerivedDataCache: Unable to find inner node Shared for hierarchical cache Hierarchy.
[2021.01.13-20.48.24:516][  0]LogMaterial: Verifying Global Shaders for PCD3D_SM5
[2021.01.13-20.48.24:517][  0]LogSlate: Using FreeType 2.6.0
[2021.01.13-20.48.24:518][  0]LogSlate: SlateFontServices - WITH_FREETYPE: 1, WITH_HARFBUZZ: 1
[2021.01.13-20.48.24:588][  0]LogAssetRegistry: FAssetRegistry took 0.0332 seconds to start up
[2021.01.13-20.48.24:876][  0]LogInit: Selected Device Profile: [Windows]
[2021.01.13-20.48.24:987][  0]LogMeshReduction: Using QuadricMeshReduction for automatic static mesh reduction
[2021.01.13-20.48.24:987][  0]LogMeshReduction: Using SimplygonMeshReduction for automatic skeletal mesh reduction
[2021.01.13-20.48.24:987][  0]LogMeshReduction: Using ProxyLODMeshReduction for automatic mesh merging
[2021.01.13-20.48.24:987][  0]LogMeshReduction: No distributed automatic mesh merging module available
[2021.01.13-20.48.24:987][  0]LogMeshMerging: No distributed automatic mesh merging module available
[2021.01.13-20.48.24:994][  0]LogNetVersion: MyProject 1.0.0, NetCL: 5660361, EngineNetVer: 10, GameNetVer: 0 (Checksum: 2788865488)
[2021.01.13-20.48.25:299][  0]LogPackageLocalizationCache: Processed 10 localized package path(s) for 1 prioritized culture(s) in 0.026462 seconds
[2021.01.13-20.48.25:306][  0]LogUObjectArray: 42205 objects as part of root set at end of initial load.
[2021.01.13-20.48.25:306][  0]LogUObjectAllocator: 7325032 out of 0 bytes used by permanent object pool.
[2021.01.13-20.48.25:306][  0]LogUObjectArray: CloseDisregardForGC: 0/0 objects in disregard for GC pool
[2021.01.13-20.48.25:983][  0]LogTcpMessaging: Initializing TcpMessaging bridge
[2021.01.13-20.48.25:998][  0]LogUdpMessaging: Initializing bridge on interface 0.0.0.0:0 to multicast group 230.0.0.1:6666.
[2021.01.13-20.48.26:118][  0]SourceControl: Source control is disabled
[2021.01.13-20.48.26:118][  0]SourceControl: Source control is disabled
[2021.01.13-20.48.26:120][  0]SourceControl: Source control is disabled
[2021.01.13-20.48.26:122][  0]SourceControl: Source control is disabled
[2021.01.13-20.48.26:226][  0]LogAndroidPermission: UAndroidPermissionCallbackProxy::GetInstance
[2021.01.13-20.48.26:328][  0]LogOcInput: OculusInput pre-init called
[2021.01.13-20.48.26:854][  0]LogEngine: Initializing Engine...
[2021.01.13-20.48.26:855][  0]LogHMD: Failed to initialize OpenVR with code 110
[2021.01.13-20.48.26:856][  0]LogStats: UGameplayTagsManager::InitializeManager -  0.000 s
[2021.01.13-20.48.27:008][  0]LogInit: Initializing FReadOnlyCVARCache
[2021.01.13-20.48.27:023][  0]LogAIModule: Creating AISystem for world Untitled
[2021.01.13-20.48.27:049][  0]LogInit: XAudio2 using 'Headphones (AKG N60NC Wireless Stereo)' : 2 channels at 44.1 kHz using 16 bits per sample (channel mask 0x3)
[2021.01.13-20.48.27:063][  0]LogInit: FAudioDevice initialized.
[2021.01.13-20.48.27:063][  0]LogNetVersion: Set ProjectVersion to 1.0.0.0. Version Checksum will be recalculated on next use.
[2021.01.13-20.48.27:137][  0]LogDerivedDataCache: Saved boot cache 0.07s 71MB C:/Users/Mirza/AppData/Local/UnrealEngine/4.22/DerivedDataCache/Boot.ddc.
[2021.01.13-20.48.27:143][  0]LogInit: Texture streaming: Enabled
[2021.01.13-20.48.27:162][  0]LogEngineSessionManager: EngineSessionManager initialized
[2021.01.13-20.48.27:180][  0]LogInit: Transaction tracking system initialized
[2021.01.13-20.48.27:206][  0]BlueprintLog: New page: Editor Load
[2021.01.13-20.48.27:297][  0]LocalizationService: Localization service is disabled
[2021.01.13-20.48.27:556][  0]LogFileCache: Scanning file cache for directory 'C:/Users/Mirza/Unreal-Learning-Demo/Unreal-Learning-Demo/Hameds Code/Section 3/MyProject/Content/' took 0.01s
[2021.01.13-20.48.27:556][  0]LogCook: Display: Max memory allowance for cook 16384mb min free memory 0mb
[2021.01.13-20.48.27:556][  0]LogCook: Display: Mobile HDR setting 1
[2021.01.13-20.48.27:728][  0]SourceControl: Source control is disabled
[2021.01.13-20.48.27:728][  0]LightingResults: New page: Lighting Build
[2021.01.13-20.48.27:731][  0]MapCheck: New page: Map Check
[2021.01.13-20.48.27:731][  0]LightingResults: New page: Lighting Build
[2021.01.13-20.48.27:756][  0]LogUObjectHash: Compacting FUObjectHashTables data took   1.48ms
[2021.01.13-20.48.27:865][  0]LogStaticMesh: Building static mesh Floor_400x400...
[2021.01.13-20.48.27:872][  0]LogStaticMesh: Built static mesh [0.01s] /Game/StarterContent/Architecture/Floor_400x400.Floor_400x400
[2021.01.13-20.48.27:905][  0]LogAIModule: Creating AISystem for world Minimal_Default
[2021.01.13-20.48.27:909][  0]LogEditorServer: Finished looking for orphan Actors (0.000 secs)
[2021.01.13-20.48.27:935][  0]LogUObjectHash: Compacting FUObjectHashTables data took   1.74ms
[2021.01.13-20.48.27:935][  0]Cmd: MAP CHECKDEP NOCLEARLOG
[2021.01.13-20.48.27:935][  0]MapCheck: Map check complete: 0 Error(s), 0 Warning(s), took 0.235ms to complete.
[2021.01.13-20.48.27:935][  0]LogFileHelpers: Loading map 'Minimal_Default' took 0.207
[2021.01.13-20.48.28:029][  0]LogSlate: Updating window title bar state: overlay mode, drag disabled, window buttons hidden, title bar hidden
[2021.01.13-20.48.28:034][  0]LogSlate: Updating window title bar state: overlay mode, drag disabled, window buttons hidden, title bar hidden
[2021.01.13-20.48.28:040][  0]LogSlate: Updating window title bar state: overlay mode, drag disabled, window buttons hidden, title bar hidden
[2021.01.13-20.48.28:045][  0]LogSlate: Updating window title bar state: overlay mode, drag disabled, window buttons hidden, title bar hidden
[2021.01.13-20.48.28:051][  0]LogCollectionManager: Loaded 0 collections in 0.001516 seconds
[2021.01.13-20.48.28:089][  0]LogFileCache: Scanning file cache for directory 'C:/Users/Mirza/Unreal-Learning-Demo/Unreal-Learning-Demo/Hameds Code/Section 3/MyProject/Saved/Collections/' took 0.01s
[2021.01.13-20.48.28:089][  0]LogFileCache: Scanning file cache for directory 'C:/Users/Mirza/Unreal-Learning-Demo/Unreal-Learning-Demo/Hameds Code/Section 3/MyProject/Content/Developers/Mirza/Collections/' took 0.01s
[2021.01.13-20.48.28:089][  0]LogFileCache: Scanning file cache for directory 'C:/Users/Mirza/Unreal-Learning-Demo/Unreal-Learning-Demo/Hameds Code/Section 3/MyProject/Content/Collections/' took 0.01s
[2021.01.13-20.48.28:089][  0]LogCollectionManager: Rebuilt the GUID cache for 0 collections in 0.000000 seconds
[2021.01.13-20.48.28:100][  0]LogContentBrowser: Native class hierarchy populated in 0.0107 seconds. Added 2733 classes and 661 folders.
[2021.01.13-20.48.28:105][  0]LogContentBrowser: Native class hierarchy updated for 'WidgetCarousel' in 0.0004 seconds. Added 0 classes and 0 folders.
[2021.01.13-20.48.28:107][  0]LogPakFile: Registered encryption key '00000000000000000000000000000000': 0 pak files mounted, 0 remain pending
[2021.01.13-20.48.28:107][  0]LogPakFile: Registered encryption key '00000000000000000000000000000000': 0 pak files mounted, 0 remain pending
[2021.01.13-20.48.28:107][  0]LogPakFile: Registered encryption key '00000000000000000000000000000000': 0 pak files mounted, 0 remain pending
[2021.01.13-20.48.28:108][  0]LogPakFile: Registered encryption key '00000000000000000000000000000000': 0 pak files mounted, 0 remain pending
[2021.01.13-20.48.28:108][  0]LogPakFile: Registered encryption key '00000000000000000000000000000000': 0 pak files mounted, 0 remain pending
[2021.01.13-20.48.28:108][  0]LogPakFile: Registered encryption key '00000000000000000000000000000000': 0 pak files mounted, 0 remain pending
[2021.01.13-20.48.28:109][  0]LogPakFile: Registered encryption key '00000000000000000000000000000000': 0 pak files mounted, 0 remain pending
[2021.01.13-20.48.28:109][  0]LogPakFile: Registered encryption key '00000000000000000000000000000000': 0 pak files mounted, 0 remain pending
[2021.01.13-20.48.28:109][  0]LogPakFile: Registered encryption key '00000000000000000000000000000000': 0 pak files mounted, 0 remain pending
[2021.01.13-20.48.28:110][  0]LogPakFile: Registered encryption key '00000000000000000000000000000000': 0 pak files mounted, 0 remain pending
[2021.01.13-20.48.28:110][  0]LogPakFile: Registered encryption key '00000000000000000000000000000000': 0 pak files mounted, 0 remain pending
[2021.01.13-20.48.28:110][  0]LogPakFile: Registered encryption key '00000000000000000000000000000000': 0 pak files mounted, 0 remain pending
[2021.01.13-20.48.28:111][  0]LogPakFile: Registered encryption key '00000000000000000000000000000000': 0 pak files mounted, 0 remain pending
[2021.01.13-20.48.28:111][  0]LogPakFile: Registered encryption key '00000000000000000000000000000000': 0 pak files mounted, 0 remain pending
[2021.01.13-20.48.28:112][  0]LogPakFile: Registered encryption key '00000000000000000000000000000000': 0 pak files mounted, 0 remain pending
[2021.01.13-20.48.28:112][  0]LogPakFile: Registered encryption key '00000000000000000000000000000000': 0 pak files mounted, 0 remain pending
[2021.01.13-20.48.28:112][  0]LogPakFile: Registered encryption key '00000000000000000000000000000000': 0 pak files mounted, 0 remain pending
[2021.01.13-20.48.28:113][  0]LogPakFile: Registered encryption key '00000000000000000000000000000000': 0 pak files mounted, 0 remain pending
[2021.01.13-20.48.28:113][  0]LogPakFile: Registered encryption key '00000000000000000000000000000000': 0 pak files mounted, 0 remain pending
[2021.01.13-20.48.28:113][  0]LogPakFile: Registered encryption key '00000000000000000000000000000000': 0 pak files mounted, 0 remain pending
[2021.01.13-20.48.28:114][  0]LogPakFile: Registered encryption key '00000000000000000000000000000000': 0 pak files mounted, 0 remain pending
[2021.01.13-20.48.28:114][  0]LogPakFile: Registered encryption key '00000000000000000000000000000000': 0 pak files mounted, 0 remain pending
[2021.01.13-20.48.28:114][  0]LogPakFile: Registered encryption key '00000000000000000000000000000000': 0 pak files mounted, 0 remain pending
[2021.01.13-20.48.28:115][  0]LogPakFile: Registered encryption key '00000000000000000000000000000000': 0 pak files mounted, 0 remain pending
[2021.01.13-20.48.28:115][  0]LogPakFile: Registered encryption key '00000000000000000000000000000000': 0 pak files mounted, 0 remain pending
[2021.01.13-20.48.28:115][  0]LogPakFile: Registered encryption key '00000000000000000000000000000000': 0 pak files mounted, 0 remain pending
[2021.01.13-20.48.28:137][  0]LogContentBrowser: Native class hierarchy updated for 'AddContentDialog' in 0.0004 seconds. Added 0 classes and 0 folders.
[2021.01.13-20.48.28:144][  0]LogContentBrowser: Native class hierarchy updated for 'SceneOutliner' in 0.0004 seconds. Added 1 classes and 2 folders.
[2021.01.13-20.48.28:146][  0]LogConsoleManager: Warning: Console object named 'ActorComponents.Enable' already exists but is being registered again, but we weren't expected it to be! (FConsoleManager::AddConsoleObject)
[2021.01.13-20.48.28:177][  0]LogSlate: Took 0.000127 seconds to synchronously load lazily loaded font '../../../Engine/Content/Slate/Fonts/Roboto-Regular.ttf' (155K)
[2021.01.13-20.48.28:500][  0]LogSlate: Took 0.000134 seconds to synchronously load lazily loaded font '../../../Engine/Content/Slate/Fonts/Roboto-Bold.ttf' (160K)
[2021.01.13-20.48.28:503][  0]LogSlate: Took 0.000104 seconds to synchronously load lazily loaded font '../../../Engine/Content/Editor/Slate/Fonts/FontAwesome.ttf' (139K)
[2021.01.13-20.48.28:549][  0]LogRenderer: Reallocating scene render targets to support 1208x572 Format 10 NumSamples 1 (Frame:1).
[2021.01.13-20.48.28:663][  0]LogContentBrowser: Native class hierarchy updated for 'HierarchicalLODOutliner' in 0.0005 seconds. Added 0 classes and 0 folders.
[2021.01.13-20.48.28:664][  0]LogLoad: (Engine Initialization) Total time: 8.09 seconds
[2021.01.13-20.48.28:664][  0]LogLoad: (Engine Initialization) Total Blueprint compile time: 0.00 seconds
[2021.01.13-20.48.28:692][  0]LogAssetRegistry: Asset discovery search completed in 4.1274 seconds
[2021.01.13-20.48.28:694][  0]LogCollectionManager: Rebuilt the object cache for 0 collections in 0.000000 seconds (found 0 objects)
[2021.01.13-20.48.28:694][  0]LogCollectionManager: Fixed up redirectors for 0 collections in 0.000024 seconds (updated 0 objects)
[2021.01.13-20.48.28:695][  0]LogContentStreaming: Texture pool size now 1000 MB
[2021.01.13-20.48.28:710][  0]LogSlate: Took 0.000112 seconds to synchronously load lazily loaded font '../../../Engine/Content/Slate/Fonts/Roboto-Light.ttf' (167K)
[2021.01.13-20.48.36:382][754]LogSlate: FSceneViewport::OnFocusLost() reason 0
[2021.01.13-20.48.36:508][769]LogSlate: Window 'Editor Preferences' being destroyed
[2021.01.13-20.48.36:511][769]LogSlate: Window 'Editor Preferences' being destroyed
[2021.01.13-20.48.52:928][681]LogSlate: FSceneViewport::OnFocusLost() reason 0
[2021.01.13-20.49.07:068][273]LogSlate: Took 0.001010 seconds to synchronously load lazily loaded font '../../../Engine/Content/Slate/Fonts/Roboto-Italic.ttf' (157K)
[2021.01.13-20.49.09:705][544]LogSlate: FSceneViewport::OnFocusLost() reason 2
[2021.01.13-20.49.14:471][ 97]LogEditorViewport: Clicking on Actor (LMB): BP_Sky_Sphere_C (BP_Sky_Sphere)
[2021.01.13-20.49.14:698][119]Cmd: DELETE
[2021.01.13-20.49.14:698][119]Cmd: ACTOR DELETE
[2021.01.13-20.49.14:710][119]LogEditorActor: Deleted Actor: BP_Sky_Sphere_C
[2021.01.13-20.49.14:734][119]LogUObjectHash: Compacting FUObjectHashTables data took   1.20ms
[2021.01.13-20.49.14:735][119]LogEditorActor: Deleted 1 Actors (0.030 secs)
[2021.01.13-20.49.17:450][437]Cmd: TRANSACTION UNDO
[2021.01.13-20.49.17:451][437]LogEditorTransaction: Undo Delete Actors
[2021.01.13-20.49.17:463][437]LogSlate: Took 0.000213 seconds to synchronously load lazily loaded font '../../../Engine/Content/Slate/Fonts/Roboto-Light.ttf' (167K)
[2021.01.13-20.49.18:555][536]LogEditorViewport: Clicking on Actor (LMB): BP_Sky_Sphere_C (BP_Sky_Sphere)
[2021.01.13-20.49.19:096][582]LogEditorViewport: Clicking on Actor (LMB): BP_Sky_Sphere_C (BP_Sky_Sphere)
[2021.01.13-20.49.20:341][690]Cmd: TRANSACTION UNDO
[2021.01.13-20.49.20:341][690]LogEditorTransaction: Undo Clicking on Actors
[2021.01.13-20.49.21:028][750]Cmd: TRANSACTION UNDO
[2021.01.13-20.49.21:028][750]LogEditorTransaction: Undo Clicking on Actors
[2021.01.13-20.49.21:561][797]Cmd: TRANSACTION UNDO
[2021.01.13-20.49.21:561][797]LogEditorTransaction: Undo Clicking on Actors
[2021.01.13-20.49.22:459][878]Cmd: TRANSACTION UNDO
[2021.01.13-20.49.22:459][878]LogEditorTransaction: Undo Create Actors
[2021.01.13-20.49.23:995][ 28]LogEditorViewport: Clicking on Actor (LMB): StaticMeshActor (Chair)
[2021.01.13-20.49.34:874][225]LogEditorViewport: Clicking on Actor (LMB): StaticMeshActor (Table)
[2021.01.13-20.49.35:369][277]LogEditorViewport: Clicking on Actor (LMB): StaticMeshActor (Statue)
[2021.01.13-20.49.41:646][988]LogEditorViewport: Clicking on Actor (LMB): StaticMeshActor (Table)
[2021.01.13-20.49.43:391][110]LogSlate: FSceneViewport::OnFocusLost() reason 2
[2021.01.13-20.49.45:600][217]LogSlate: FSceneViewport::OnFocusLost() reason 0
[2021.01.13-20.49.49:376][442]LogEditorViewport: Clicking on Actor (LMB): StaticMeshActor (Floor)
[2021.01.13-20.49.49:853][489]LogEditorViewport: Clicking on Actor (LMB): StaticMeshActor (Chair)
[2021.01.13-20.49.51:203][579]LogSlate: FSceneViewport::OnFocusLost() reason 2
[2021.01.13-20.49.53:836][744]LogSlate: FSceneViewport::OnFocusLost() reason 2
[2021.01.13-20.49.55:676][840]LogSlate: FSceneViewport::OnFocusLost() reason 2
[2021.01.13-20.50.03:773][290]LogEditorViewport: Clicking on Actor (LMB): StaticMeshActor (Chair)
[2021.01.13-20.50.04:944][422]LogEditorViewport: Clicking on Actor (LMB): StaticMeshActor (Chair)
[2021.01.13-20.50.06:792][543]LogSlate: FSceneViewport::OnFocusLost() reason 2
[2021.01.13-20.50.11:314][785]LogEditorViewport: Clicking on Actor (LMB): StaticMeshActor (Floor)
[2021.01.13-20.50.12:091][868]LogEditorViewport: Clicking on Actor (LMB): BP_Sky_Sphere_C (BP_Sky_Sphere)
[2021.01.13-20.50.16:388][314]LogEditorViewport: Clicking on Actor (LMB): StaticMeshActor (Statue)
[2021.01.13-20.50.19:494][467]LogSlate: FSceneViewport::OnFocusLost() reason 0
[2021.01.13-20.50.25:973][828]LogEditorViewport: Clicking on Actor (LMB): StaticMeshActor (Table)
[2021.01.13-20.50.27:506][  0]LogEditorViewport: Clicking on Actor (LMB): StaticMeshActor (Chair)
[2021.01.13-20.50.27:956][ 48]LogEditorViewport: Clicking on Actor (LMB): StaticMeshActor (Chair)
[2021.01.13-20.50.28:457][102]LogEditorViewport: Clicking on Actor (LMB): StaticMeshActor (Chair)
[2021.01.13-20.50.33:469][628]LogSlate: FSceneViewport::OnFocusLost() reason 0
[2021.01.13-20.52.00:037][807]Running C:/Program Files/Epic Games/UE_4.22/Engine/Binaries/DotNET/UnrealBuildTool.exe  -projectfiles -project="C:/Users/Mirza/Unreal-Learning-Demo/Unreal-Learning-Demo/Hameds Code/Section 3/MyProject/MyProject.uproject" -game -rocket -progress
[2021.01.13-20.52.00:346][807]Discovering modules, targets and source code for project...
[2021.01.13-20.52.01:753][807]Binding IntelliSense data...
[2021.01.13-20.52.02:960][807]Binding IntelliSense data... 100%
[2021.01.13-20.52.02:960][807]Writing project files...
[2021.01.13-20.52.03:064][807]Writing project files... 100%
